2017-12-04 23:15:43,941: state.pubsub.pub.0001: agent_0.scheduling.0            : MainThread     : INFO    : python.interpreter   version: 2.7.11 (default, Sep 7 2016, 20:43:03) [GCC 4.9.3 20150626 (Cray Inc.)]
2017-12-04 23:15:43,947: state.pubsub.pub.0001: agent_0.scheduling.0            : MainThread     : INFO    :                      pid: 17207
2017-12-04 23:15:43,947: state.pubsub.pub.0001: agent_0.scheduling.0            : MainThread     : INFO    :                      tid: MainThread
2017-12-04 23:15:43,948: state.pubsub.pub.0001: agent_0.scheduling.0            : MainThread     : INFO    : radical.pilot        version: 0.47-v0.46.2-183-g2c92e513@rc-v0.46.3
2017-12-04 23:15:43,948: state.pubsub.pub.0001: agent_0.scheduling.0            : MainThread     : INFO    : create state_pubsub - pub - tcp://10.128.100.25:47678
2017-12-04 23:15:43,948: state.pubsub.pub.0001: agent_0.scheduling.0            : MainThread     : DEBUG   : start process
2017-12-04 23:15:43,948: state.pubsub.pub.0001: agent_0.scheduling.0            : MainThread     : DEBUG   : ru_initialize_common (NOOP)
2017-12-04 23:15:43,949: state.pubsub.pub.0001: agent_0.scheduling.0            : MainThread     : DEBUG   : ru_initialize_parent (NOOP)
2017-12-04 23:15:43,949: state.pubsub.pub.0001: agent_0.scheduling.0            : MainThread     : DEBUG   : process class started (no child)
2017-12-04 23:15:44,082: state.pubsub.pub.0001: MainProcess                     : MainThread     : INFO    : python.interpreter   version: 2.7.11 (default, Sep 7 2016, 20:43:03) [GCC 4.9.3 20150626 (Cray Inc.)]
2017-12-04 23:15:44,089: state.pubsub.pub.0001: MainProcess                     : MainThread     : INFO    :                      pid: 17082
2017-12-04 23:15:44,089: state.pubsub.pub.0001: MainProcess                     : MainThread     : INFO    :                      tid: MainThread
2017-12-04 23:15:44,090: state.pubsub.pub.0001: MainProcess                     : MainThread     : INFO    : radical.pilot        version: 0.47-v0.46.2-183-g2c92e513@rc-v0.46.3
2017-12-04 23:15:44,090: state.pubsub.pub.0001: MainProcess                     : MainThread     : INFO    : create state_pubsub - pub - tcp://10.128.100.25:47678
2017-12-04 23:15:44,090: state.pubsub.pub.0001: MainProcess                     : MainThread     : DEBUG   : start process
2017-12-04 23:15:44,091: state.pubsub.pub.0001: MainProcess                     : MainThread     : DEBUG   : ru_initialize_common (NOOP)
2017-12-04 23:15:44,091: state.pubsub.pub.0001: MainProcess                     : MainThread     : DEBUG   : ru_initialize_parent (NOOP)
2017-12-04 23:15:44,091: state.pubsub.pub.0001: MainProcess                     : MainThread     : DEBUG   : process class started (no child)
2017-12-04 23:58:20,157: state.pubsub.pub.0001: agent_0.scheduling.0            : agent_0.scheduling.0.child.subscriber._cancel_monitor_cb: INFO    : parent stops child  17207 -> None [state.pubsub.pub.0001]
2017-12-04 23:58:20,157: state.pubsub.pub.0001: agent_0.scheduling.0            : agent_0.scheduling.0.child.subscriber._cancel_monitor_cb: DEBUG   : ru_finalize_parent (NOOP)
