2017-12-05 06:12:42,481: control.pubsub.sub.0000: update.0                        : MainThread     : INFO    : python.interpreter   version: 2.7.12 (default, Nov 19 2016, 06:48:10) [GCC 5.4.0 20160609]
2017-12-05 06:12:42,482: control.pubsub.sub.0000: update.0                        : MainThread     : INFO    :                      pid: 24081
2017-12-05 06:12:42,482: control.pubsub.sub.0000: update.0                        : MainThread     : INFO    :                      tid: MainThread
2017-12-05 06:12:42,482: control.pubsub.sub.0000: update.0                        : MainThread     : INFO    : radical.pilot        version: 0.47-v0.46.2-183-g2c92e513@rc-v0.46.3
2017-12-05 06:12:42,482: control.pubsub.sub.0000: update.0                        : MainThread     : INFO    : create control_pubsub - sub - tcp://138.201.86.166:42592
2017-12-05 06:12:42,483: control.pubsub.sub.0000: update.0                        : MainThread     : DEBUG   : start process
2017-12-05 06:12:42,483: control.pubsub.sub.0000: update.0                        : MainThread     : DEBUG   : ru_initialize_common (NOOP)
2017-12-05 06:12:42,483: control.pubsub.sub.0000: update.0                        : MainThread     : DEBUG   : ru_initialize_parent (NOOP)
2017-12-05 06:12:42,483: control.pubsub.sub.0000: update.0                        : MainThread     : DEBUG   : process class started (no child)
2017-12-05 06:12:43,213: control.pubsub.sub.0000: pmgr.0000.launching.0           : MainThread     : INFO    : python.interpreter   version: 2.7.12 (default, Nov 19 2016, 06:48:10) [GCC 5.4.0 20160609]
2017-12-05 06:12:43,213: control.pubsub.sub.0000: pmgr.0000.launching.0           : MainThread     : INFO    :                      pid: 24135
2017-12-05 06:12:43,213: control.pubsub.sub.0000: pmgr.0000.launching.0           : MainThread     : INFO    :                      tid: MainThread
2017-12-05 06:12:43,213: control.pubsub.sub.0000: pmgr.0000.launching.0           : MainThread     : INFO    : radical.pilot        version: 0.47-v0.46.2-183-g2c92e513@rc-v0.46.3
2017-12-05 06:12:43,213: control.pubsub.sub.0000: pmgr.0000.launching.0           : MainThread     : INFO    : create control_pubsub - sub - tcp://138.201.86.166:42592
2017-12-05 06:12:43,227: control.pubsub.sub.0000: pmgr.0000.launching.0           : MainThread     : DEBUG   : start process
2017-12-05 06:12:43,227: control.pubsub.sub.0000: pmgr.0000.launching.0           : MainThread     : DEBUG   : ru_initialize_common (NOOP)
2017-12-05 06:12:43,227: control.pubsub.sub.0000: pmgr.0000.launching.0           : MainThread     : DEBUG   : ru_initialize_parent (NOOP)
2017-12-05 06:12:43,227: control.pubsub.sub.0000: pmgr.0000.launching.0           : MainThread     : DEBUG   : process class started (no child)
2017-12-05 06:16:06,163: control.pubsub.sub.0000: umgr.0000.staging.input.0       : MainThread     : INFO    : python.interpreter   version: 2.7.12 (default, Nov 19 2016, 06:48:10) [GCC 5.4.0 20160609]
2017-12-05 06:16:06,163: control.pubsub.sub.0000: umgr.0000.staging.input.0       : MainThread     : INFO    :                      pid: 32349
2017-12-05 06:16:06,163: control.pubsub.sub.0000: umgr.0000.staging.input.0       : MainThread     : INFO    :                      tid: MainThread
2017-12-05 06:16:06,163: control.pubsub.sub.0000: umgr.0000.staging.input.0       : MainThread     : INFO    : radical.pilot        version: 0.47-v0.46.2-183-g2c92e513@rc-v0.46.3
2017-12-05 06:16:06,164: control.pubsub.sub.0000: umgr.0000.staging.input.0       : MainThread     : INFO    : create control_pubsub - sub - tcp://138.201.86.166:42592
2017-12-05 06:16:06,164: control.pubsub.sub.0000: umgr.0000.staging.input.0       : MainThread     : DEBUG   : start process
2017-12-05 06:16:06,164: control.pubsub.sub.0000: umgr.0000.staging.input.0       : MainThread     : DEBUG   : ru_initialize_common (NOOP)
2017-12-05 06:16:06,164: control.pubsub.sub.0000: umgr.0000.staging.input.0       : MainThread     : DEBUG   : ru_initialize_parent (NOOP)
2017-12-05 06:16:06,164: control.pubsub.sub.0000: umgr.0000.staging.input.0       : MainThread     : DEBUG   : process class started (no child)
2017-12-05 06:16:06,271: control.pubsub.sub.0000: umgr.0000.staging.output.0      : MainThread     : INFO    : python.interpreter   version: 2.7.12 (default, Nov 19 2016, 06:48:10) [GCC 5.4.0 20160609]
2017-12-05 06:16:06,271: control.pubsub.sub.0000: umgr.0000.staging.output.0      : MainThread     : INFO    :                      pid: 32372
2017-12-05 06:16:06,271: control.pubsub.sub.0000: umgr.0000.staging.output.0      : MainThread     : INFO    :                      tid: MainThread
2017-12-05 06:16:06,271: control.pubsub.sub.0000: umgr.0000.staging.output.0      : MainThread     : INFO    : radical.pilot        version: 0.47-v0.46.2-183-g2c92e513@rc-v0.46.3
2017-12-05 06:16:06,271: control.pubsub.sub.0000: umgr.0000.staging.output.0      : MainThread     : INFO    : create control_pubsub - sub - tcp://138.201.86.166:42592
2017-12-05 06:16:06,271: control.pubsub.sub.0000: umgr.0000.staging.output.0      : MainThread     : DEBUG   : start process
2017-12-05 06:16:06,271: control.pubsub.sub.0000: umgr.0000.staging.output.0      : MainThread     : DEBUG   : ru_initialize_common (NOOP)
2017-12-05 06:16:06,271: control.pubsub.sub.0000: umgr.0000.staging.output.0      : MainThread     : DEBUG   : ru_initialize_parent (NOOP)
2017-12-05 06:16:06,271: control.pubsub.sub.0000: umgr.0000.staging.output.0      : MainThread     : DEBUG   : process class started (no child)
2017-12-05 06:16:06,369: control.pubsub.sub.0000: umgr.0000.scheduling.0          : MainThread     : INFO    : python.interpreter   version: 2.7.12 (default, Nov 19 2016, 06:48:10) [GCC 5.4.0 20160609]
2017-12-05 06:16:06,370: control.pubsub.sub.0000: umgr.0000.scheduling.0          : MainThread     : INFO    :                      pid: 32538
2017-12-05 06:16:06,370: control.pubsub.sub.0000: umgr.0000.scheduling.0          : MainThread     : INFO    :                      tid: MainThread
2017-12-05 06:16:06,370: control.pubsub.sub.0000: umgr.0000.scheduling.0          : MainThread     : INFO    : radical.pilot        version: 0.47-v0.46.2-183-g2c92e513@rc-v0.46.3
2017-12-05 06:16:06,370: control.pubsub.sub.0000: umgr.0000.scheduling.0          : MainThread     : INFO    : create control_pubsub - sub - tcp://138.201.86.166:42592
2017-12-05 06:16:06,370: control.pubsub.sub.0000: umgr.0000.scheduling.0          : MainThread     : DEBUG   : start process
2017-12-05 06:16:06,370: control.pubsub.sub.0000: umgr.0000.scheduling.0          : MainThread     : DEBUG   : ru_initialize_common (NOOP)
2017-12-05 06:16:06,370: control.pubsub.sub.0000: umgr.0000.scheduling.0          : MainThread     : DEBUG   : ru_initialize_parent (NOOP)
2017-12-05 06:16:06,370: control.pubsub.sub.0000: umgr.0000.scheduling.0          : MainThread     : DEBUG   : process class started (no child)
2017-12-05 06:58:15,301: control.pubsub.sub.0000: umgr.0000.staging.output.0      : MainThread     : INFO    : parent stops child  32372 -> None [control.pubsub.sub.0000]
2017-12-05 06:58:15,301: control.pubsub.sub.0000: umgr.0000.staging.output.0      : MainThread     : DEBUG   : ru_finalize_parent (NOOP)
2017-12-05 06:58:15,343: control.pubsub.sub.0000: umgr.0000.scheduling.0          : MainThread     : INFO    : parent stops child  32538 -> None [control.pubsub.sub.0000]
2017-12-05 06:58:15,344: control.pubsub.sub.0000: umgr.0000.scheduling.0          : MainThread     : DEBUG   : ru_finalize_parent (NOOP)
2017-12-05 06:58:15,451: control.pubsub.sub.0000: umgr.0000.staging.input.0       : MainThread     : INFO    : parent stops child  32349 -> None [control.pubsub.sub.0000]
2017-12-05 06:58:15,452: control.pubsub.sub.0000: umgr.0000.staging.input.0       : MainThread     : DEBUG   : ru_finalize_parent (NOOP)
2017-12-05 06:58:35,890: control.pubsub.sub.0000: update.0                        : MainThread     : INFO    : parent stops child  24081 -> None [control.pubsub.sub.0000]
2017-12-05 06:58:35,890: control.pubsub.sub.0000: update.0                        : MainThread     : DEBUG   : ru_finalize_parent (NOOP)
