2017-12-05 06:16:06,144: control.pubsub.pub.0003: umgr.0000.staging.input.0       : MainThread     : INFO    : python.interpreter   version: 2.7.12 (default, Nov 19 2016, 06:48:10) [GCC 5.4.0 20160609]
2017-12-05 06:16:06,144: control.pubsub.pub.0003: umgr.0000.staging.input.0       : MainThread     : INFO    :                      pid: 32349
2017-12-05 06:16:06,144: control.pubsub.pub.0003: umgr.0000.staging.input.0       : MainThread     : INFO    :                      tid: MainThread
2017-12-05 06:16:06,144: control.pubsub.pub.0003: umgr.0000.staging.input.0       : MainThread     : INFO    : radical.pilot        version: 0.47-v0.46.2-183-g2c92e513@rc-v0.46.3
2017-12-05 06:16:06,144: control.pubsub.pub.0003: umgr.0000.staging.input.0       : MainThread     : INFO    : create control_pubsub - pub - tcp://138.201.86.166:34723
2017-12-05 06:16:06,162: control.pubsub.pub.0003: umgr.0000.staging.input.0       : MainThread     : DEBUG   : start process
2017-12-05 06:16:06,162: control.pubsub.pub.0003: umgr.0000.staging.input.0       : MainThread     : DEBUG   : ru_initialize_common (NOOP)
2017-12-05 06:16:06,162: control.pubsub.pub.0003: umgr.0000.staging.input.0       : MainThread     : DEBUG   : ru_initialize_parent (NOOP)
2017-12-05 06:16:06,162: control.pubsub.pub.0003: umgr.0000.staging.input.0       : MainThread     : DEBUG   : process class started (no child)
2017-12-05 06:16:06,179: control.pubsub.pub.0003: task-manager                    : MainThread     : INFO    : python.interpreter   version: 2.7.12 (default, Nov 19 2016, 06:48:10) [GCC 5.4.0 20160609]
2017-12-05 06:16:06,179: control.pubsub.pub.0003: task-manager                    : MainThread     : INFO    :                      pid: 32162
2017-12-05 06:16:06,179: control.pubsub.pub.0003: task-manager                    : MainThread     : INFO    :                      tid: MainThread
2017-12-05 06:16:06,180: control.pubsub.pub.0003: task-manager                    : MainThread     : INFO    : radical.pilot        version: 0.47-v0.46.2-183-g2c92e513@rc-v0.46.3
2017-12-05 06:16:06,180: control.pubsub.pub.0003: task-manager                    : MainThread     : INFO    : create control_pubsub - pub - tcp://138.201.86.166:34723
2017-12-05 06:16:06,181: control.pubsub.pub.0003: task-manager                    : MainThread     : DEBUG   : start process
2017-12-05 06:16:06,181: control.pubsub.pub.0003: task-manager                    : MainThread     : DEBUG   : ru_initialize_common (NOOP)
2017-12-05 06:16:06,181: control.pubsub.pub.0003: task-manager                    : MainThread     : DEBUG   : ru_initialize_parent (NOOP)
2017-12-05 06:16:06,182: control.pubsub.pub.0003: task-manager                    : MainThread     : DEBUG   : process class started (no child)
2017-12-05 06:58:15,213: control.pubsub.pub.0003: umgr.0000.staging.input.0       : MainThread     : INFO    : parent stops child  32349 -> None [control.pubsub.pub.0003]
2017-12-05 06:58:15,213: control.pubsub.pub.0003: umgr.0000.staging.input.0       : MainThread     : DEBUG   : ru_finalize_parent (NOOP)
