2017-12-05 06:16:06,267: log.pubsub.pub.0004 : umgr.0000.staging.output.0      : MainThread     : INFO    : python.interpreter   version: 2.7.12 (default, Nov 19 2016, 06:48:10) [GCC 5.4.0 20160609]
2017-12-05 06:16:06,267: log.pubsub.pub.0004 : umgr.0000.staging.output.0      : MainThread     : INFO    :                      pid: 32372
2017-12-05 06:16:06,267: log.pubsub.pub.0004 : umgr.0000.staging.output.0      : MainThread     : INFO    :                      tid: MainThread
2017-12-05 06:16:06,267: log.pubsub.pub.0004 : umgr.0000.staging.output.0      : MainThread     : INFO    : radical.pilot        version: 0.47-v0.46.2-183-g2c92e513@rc-v0.46.3
2017-12-05 06:16:06,267: log.pubsub.pub.0004 : umgr.0000.staging.output.0      : MainThread     : INFO    : create log_pubsub - pub - tcp://138.201.86.166:35793
2017-12-05 06:16:06,268: log.pubsub.pub.0004 : umgr.0000.staging.output.0      : MainThread     : DEBUG   : start process
2017-12-05 06:16:06,268: log.pubsub.pub.0004 : umgr.0000.staging.output.0      : MainThread     : DEBUG   : ru_initialize_common (NOOP)
2017-12-05 06:16:06,268: log.pubsub.pub.0004 : umgr.0000.staging.output.0      : MainThread     : DEBUG   : ru_initialize_parent (NOOP)
2017-12-05 06:16:06,268: log.pubsub.pub.0004 : umgr.0000.staging.output.0      : MainThread     : DEBUG   : process class started (no child)
2017-12-05 06:16:06,278: log.pubsub.pub.0004 : task-manager                    : MainThread     : INFO    : python.interpreter   version: 2.7.12 (default, Nov 19 2016, 06:48:10) [GCC 5.4.0 20160609]
2017-12-05 06:16:06,279: log.pubsub.pub.0004 : task-manager                    : MainThread     : INFO    :                      pid: 32162
2017-12-05 06:16:06,279: log.pubsub.pub.0004 : task-manager                    : MainThread     : INFO    :                      tid: MainThread
2017-12-05 06:16:06,279: log.pubsub.pub.0004 : task-manager                    : MainThread     : INFO    : radical.pilot        version: 0.47-v0.46.2-183-g2c92e513@rc-v0.46.3
2017-12-05 06:16:06,279: log.pubsub.pub.0004 : task-manager                    : MainThread     : INFO    : create log_pubsub - pub - tcp://138.201.86.166:35793
2017-12-05 06:16:06,279: log.pubsub.pub.0004 : task-manager                    : MainThread     : DEBUG   : start process
2017-12-05 06:16:06,279: log.pubsub.pub.0004 : task-manager                    : MainThread     : DEBUG   : ru_initialize_common (NOOP)
2017-12-05 06:16:06,279: log.pubsub.pub.0004 : task-manager                    : MainThread     : DEBUG   : ru_initialize_parent (NOOP)
2017-12-05 06:16:06,279: log.pubsub.pub.0004 : task-manager                    : MainThread     : DEBUG   : process class started (no child)
2017-12-05 06:58:15,192: log.pubsub.pub.0004 : umgr.0000.staging.output.0      : MainThread     : INFO    : parent stops child  32372 -> None [log.pubsub.pub.0004]
2017-12-05 06:58:15,192: log.pubsub.pub.0004 : umgr.0000.staging.output.0      : MainThread     : DEBUG   : ru_finalize_parent (NOOP)
