2017-12-05 06:12:41,029: rp.session.two.jdakka.017505.0013: MainProcess                     : MainThread     : INFO    : python.interpreter   version: 2.7.12 (default, Nov 19 2016, 06:48:10) [GCC 5.4.0 20160609]
2017-12-05 06:12:41,029: rp.session.two.jdakka.017505.0013: MainProcess                     : MainThread     : INFO    :                      pid: 23966
2017-12-05 06:12:41,029: rp.session.two.jdakka.017505.0013: MainProcess                     : MainThread     : INFO    :                      tid: MainThread
2017-12-05 06:12:41,029: rp.session.two.jdakka.017505.0013: MainProcess                     : MainThread     : INFO    : radical.pilot        version: 0.47-v0.46.2-183-g2c92e513@rc-v0.46.3
2017-12-05 06:12:41,029: rp.session.two.jdakka.017505.0013: MainProcess                     : MainThread     : INFO    : using database mongodb://jdakka:mongo@ds231715.mlab.com:31715/new_htbac
2017-12-05 06:12:41,041: rp.session.two.jdakka.017505.0013: MainProcess                     : MainThread     : INFO    : Load resource configurations from /home/jdakka/UCL/rc_stack/venv/local/lib/python2.7/site-packages/radical/pilot/configs/resource_fub.json
2017-12-05 06:12:41,042: rp.session.two.jdakka.017505.0013: MainProcess                     : MainThread     : INFO    : Load resource configurations for fub.allegro_rsh
2017-12-05 06:12:41,042: rp.session.two.jdakka.017505.0013: MainProcess                     : MainThread     : INFO    : Load resource configurations from /home/jdakka/UCL/rc_stack/venv/local/lib/python2.7/site-packages/radical/pilot/configs/resource_yale.json
2017-12-05 06:12:41,043: rp.session.two.jdakka.017505.0013: MainProcess                     : MainThread     : INFO    : Load resource configurations for yale.grace_ssh
2017-12-05 06:12:41,043: rp.session.two.jdakka.017505.0013: MainProcess                     : MainThread     : INFO    : Load resource configurations from /home/jdakka/UCL/rc_stack/venv/local/lib/python2.7/site-packages/radical/pilot/configs/resource_stfc.json
2017-12-05 06:12:41,044: rp.session.two.jdakka.017505.0013: MainProcess                     : MainThread     : INFO    : Load resource configurations for stfc.joule_runjob
2017-12-05 06:12:41,044: rp.session.two.jdakka.017505.0013: MainProcess                     : MainThread     : INFO    : Load resource configurations from /home/jdakka/UCL/rc_stack/venv/local/lib/python2.7/site-packages/radical/pilot/configs/resource_osg.json
2017-12-05 06:12:41,046: rp.session.two.jdakka.017505.0013: MainProcess                     : MainThread     : INFO    : Load resource configurations for osg.xsede-virt-clust
2017-12-05 06:12:41,046: rp.session.two.jdakka.017505.0013: MainProcess                     : MainThread     : INFO    : Load resource configurations for osg.connect
2017-12-05 06:12:41,046: rp.session.two.jdakka.017505.0013: MainProcess                     : MainThread     : INFO    : Load resource configurations from /home/jdakka/UCL/rc_stack/venv/local/lib/python2.7/site-packages/radical/pilot/configs/resource_xsede.json
2017-12-05 06:12:41,064: rp.session.two.jdakka.017505.0013: MainProcess                     : MainThread     : INFO    : Load resource configurations for xsede.gordon_ssh
2017-12-05 06:12:41,064: rp.session.two.jdakka.017505.0013: MainProcess                     : MainThread     : INFO    : Load resource configurations for xsede.lonestar_ssh
2017-12-05 06:12:41,065: rp.session.two.jdakka.017505.0013: MainProcess                     : MainThread     : INFO    : Load resource configurations for xsede.supermic_spark
2017-12-05 06:12:41,065: rp.session.two.jdakka.017505.0013: MainProcess                     : MainThread     : INFO    : Load resource configurations for xsede.wrangler_yarn
2017-12-05 06:12:41,065: rp.session.two.jdakka.017505.0013: MainProcess                     : MainThread     : INFO    : Load resource configurations for xsede.blacklight_ssh
2017-12-05 06:12:41,065: rp.session.two.jdakka.017505.0013: MainProcess                     : MainThread     : INFO    : Load resource configurations for xsede.stampede_ortelib
2017-12-05 06:12:41,065: rp.session.two.jdakka.017505.0013: MainProcess                     : MainThread     : INFO    : Load resource configurations for xsede.stampede_yarn
2017-12-05 06:12:41,066: rp.session.two.jdakka.017505.0013: MainProcess                     : MainThread     : INFO    : Load resource configurations for xsede.stampede_ssh
2017-12-05 06:12:41,066: rp.session.two.jdakka.017505.0013: MainProcess                     : MainThread     : INFO    : Load resource configurations for xsede.greenfield
2017-12-05 06:12:41,066: rp.session.two.jdakka.017505.0013: MainProcess                     : MainThread     : INFO    : Load resource configurations for xsede.bridges
2017-12-05 06:12:41,066: rp.session.two.jdakka.017505.0013: MainProcess                     : MainThread     : INFO    : Load resource configurations for xsede.trestles_ssh
2017-12-05 06:12:41,066: rp.session.two.jdakka.017505.0013: MainProcess                     : MainThread     : INFO    : Load resource configurations for xsede.supermic_ortelib
2017-12-05 06:12:41,067: rp.session.two.jdakka.017505.0013: MainProcess                     : MainThread     : INFO    : Load resource configurations for xsede.stampede2_ssh
2017-12-05 06:12:41,067: rp.session.two.jdakka.017505.0013: MainProcess                     : MainThread     : INFO    : Load resource configurations for xsede.supermic_ssh
2017-12-05 06:12:41,067: rp.session.two.jdakka.017505.0013: MainProcess                     : MainThread     : INFO    : Load resource configurations for xsede.wrangler_ssh
2017-12-05 06:12:41,067: rp.session.two.jdakka.017505.0013: MainProcess                     : MainThread     : INFO    : Load resource configurations for xsede.supermic_orte
2017-12-05 06:12:41,067: rp.session.two.jdakka.017505.0013: MainProcess                     : MainThread     : INFO    : Load resource configurations for xsede.wrangler_spark
2017-12-05 06:12:41,068: rp.session.two.jdakka.017505.0013: MainProcess                     : MainThread     : INFO    : Load resource configurations for xsede.stampede_orte
2017-12-05 06:12:41,068: rp.session.two.jdakka.017505.0013: MainProcess                     : MainThread     : INFO    : Load resource configurations for xsede.comet_ortelib
2017-12-05 06:12:41,068: rp.session.two.jdakka.017505.0013: MainProcess                     : MainThread     : INFO    : Load resource configurations for xsede.comet_orte
2017-12-05 06:12:41,068: rp.session.two.jdakka.017505.0013: MainProcess                     : MainThread     : INFO    : Load resource configurations for xsede.comet_spark
2017-12-05 06:12:41,068: rp.session.two.jdakka.017505.0013: MainProcess                     : MainThread     : INFO    : Load resource configurations for xsede.comet_ssh
2017-12-05 06:12:41,069: rp.session.two.jdakka.017505.0013: MainProcess                     : MainThread     : INFO    : Load resource configurations for xsede.stampede_spark
2017-12-05 06:12:41,069: rp.session.two.jdakka.017505.0013: MainProcess                     : MainThread     : INFO    : Load resource configurations from /home/jdakka/UCL/rc_stack/venv/local/lib/python2.7/site-packages/radical/pilot/configs/resource_nersc.json
2017-12-05 06:12:41,074: rp.session.two.jdakka.017505.0013: MainProcess                     : MainThread     : INFO    : Load resource configurations for nersc.edison_ccm_ssh
2017-12-05 06:12:41,074: rp.session.two.jdakka.017505.0013: MainProcess                     : MainThread     : INFO    : Load resource configurations for nersc.hopper_orte
2017-12-05 06:12:41,074: rp.session.two.jdakka.017505.0013: MainProcess                     : MainThread     : INFO    : Load resource configurations for nersc.hopper_ccm_ssh
2017-12-05 06:12:41,075: rp.session.two.jdakka.017505.0013: MainProcess                     : MainThread     : INFO    : Load resource configurations for nersc.edison_aprun
2017-12-05 06:12:41,075: rp.session.two.jdakka.017505.0013: MainProcess                     : MainThread     : INFO    : Load resource configurations for nersc.hopper_aprun
2017-12-05 06:12:41,075: rp.session.two.jdakka.017505.0013: MainProcess                     : MainThread     : INFO    : Load resource configurations for nersc.edison_orte
2017-12-05 06:12:41,075: rp.session.two.jdakka.017505.0013: MainProcess                     : MainThread     : INFO    : Load resource configurations from /home/jdakka/UCL/rc_stack/venv/local/lib/python2.7/site-packages/radical/pilot/configs/resource_lrz.json
2017-12-05 06:12:41,076: rp.session.two.jdakka.017505.0013: MainProcess                     : MainThread     : INFO    : Load resource configurations for lrz.supermuc_ssh
2017-12-05 06:12:41,076: rp.session.two.jdakka.017505.0013: MainProcess                     : MainThread     : INFO    : Load resource configurations from /home/jdakka/UCL/rc_stack/venv/local/lib/python2.7/site-packages/radical/pilot/configs/resource_epsrc.json
2017-12-05 06:12:41,078: rp.session.two.jdakka.017505.0013: MainProcess                     : MainThread     : INFO    : Load resource configurations for epsrc.archer_orte
2017-12-05 06:12:41,078: rp.session.two.jdakka.017505.0013: MainProcess                     : MainThread     : INFO    : Load resource configurations for epsrc.archer_aprun
2017-12-05 06:12:41,078: rp.session.two.jdakka.017505.0013: MainProcess                     : MainThread     : INFO    : Load resource configurations from /home/jdakka/UCL/rc_stack/venv/local/lib/python2.7/site-packages/radical/pilot/configs/resource_ncsa.json
2017-12-05 06:12:41,082: rp.session.two.jdakka.017505.0013: MainProcess                     : MainThread     : INFO    : Load resource configurations for ncsa.bw_orte
2017-12-05 06:12:41,082: rp.session.two.jdakka.017505.0013: MainProcess                     : MainThread     : INFO    : Load resource configurations for ncsa.bw_ccm_ssh
2017-12-05 06:12:41,083: rp.session.two.jdakka.017505.0013: MainProcess                     : MainThread     : INFO    : Load resource configurations for ncsa.bw_ortelib
2017-12-05 06:12:41,083: rp.session.two.jdakka.017505.0013: MainProcess                     : MainThread     : INFO    : Load resource configurations for ncsa.bw_aprun
2017-12-05 06:12:41,083: rp.session.two.jdakka.017505.0013: MainProcess                     : MainThread     : INFO    : Load resource configurations for ncsa.bw_local_orte
2017-12-05 06:12:41,083: rp.session.two.jdakka.017505.0013: MainProcess                     : MainThread     : INFO    : Load resource configurations from /home/jdakka/UCL/rc_stack/venv/local/lib/python2.7/site-packages/radical/pilot/configs/resource_lumc.json
2017-12-05 06:12:41,085: rp.session.two.jdakka.017505.0013: MainProcess                     : MainThread     : INFO    : Load resource configurations for lumc.gb-ui_ssh
2017-12-05 06:12:41,085: rp.session.two.jdakka.017505.0013: MainProcess                     : MainThread     : INFO    : Load resource configurations for lumc.shark_ssh
2017-12-05 06:12:41,085: rp.session.two.jdakka.017505.0013: MainProcess                     : MainThread     : INFO    : Load resource configurations from /home/jdakka/UCL/rc_stack/venv/local/lib/python2.7/site-packages/radical/pilot/configs/resource_das4.json
2017-12-05 06:12:41,086: rp.session.two.jdakka.017505.0013: MainProcess                     : MainThread     : INFO    : Load resource configurations for das4.fs2_ssh
2017-12-05 06:12:41,086: rp.session.two.jdakka.017505.0013: MainProcess                     : MainThread     : INFO    : Load resource configurations from /home/jdakka/UCL/rc_stack/venv/local/lib/python2.7/site-packages/radical/pilot/configs/resource_aliases.json
2017-12-05 06:12:41,086: rp.session.two.jdakka.017505.0013: MainProcess                     : MainThread     : INFO    : Load resource configurations from /home/jdakka/UCL/rc_stack/venv/local/lib/python2.7/site-packages/radical/pilot/configs/resource_futuregrid.json
2017-12-05 06:12:41,090: rp.session.two.jdakka.017505.0013: MainProcess                     : MainThread     : INFO    : Load resource configurations for futuregrid.delta_ssh
2017-12-05 06:12:41,091: rp.session.two.jdakka.017505.0013: MainProcess                     : MainThread     : INFO    : Load resource configurations for futuregrid.india_ssh
2017-12-05 06:12:41,091: rp.session.two.jdakka.017505.0013: MainProcess                     : MainThread     : INFO    : Load resource configurations for futuregrid.echo_ssh
2017-12-05 06:12:41,091: rp.session.two.jdakka.017505.0013: MainProcess                     : MainThread     : INFO    : Load resource configurations for futuregrid.xray_ccm
2017-12-05 06:12:41,091: rp.session.two.jdakka.017505.0013: MainProcess                     : MainThread     : INFO    : Load resource configurations for futuregrid.bravo_ssh
2017-12-05 06:12:41,091: rp.session.two.jdakka.017505.0013: MainProcess                     : MainThread     : INFO    : Load resource configurations for futuregrid.xray_aprun
2017-12-05 06:12:41,091: rp.session.two.jdakka.017505.0013: MainProcess                     : MainThread     : INFO    : Load resource configurations from /home/jdakka/UCL/rc_stack/venv/local/lib/python2.7/site-packages/radical/pilot/configs/resource_ornl.json
2017-12-05 06:12:41,094: rp.session.two.jdakka.017505.0013: MainProcess                     : MainThread     : INFO    : Load resource configurations for ornl.titan_orte
2017-12-05 06:12:41,094: rp.session.two.jdakka.017505.0013: MainProcess                     : MainThread     : INFO    : Load resource configurations for ornl.titan_aprun
2017-12-05 06:12:41,094: rp.session.two.jdakka.017505.0013: MainProcess                     : MainThread     : INFO    : Load resource configurations for ornl.titan_ortelib
2017-12-05 06:12:41,095: rp.session.two.jdakka.017505.0013: MainProcess                     : MainThread     : INFO    : Load resource configurations from /home/jdakka/UCL/rc_stack/venv/local/lib/python2.7/site-packages/radical/pilot/configs/resource_chameleon.json
2017-12-05 06:12:41,095: rp.session.two.jdakka.017505.0013: MainProcess                     : MainThread     : INFO    : Load resource configurations for chameleon.cloud_vm_yarn
2017-12-05 06:12:41,095: rp.session.two.jdakka.017505.0013: MainProcess                     : MainThread     : INFO    : Load resource configurations from /home/jdakka/UCL/rc_stack/venv/local/lib/python2.7/site-packages/radical/pilot/configs/resource_iu.json
2017-12-05 06:12:41,097: rp.session.two.jdakka.017505.0013: MainProcess                     : MainThread     : INFO    : Load resource configurations for iu.bigred2_ccm_ssh
2017-12-05 06:12:41,097: rp.session.two.jdakka.017505.0013: MainProcess                     : MainThread     : INFO    : Load resource configurations for iu.bigred2_aprun
2017-12-05 06:12:41,097: rp.session.two.jdakka.017505.0013: MainProcess                     : MainThread     : INFO    : Load resource configurations from /home/jdakka/UCL/rc_stack/venv/local/lib/python2.7/site-packages/radical/pilot/configs/resource_local.json
2017-12-05 06:12:41,102: rp.session.two.jdakka.017505.0013: MainProcess                     : MainThread     : INFO    : Load resource configurations for local.localhost_orte
2017-12-05 06:12:41,102: rp.session.two.jdakka.017505.0013: MainProcess                     : MainThread     : INFO    : Load resource configurations for local.localhost_anaconda
2017-12-05 06:12:41,102: rp.session.two.jdakka.017505.0013: MainProcess                     : MainThread     : INFO    : Load resource configurations for local.localhost_ortelib
2017-12-05 06:12:41,102: rp.session.two.jdakka.017505.0013: MainProcess                     : MainThread     : INFO    : Load resource configurations for local.localhost
2017-12-05 06:12:41,102: rp.session.two.jdakka.017505.0013: MainProcess                     : MainThread     : INFO    : Load resource configurations for local.localhost_spark
2017-12-05 06:12:41,103: rp.session.two.jdakka.017505.0013: MainProcess                     : MainThread     : INFO    : Load resource configurations for local.localhost_spark_anaconda
2017-12-05 06:12:41,103: rp.session.two.jdakka.017505.0013: MainProcess                     : MainThread     : INFO    : Load resource configurations for local.localhost_yarn
2017-12-05 06:12:41,103: rp.session.two.jdakka.017505.0013: MainProcess                     : MainThread     : INFO    : Load resource configurations from /home/jdakka/UCL/rc_stack/venv/local/lib/python2.7/site-packages/radical/pilot/configs/resource_radical.json
2017-12-05 06:12:41,105: rp.session.two.jdakka.017505.0013: MainProcess                     : MainThread     : INFO    : Load resource configurations for radical.two
2017-12-05 06:12:41,105: rp.session.two.jdakka.017505.0013: MainProcess                     : MainThread     : INFO    : Load resource configurations for radical.tutorial
2017-12-05 06:12:41,106: rp.session.two.jdakka.017505.0013: MainProcess                     : MainThread     : INFO    : Load resource configurations for radical.one
2017-12-05 06:12:41,106: rp.session.two.jdakka.017505.0013: MainProcess                     : MainThread     : INFO    : Load resource configurations from /home/jdakka/UCL/rc_stack/venv/local/lib/python2.7/site-packages/radical/pilot/configs/resource_ncar.json
2017-12-05 06:12:41,107: rp.session.two.jdakka.017505.0013: MainProcess                     : MainThread     : INFO    : Load resource configurations for ncar.yellowstone_ssh
2017-12-05 06:12:41,107: rp.session.two.jdakka.017505.0013: MainProcess                     : MainThread     : INFO    : Load resource configurations from /home/jdakka/UCL/rc_stack/venv/local/lib/python2.7/site-packages/radical/pilot/configs/resource_rice.json
2017-12-05 06:12:41,108: rp.session.two.jdakka.017505.0013: MainProcess                     : MainThread     : INFO    : Load resource configurations for rice.davinci_ssh
2017-12-05 06:12:41,108: rp.session.two.jdakka.017505.0013: MainProcess                     : MainThread     : INFO    : Load resource configurations for rice.biou_ssh
2017-12-05 06:12:41,108: rp.session.two.jdakka.017505.0013: MainProcess                     : MainThread     : INFO    : Load resource configurations from /home/jdakka/UCL/rc_stack/venv/local/lib/python2.7/site-packages/radical/pilot/configs/resource_das5.json
2017-12-05 06:12:41,109: rp.session.two.jdakka.017505.0013: MainProcess                     : MainThread     : INFO    : Load resource configurations for das5.fs1_ssh
2017-12-05 06:12:42,244: rp.session.two.jdakka.017505.0013: MainProcess                     : MainThread     : INFO    : New Session created: rp.session.two.jdakka.017505.0013.
2017-12-05 06:12:42,245: rp.session.two.jdakka.017505.0013: MainProcess                     : MainThread     : DEBUG   : start bridges   : {u'control_pubsub': {u'bulk_size': 0, u'log_level': u'debug', u'stall_hwm': 1},
 u'log_pubsub': {u'bulk_size': 0, u'log_level': u'debug', u'stall_hwm': 1},
 u'state_pubsub': {u'bulk_size': 0, u'log_level': u'debug', u'stall_hwm': 1}}
2017-12-05 06:12:42,245: rp.session.two.jdakka.017505.0013: MainProcess                     : MainThread     : INFO    : create bridge control_pubsub
2017-12-05 06:12:42,266: rp.session.two.jdakka.017505.0013: MainProcess                     : MainThread     : INFO    : created bridge control_pubsub (control.pubsub.bridge.0000)
2017-12-05 06:12:42,266: rp.session.two.jdakka.017505.0013: MainProcess                     : MainThread     : INFO    : create bridge state_pubsub
2017-12-05 06:12:42,284: rp.session.two.jdakka.017505.0013: MainProcess                     : MainThread     : INFO    : created bridge state_pubsub (state.pubsub.bridge.0000)
2017-12-05 06:12:42,285: rp.session.two.jdakka.017505.0013: MainProcess                     : MainThread     : INFO    : create bridge log_pubsub
2017-12-05 06:12:42,304: rp.session.two.jdakka.017505.0013: MainProcess                     : MainThread     : INFO    : created bridge log_pubsub (log.pubsub.bridge.0000)
2017-12-05 06:12:42,305: rp.session.two.jdakka.017505.0013: MainProcess                     : MainThread     : DEBUG   : start components: {u'UpdateWorker': {u'count': 1}}
2017-12-05 06:12:42,305: rp.session.two.jdakka.017505.0013: MainProcess                     : MainThread     : DEBUG   : start 1 component(s) UpdateWorker
2017-12-05 06:12:43,036: rp.session.two.jdakka.017505.0013: MainProcess                     : MainThread     : INFO    : rp.session.two.jdakka.017505.0013 starts update.0
2017-12-05 06:12:43,518: rp.session.two.jdakka.017505.0013: MainProcess                     : MainThread     : DEBUG   : rsup.PTYShell('gsissh://bw.ncsa.illinois.edu')
2017-12-05 06:12:49,069: rp.session.two.jdakka.017505.0013: MainProcess                     : MainThread     : DEBUG   : sandbox base gsissh://bw.ncsa.illinois.edu: '/scratch/sciteam/dakka'
2017-12-05 06:12:49,281: rp.session.two.jdakka.017505.0013: MainProcess                     : MainThread     : DEBUG   : bulk pilot insert result: {'nModified': 0, 'nUpserted': 0, 'nMatched': 0, 'writeErrors': [], 'upserted': [], 'writeConcernErrors': [], 'nRemoved': 0, 'nInserted': 1}
2017-12-05 06:12:49,293: rp.session.two.jdakka.017505.0013: pmgr.0000.launching.0           : MainThread     : DEBUG   : rsup.PTYShell('gsissh://bw.ncsa.illinois.edu')
2017-12-05 06:12:54,671: rp.session.two.jdakka.017505.0013: pmgr.0000.launching.0           : MainThread     : DEBUG   : sandbox base gsissh://bw.ncsa.illinois.edu: '/scratch/sciteam/dakka'
2017-12-05 06:16:07,219: rp.session.two.jdakka.017505.0013: task-manager                    : MainThread     : DEBUG   : bulk unit insert result: {'nModified': 0, 'nUpserted': 0, 'nMatched': 0, 'writeErrors': [], 'upserted': [], 'writeConcernErrors': [], 'nRemoved': 0, 'nInserted': 1}
2017-12-05 06:16:07,349: rp.session.two.jdakka.017505.0013: task-manager                    : MainThread     : DEBUG   : bulk unit insert result: {'nModified': 0, 'nUpserted': 0, 'nMatched': 0, 'writeErrors': [], 'upserted': [], 'writeConcernErrors': [], 'nRemoved': 0, 'nInserted': 1}
2017-12-05 06:16:07,484: rp.session.two.jdakka.017505.0013: task-manager                    : MainThread     : DEBUG   : bulk unit insert result: {'nModified': 0, 'nUpserted': 0, 'nMatched': 0, 'writeErrors': [], 'upserted': [], 'writeConcernErrors': [], 'nRemoved': 0, 'nInserted': 1}
2017-12-05 06:16:07,618: rp.session.two.jdakka.017505.0013: task-manager                    : MainThread     : DEBUG   : bulk unit insert result: {'nModified': 0, 'nUpserted': 0, 'nMatched': 0, 'writeErrors': [], 'upserted': [], 'writeConcernErrors': [], 'nRemoved': 0, 'nInserted': 1}
2017-12-05 06:16:07,735: rp.session.two.jdakka.017505.0013: task-manager                    : MainThread     : DEBUG   : bulk unit insert result: {'nModified': 0, 'nUpserted': 0, 'nMatched': 0, 'writeErrors': [], 'upserted': [], 'writeConcernErrors': [], 'nRemoved': 0, 'nInserted': 1}
2017-12-05 06:16:07,849: rp.session.two.jdakka.017505.0013: task-manager                    : MainThread     : DEBUG   : bulk unit insert result: {'nModified': 0, 'nUpserted': 0, 'nMatched': 0, 'writeErrors': [], 'upserted': [], 'writeConcernErrors': [], 'nRemoved': 0, 'nInserted': 1}
2017-12-05 06:16:07,960: rp.session.two.jdakka.017505.0013: task-manager                    : MainThread     : DEBUG   : bulk unit insert result: {'nModified': 0, 'nUpserted': 0, 'nMatched': 0, 'writeErrors': [], 'upserted': [], 'writeConcernErrors': [], 'nRemoved': 0, 'nInserted': 1}
2017-12-05 06:16:08,066: rp.session.two.jdakka.017505.0013: task-manager                    : MainThread     : DEBUG   : bulk unit insert result: {'nModified': 0, 'nUpserted': 0, 'nMatched': 0, 'writeErrors': [], 'upserted': [], 'writeConcernErrors': [], 'nRemoved': 0, 'nInserted': 1}
2017-12-05 06:16:08,172: rp.session.two.jdakka.017505.0013: task-manager                    : MainThread     : DEBUG   : bulk unit insert result: {'nModified': 0, 'nUpserted': 0, 'nMatched': 0, 'writeErrors': [], 'upserted': [], 'writeConcernErrors': [], 'nRemoved': 0, 'nInserted': 1}
2017-12-05 06:16:08,280: rp.session.two.jdakka.017505.0013: task-manager                    : MainThread     : DEBUG   : bulk unit insert result: {'nModified': 0, 'nUpserted': 0, 'nMatched': 0, 'writeErrors': [], 'upserted': [], 'writeConcernErrors': [], 'nRemoved': 0, 'nInserted': 1}
2017-12-05 06:16:08,388: rp.session.two.jdakka.017505.0013: task-manager                    : MainThread     : DEBUG   : bulk unit insert result: {'nModified': 0, 'nUpserted': 0, 'nMatched': 0, 'writeErrors': [], 'upserted': [], 'writeConcernErrors': [], 'nRemoved': 0, 'nInserted': 1}
2017-12-05 06:16:08,494: rp.session.two.jdakka.017505.0013: task-manager                    : MainThread     : DEBUG   : bulk unit insert result: {'nModified': 0, 'nUpserted': 0, 'nMatched': 0, 'writeErrors': [], 'upserted': [], 'writeConcernErrors': [], 'nRemoved': 0, 'nInserted': 1}
2017-12-05 06:16:08,600: rp.session.two.jdakka.017505.0013: task-manager                    : MainThread     : DEBUG   : bulk unit insert result: {'nModified': 0, 'nUpserted': 0, 'nMatched': 0, 'writeErrors': [], 'upserted': [], 'writeConcernErrors': [], 'nRemoved': 0, 'nInserted': 1}
2017-12-05 06:16:08,713: rp.session.two.jdakka.017505.0013: task-manager                    : MainThread     : DEBUG   : bulk unit insert result: {'nModified': 0, 'nUpserted': 0, 'nMatched': 0, 'writeErrors': [], 'upserted': [], 'writeConcernErrors': [], 'nRemoved': 0, 'nInserted': 1}
2017-12-05 06:16:08,832: rp.session.two.jdakka.017505.0013: task-manager                    : MainThread     : DEBUG   : bulk unit insert result: {'nModified': 0, 'nUpserted': 0, 'nMatched': 0, 'writeErrors': [], 'upserted': [], 'writeConcernErrors': [], 'nRemoved': 0, 'nInserted': 1}
2017-12-05 06:16:08,948: rp.session.two.jdakka.017505.0013: task-manager                    : MainThread     : DEBUG   : bulk unit insert result: {'nModified': 0, 'nUpserted': 0, 'nMatched': 0, 'writeErrors': [], 'upserted': [], 'writeConcernErrors': [], 'nRemoved': 0, 'nInserted': 1}
2017-12-05 06:20:01,607: rp.session.two.jdakka.017505.0013: task-manager                    : MainThread     : DEBUG   : bulk unit insert result: {'nModified': 0, 'nUpserted': 0, 'nMatched': 0, 'writeErrors': [], 'upserted': [], 'writeConcernErrors': [], 'nRemoved': 0, 'nInserted': 1}
2017-12-05 06:20:01,732: rp.session.two.jdakka.017505.0013: task-manager                    : MainThread     : DEBUG   : bulk unit insert result: {'nModified': 0, 'nUpserted': 0, 'nMatched': 0, 'writeErrors': [], 'upserted': [], 'writeConcernErrors': [], 'nRemoved': 0, 'nInserted': 1}
2017-12-05 06:20:01,846: rp.session.two.jdakka.017505.0013: task-manager                    : MainThread     : DEBUG   : bulk unit insert result: {'nModified': 0, 'nUpserted': 0, 'nMatched': 0, 'writeErrors': [], 'upserted': [], 'writeConcernErrors': [], 'nRemoved': 0, 'nInserted': 1}
2017-12-05 06:20:01,972: rp.session.two.jdakka.017505.0013: task-manager                    : MainThread     : DEBUG   : bulk unit insert result: {'nModified': 0, 'nUpserted': 0, 'nMatched': 0, 'writeErrors': [], 'upserted': [], 'writeConcernErrors': [], 'nRemoved': 0, 'nInserted': 1}
2017-12-05 06:20:02,083: rp.session.two.jdakka.017505.0013: task-manager                    : MainThread     : DEBUG   : bulk unit insert result: {'nModified': 0, 'nUpserted': 0, 'nMatched': 0, 'writeErrors': [], 'upserted': [], 'writeConcernErrors': [], 'nRemoved': 0, 'nInserted': 1}
2017-12-05 06:20:02,220: rp.session.two.jdakka.017505.0013: task-manager                    : MainThread     : DEBUG   : bulk unit insert result: {'nModified': 0, 'nUpserted': 0, 'nMatched': 0, 'writeErrors': [], 'upserted': [], 'writeConcernErrors': [], 'nRemoved': 0, 'nInserted': 1}
2017-12-05 06:20:02,354: rp.session.two.jdakka.017505.0013: task-manager                    : MainThread     : DEBUG   : bulk unit insert result: {'nModified': 0, 'nUpserted': 0, 'nMatched': 0, 'writeErrors': [], 'upserted': [], 'writeConcernErrors': [], 'nRemoved': 0, 'nInserted': 1}
2017-12-05 06:20:02,482: rp.session.two.jdakka.017505.0013: task-manager                    : MainThread     : DEBUG   : bulk unit insert result: {'nModified': 0, 'nUpserted': 0, 'nMatched': 0, 'writeErrors': [], 'upserted': [], 'writeConcernErrors': [], 'nRemoved': 0, 'nInserted': 1}
2017-12-05 06:20:02,603: rp.session.two.jdakka.017505.0013: task-manager                    : MainThread     : DEBUG   : bulk unit insert result: {'nModified': 0, 'nUpserted': 0, 'nMatched': 0, 'writeErrors': [], 'upserted': [], 'writeConcernErrors': [], 'nRemoved': 0, 'nInserted': 1}
2017-12-05 06:20:02,723: rp.session.two.jdakka.017505.0013: task-manager                    : MainThread     : DEBUG   : bulk unit insert result: {'nModified': 0, 'nUpserted': 0, 'nMatched': 0, 'writeErrors': [], 'upserted': [], 'writeConcernErrors': [], 'nRemoved': 0, 'nInserted': 1}
2017-12-05 06:20:02,839: rp.session.two.jdakka.017505.0013: task-manager                    : MainThread     : DEBUG   : bulk unit insert result: {'nModified': 0, 'nUpserted': 0, 'nMatched': 0, 'writeErrors': [], 'upserted': [], 'writeConcernErrors': [], 'nRemoved': 0, 'nInserted': 1}
2017-12-05 06:20:02,953: rp.session.two.jdakka.017505.0013: task-manager                    : MainThread     : DEBUG   : bulk unit insert result: {'nModified': 0, 'nUpserted': 0, 'nMatched': 0, 'writeErrors': [], 'upserted': [], 'writeConcernErrors': [], 'nRemoved': 0, 'nInserted': 1}
2017-12-05 06:20:03,065: rp.session.two.jdakka.017505.0013: task-manager                    : MainThread     : DEBUG   : bulk unit insert result: {'nModified': 0, 'nUpserted': 0, 'nMatched': 0, 'writeErrors': [], 'upserted': [], 'writeConcernErrors': [], 'nRemoved': 0, 'nInserted': 1}
2017-12-05 06:20:03,180: rp.session.two.jdakka.017505.0013: task-manager                    : MainThread     : DEBUG   : bulk unit insert result: {'nModified': 0, 'nUpserted': 0, 'nMatched': 0, 'writeErrors': [], 'upserted': [], 'writeConcernErrors': [], 'nRemoved': 0, 'nInserted': 1}
2017-12-05 06:20:03,299: rp.session.two.jdakka.017505.0013: task-manager                    : MainThread     : DEBUG   : bulk unit insert result: {'nModified': 0, 'nUpserted': 0, 'nMatched': 0, 'writeErrors': [], 'upserted': [], 'writeConcernErrors': [], 'nRemoved': 0, 'nInserted': 1}
2017-12-05 06:20:03,424: rp.session.two.jdakka.017505.0013: task-manager                    : MainThread     : DEBUG   : bulk unit insert result: {'nModified': 0, 'nUpserted': 0, 'nMatched': 0, 'writeErrors': [], 'upserted': [], 'writeConcernErrors': [], 'nRemoved': 0, 'nInserted': 1}
2017-12-05 06:23:02,012: rp.session.two.jdakka.017505.0013: task-manager                    : MainThread     : DEBUG   : bulk unit insert result: {'nModified': 0, 'nUpserted': 0, 'nMatched': 0, 'writeErrors': [], 'upserted': [], 'writeConcernErrors': [], 'nRemoved': 0, 'nInserted': 1}
2017-12-05 06:23:02,138: rp.session.two.jdakka.017505.0013: task-manager                    : MainThread     : DEBUG   : bulk unit insert result: {'nModified': 0, 'nUpserted': 0, 'nMatched': 0, 'writeErrors': [], 'upserted': [], 'writeConcernErrors': [], 'nRemoved': 0, 'nInserted': 1}
2017-12-05 06:23:02,252: rp.session.two.jdakka.017505.0013: task-manager                    : MainThread     : DEBUG   : bulk unit insert result: {'nModified': 0, 'nUpserted': 0, 'nMatched': 0, 'writeErrors': [], 'upserted': [], 'writeConcernErrors': [], 'nRemoved': 0, 'nInserted': 1}
2017-12-05 06:23:02,378: rp.session.two.jdakka.017505.0013: task-manager                    : MainThread     : DEBUG   : bulk unit insert result: {'nModified': 0, 'nUpserted': 0, 'nMatched': 0, 'writeErrors': [], 'upserted': [], 'writeConcernErrors': [], 'nRemoved': 0, 'nInserted': 1}
2017-12-05 06:23:02,500: rp.session.two.jdakka.017505.0013: task-manager                    : MainThread     : DEBUG   : bulk unit insert result: {'nModified': 0, 'nUpserted': 0, 'nMatched': 0, 'writeErrors': [], 'upserted': [], 'writeConcernErrors': [], 'nRemoved': 0, 'nInserted': 1}
2017-12-05 06:23:02,614: rp.session.two.jdakka.017505.0013: task-manager                    : MainThread     : DEBUG   : bulk unit insert result: {'nModified': 0, 'nUpserted': 0, 'nMatched': 0, 'writeErrors': [], 'upserted': [], 'writeConcernErrors': [], 'nRemoved': 0, 'nInserted': 1}
2017-12-05 06:23:02,726: rp.session.two.jdakka.017505.0013: task-manager                    : MainThread     : DEBUG   : bulk unit insert result: {'nModified': 0, 'nUpserted': 0, 'nMatched': 0, 'writeErrors': [], 'upserted': [], 'writeConcernErrors': [], 'nRemoved': 0, 'nInserted': 1}
2017-12-05 06:23:02,839: rp.session.two.jdakka.017505.0013: task-manager                    : MainThread     : DEBUG   : bulk unit insert result: {'nModified': 0, 'nUpserted': 0, 'nMatched': 0, 'writeErrors': [], 'upserted': [], 'writeConcernErrors': [], 'nRemoved': 0, 'nInserted': 1}
2017-12-05 06:23:02,955: rp.session.two.jdakka.017505.0013: task-manager                    : MainThread     : DEBUG   : bulk unit insert result: {'nModified': 0, 'nUpserted': 0, 'nMatched': 0, 'writeErrors': [], 'upserted': [], 'writeConcernErrors': [], 'nRemoved': 0, 'nInserted': 1}
2017-12-05 06:23:03,081: rp.session.two.jdakka.017505.0013: task-manager                    : MainThread     : DEBUG   : bulk unit insert result: {'nModified': 0, 'nUpserted': 0, 'nMatched': 0, 'writeErrors': [], 'upserted': [], 'writeConcernErrors': [], 'nRemoved': 0, 'nInserted': 1}
2017-12-05 06:23:03,195: rp.session.two.jdakka.017505.0013: task-manager                    : MainThread     : DEBUG   : bulk unit insert result: {'nModified': 0, 'nUpserted': 0, 'nMatched': 0, 'writeErrors': [], 'upserted': [], 'writeConcernErrors': [], 'nRemoved': 0, 'nInserted': 1}
2017-12-05 06:23:03,317: rp.session.two.jdakka.017505.0013: task-manager                    : MainThread     : DEBUG   : bulk unit insert result: {'nModified': 0, 'nUpserted': 0, 'nMatched': 0, 'writeErrors': [], 'upserted': [], 'writeConcernErrors': [], 'nRemoved': 0, 'nInserted': 1}
2017-12-05 06:23:03,435: rp.session.two.jdakka.017505.0013: task-manager                    : MainThread     : DEBUG   : bulk unit insert result: {'nModified': 0, 'nUpserted': 0, 'nMatched': 0, 'writeErrors': [], 'upserted': [], 'writeConcernErrors': [], 'nRemoved': 0, 'nInserted': 1}
2017-12-05 06:23:03,557: rp.session.two.jdakka.017505.0013: task-manager                    : MainThread     : DEBUG   : bulk unit insert result: {'nModified': 0, 'nUpserted': 0, 'nMatched': 0, 'writeErrors': [], 'upserted': [], 'writeConcernErrors': [], 'nRemoved': 0, 'nInserted': 1}
2017-12-05 06:23:03,688: rp.session.two.jdakka.017505.0013: task-manager                    : MainThread     : DEBUG   : bulk unit insert result: {'nModified': 0, 'nUpserted': 0, 'nMatched': 0, 'writeErrors': [], 'upserted': [], 'writeConcernErrors': [], 'nRemoved': 0, 'nInserted': 1}
2017-12-05 06:23:03,796: rp.session.two.jdakka.017505.0013: task-manager                    : MainThread     : DEBUG   : bulk unit insert result: {'nModified': 0, 'nUpserted': 0, 'nMatched': 0, 'writeErrors': [], 'upserted': [], 'writeConcernErrors': [], 'nRemoved': 0, 'nInserted': 1}
2017-12-05 06:53:57,092: rp.session.two.jdakka.017505.0013: task-manager                    : MainThread     : DEBUG   : bulk unit insert result: {'nModified': 0, 'nUpserted': 0, 'nMatched': 0, 'writeErrors': [], 'upserted': [], 'writeConcernErrors': [], 'nRemoved': 0, 'nInserted': 1}
2017-12-05 06:53:57,225: rp.session.two.jdakka.017505.0013: task-manager                    : MainThread     : DEBUG   : bulk unit insert result: {'nModified': 0, 'nUpserted': 0, 'nMatched': 0, 'writeErrors': [], 'upserted': [], 'writeConcernErrors': [], 'nRemoved': 0, 'nInserted': 1}
2017-12-05 06:53:57,351: rp.session.two.jdakka.017505.0013: task-manager                    : MainThread     : DEBUG   : bulk unit insert result: {'nModified': 0, 'nUpserted': 0, 'nMatched': 0, 'writeErrors': [], 'upserted': [], 'writeConcernErrors': [], 'nRemoved': 0, 'nInserted': 1}
2017-12-05 06:53:57,478: rp.session.two.jdakka.017505.0013: task-manager                    : MainThread     : DEBUG   : bulk unit insert result: {'nModified': 0, 'nUpserted': 0, 'nMatched': 0, 'writeErrors': [], 'upserted': [], 'writeConcernErrors': [], 'nRemoved': 0, 'nInserted': 1}
2017-12-05 06:53:57,595: rp.session.two.jdakka.017505.0013: task-manager                    : MainThread     : DEBUG   : bulk unit insert result: {'nModified': 0, 'nUpserted': 0, 'nMatched': 0, 'writeErrors': [], 'upserted': [], 'writeConcernErrors': [], 'nRemoved': 0, 'nInserted': 1}
2017-12-05 06:53:57,739: rp.session.two.jdakka.017505.0013: task-manager                    : MainThread     : DEBUG   : bulk unit insert result: {'nModified': 0, 'nUpserted': 0, 'nMatched': 0, 'writeErrors': [], 'upserted': [], 'writeConcernErrors': [], 'nRemoved': 0, 'nInserted': 1}
2017-12-05 06:53:57,856: rp.session.two.jdakka.017505.0013: task-manager                    : MainThread     : DEBUG   : bulk unit insert result: {'nModified': 0, 'nUpserted': 0, 'nMatched': 0, 'writeErrors': [], 'upserted': [], 'writeConcernErrors': [], 'nRemoved': 0, 'nInserted': 1}
2017-12-05 06:53:57,989: rp.session.two.jdakka.017505.0013: task-manager                    : MainThread     : DEBUG   : bulk unit insert result: {'nModified': 0, 'nUpserted': 0, 'nMatched': 0, 'writeErrors': [], 'upserted': [], 'writeConcernErrors': [], 'nRemoved': 0, 'nInserted': 1}
2017-12-05 06:53:58,110: rp.session.two.jdakka.017505.0013: task-manager                    : MainThread     : DEBUG   : bulk unit insert result: {'nModified': 0, 'nUpserted': 0, 'nMatched': 0, 'writeErrors': [], 'upserted': [], 'writeConcernErrors': [], 'nRemoved': 0, 'nInserted': 1}
2017-12-05 06:53:58,236: rp.session.two.jdakka.017505.0013: task-manager                    : MainThread     : DEBUG   : bulk unit insert result: {'nModified': 0, 'nUpserted': 0, 'nMatched': 0, 'writeErrors': [], 'upserted': [], 'writeConcernErrors': [], 'nRemoved': 0, 'nInserted': 1}
2017-12-05 06:53:58,360: rp.session.two.jdakka.017505.0013: task-manager                    : MainThread     : DEBUG   : bulk unit insert result: {'nModified': 0, 'nUpserted': 0, 'nMatched': 0, 'writeErrors': [], 'upserted': [], 'writeConcernErrors': [], 'nRemoved': 0, 'nInserted': 1}
2017-12-05 06:53:58,514: rp.session.two.jdakka.017505.0013: task-manager                    : MainThread     : DEBUG   : bulk unit insert result: {'nModified': 0, 'nUpserted': 0, 'nMatched': 0, 'writeErrors': [], 'upserted': [], 'writeConcernErrors': [], 'nRemoved': 0, 'nInserted': 1}
2017-12-05 06:53:58,644: rp.session.two.jdakka.017505.0013: task-manager                    : MainThread     : DEBUG   : bulk unit insert result: {'nModified': 0, 'nUpserted': 0, 'nMatched': 0, 'writeErrors': [], 'upserted': [], 'writeConcernErrors': [], 'nRemoved': 0, 'nInserted': 1}
2017-12-05 06:53:58,782: rp.session.two.jdakka.017505.0013: task-manager                    : MainThread     : DEBUG   : bulk unit insert result: {'nModified': 0, 'nUpserted': 0, 'nMatched': 0, 'writeErrors': [], 'upserted': [], 'writeConcernErrors': [], 'nRemoved': 0, 'nInserted': 1}
2017-12-05 06:53:58,900: rp.session.two.jdakka.017505.0013: task-manager                    : MainThread     : DEBUG   : bulk unit insert result: {'nModified': 0, 'nUpserted': 0, 'nMatched': 0, 'writeErrors': [], 'upserted': [], 'writeConcernErrors': [], 'nRemoved': 0, 'nInserted': 1}
2017-12-05 06:53:59,011: rp.session.two.jdakka.017505.0013: task-manager                    : MainThread     : DEBUG   : bulk unit insert result: {'nModified': 0, 'nUpserted': 0, 'nMatched': 0, 'writeErrors': [], 'upserted': [], 'writeConcernErrors': [], 'nRemoved': 0, 'nInserted': 1}
2017-12-05 06:58:32,845: rp.session.two.jdakka.017505.0013: MainProcess                     : MainThread     : DEBUG   : session rp.session.two.jdakka.017505.0013 closing
2017-12-05 06:58:32,846: rp.session.two.jdakka.017505.0013: MainProcess                     : MainThread     : DEBUG   : session rp.session.two.jdakka.017505.0013 closes pmgr   pmgr.0000
2017-12-05 06:58:35,378: rp.session.two.jdakka.017505.0013: MainProcess                     : MainThread     : DEBUG   : session rp.session.two.jdakka.017505.0013 closed pmgr   pmgr.0000
2017-12-05 06:58:35,378: rp.session.two.jdakka.017505.0013: MainProcess                     : MainThread     : DEBUG   : session rp.session.two.jdakka.017505.0013 closes comp   update.0
2017-12-05 06:58:35,378: rp.session.two.jdakka.017505.0013: MainProcess                     : MainThread     : DEBUG   :  === update.0 stop called
2017-12-05 06:58:35,522: rp.session.two.jdakka.017505.0013: update.0                        : MainThread     : DEBUG   :  === update.0.child stop called
2017-12-05 06:58:35,894: rp.session.two.jdakka.017505.0013: update.0                        : MainThread     : DEBUG   :  === update.0.child stop called
2017-12-05 06:58:35,929: rp.session.two.jdakka.017505.0013: MainProcess                     : MainThread     : DEBUG   : session rp.session.two.jdakka.017505.0013 closed comp   update.0
2017-12-05 06:58:35,929: rp.session.two.jdakka.017505.0013: MainProcess                     : MainThread     : DEBUG   : session rp.session.two.jdakka.017505.0013 closes bridge control.pubsub.bridge.0000
2017-12-05 06:58:36,913: rp.session.two.jdakka.017505.0013: MainProcess                     : MainThread     : DEBUG   : session rp.session.two.jdakka.017505.0013 closed bridge control.pubsub.bridge.0000
2017-12-05 06:58:36,913: rp.session.two.jdakka.017505.0013: MainProcess                     : MainThread     : DEBUG   : session rp.session.two.jdakka.017505.0013 closes bridge state.pubsub.bridge.0000
2017-12-05 06:58:37,946: rp.session.two.jdakka.017505.0013: MainProcess                     : MainThread     : DEBUG   : session rp.session.two.jdakka.017505.0013 closed bridge state.pubsub.bridge.0000
2017-12-05 06:58:37,946: rp.session.two.jdakka.017505.0013: MainProcess                     : MainThread     : DEBUG   : session rp.session.two.jdakka.017505.0013 closes bridge log.pubsub.bridge.0000
2017-12-05 06:58:38,277: rp.session.two.jdakka.017505.0013: MainProcess                     : MainThread     : DEBUG   : session rp.session.two.jdakka.017505.0013 closed bridge log.pubsub.bridge.0000
2017-12-05 06:58:38,277: rp.session.two.jdakka.017505.0013: MainProcess                     : MainThread     : DEBUG   : session rp.session.two.jdakka.017505.0013 closes db (False)
2017-12-05 06:58:38,277: rp.session.two.jdakka.017505.0013: MainProcess                     : MainThread     : DEBUG   : session rp.session.two.jdakka.017505.0013 closed (delete=False)
2017-12-05 06:58:38,340: rp.session.two.jdakka.017505.0013: MainProcess                     : MainThread     : DEBUG   :  === update.0 stop called
2017-12-05 06:58:38,345: rp.session.two.jdakka.017505.0013: MainProcess                     : MainThread     : DEBUG   : start download
2017-12-05 06:58:40,095: rp.session.two.jdakka.017505.0013: MainProcess                     : MainThread     : INFO    : session written to /home/jdakka/radical_htbac/esmacs_2_instances/radical.htbac/examples/rp.session.two.jdakka.017505.0013/rp.session.two.jdakka.017505.0013.json
2017-12-05 06:58:40,676: rp.session.two.jdakka.017505.0013: MainProcess                     : MainThread     : DEBUG   : Session: rp.session.two.jdakka.017505.0013
2017-12-05 06:58:40,676: rp.session.two.jdakka.017505.0013: MainProcess                     : MainThread     : DEBUG   : Number of pilots in session: 1
2017-12-05 06:58:40,676: rp.session.two.jdakka.017505.0013: MainProcess                     : MainThread     : DEBUG   : processing pilot 'pilot.0000'
2017-12-05 06:58:44,283: rp.session.two.jdakka.017505.0013: MainProcess                     : MainThread     : INFO    : profiles tarball exists
2017-12-05 06:58:44,283: rp.session.two.jdakka.017505.0013: MainProcess                     : MainThread     : INFO    : fetch 'gsisftp://bw.ncsa.illinois.edu/scratch/sciteam/dakka/radical.pilot.sandbox/rp.session.two.jdakka.017505.0013/pilot.0000/pilot.0000.prof.tgz' to 'file://localhost/home/jdakka/radical_htbac/esmacs_2_instances/radical.htbac/examples/rp.session.two.jdakka.017505.0013/'.
2017-12-05 06:58:49,605: rp.session.two.jdakka.017505.0013: MainProcess                     : MainThread     : INFO    : Extract tarball /home/jdakka/radical_htbac/esmacs_2_instances/radical.htbac/examples/rp.session.two.jdakka.017505.0013/pilot.0000.prof.tgz to '/home/jdakka/radical_htbac/esmacs_2_instances/radical.htbac/examples/rp.session.two.jdakka.017505.0013/'.
2017-12-05 06:58:50,224: rp.session.two.jdakka.017505.0013: MainProcess                     : MainThread     : INFO    : Session: rp.session.two.jdakka.017505.0013
2017-12-05 06:58:50,224: rp.session.two.jdakka.017505.0013: MainProcess                     : MainThread     : INFO    : Number of pilots in session: 1
2017-12-05 06:58:50,871: rp.session.two.jdakka.017505.0013: MainProcess                     : MainThread     : INFO    : logfiles tarball exists
2017-12-05 06:58:50,871: rp.session.two.jdakka.017505.0013: MainProcess                     : MainThread     : INFO    : Fetching 'gsisftp://bw.ncsa.illinois.edu/scratch/sciteam/dakka/radical.pilot.sandbox/rp.session.two.jdakka.017505.0013/pilot.0000/pilot.0000.log.tgz' to 'file://localhost/home/jdakka/radical_htbac/esmacs_2_instances/radical.htbac/examples/rp.session.two.jdakka.017505.0013/'.
2017-12-05 06:58:59,633: rp.session.two.jdakka.017505.0013: MainProcess                     : MainThread     : DEBUG   : Extract tarball /home/jdakka/radical_htbac/esmacs_2_instances/radical.htbac/examples/rp.session.two.jdakka.017505.0013/pilot.0000.log.tgz to /home/jdakka/radical_htbac/esmacs_2_instances/radical.htbac/examples/rp.session.two.jdakka.017505.0013/
2017-12-05 06:58:59,660: rp.session.two.jdakka.017505.0013: MainProcess                     : MainThread     : INFO    : tarball /home/jdakka/radical_htbac/esmacs_2_instances/radical.htbac/examples/rp.session.two.jdakka.017505.0013/pilot.0000.log.tgz extracted to '/home/jdakka/radical_htbac/esmacs_2_instances/radical.htbac/examples/rp.session.two.jdakka.017505.0013//pilot.0000/'.
