2017-12-05 06:12:42,267: state.pubsub.bridge.0000: MainProcess                     : MainThread     : INFO    : python.interpreter   version: 2.7.12 (default, Nov 19 2016, 06:48:10) [GCC 5.4.0 20160609]
2017-12-05 06:12:42,267: state.pubsub.bridge.0000: MainProcess                     : MainThread     : INFO    :                      pid: 23966
2017-12-05 06:12:42,267: state.pubsub.bridge.0000: MainProcess                     : MainThread     : INFO    :                      tid: MainThread
2017-12-05 06:12:42,267: state.pubsub.bridge.0000: MainProcess                     : MainThread     : INFO    : radical.pilot        version: 0.47-v0.46.2-183-g2c92e513@rc-v0.46.3
2017-12-05 06:12:42,268: state.pubsub.bridge.0000: MainProcess                     : MainThread     : INFO    : create state_pubsub - bridge - tcp://*:*
2017-12-05 06:12:42,268: state.pubsub.bridge.0000: MainProcess                     : MainThread     : DEBUG   : start process
2017-12-05 06:12:42,274: state.pubsub.bridge.0000: state.pubsub.bridge.0000        : MainThread     : DEBUG   : ru_initialize_common (NOOP)
2017-12-05 06:12:42,277: state.pubsub.bridge.0000: state.pubsub.bridge.0000.child  : MainThread     : INFO    : child (me) initializing
2017-12-05 06:12:42,278: state.pubsub.bridge.0000: state.pubsub.bridge.0000.child  : MainThread     : DEBUG   : parent name: state.pubsub.bridge.0000.child.watch
2017-12-05 06:12:42,278: state.pubsub.bridge.0000: state.pubsub.bridge.0000.child  : MainThread     : DEBUG   : start thread
2017-12-05 06:12:42,278: state.pubsub.bridge.0000: state.pubsub.bridge.0000.child  : state.pubsub.bridge.0000.child.watch: DEBUG   : child name: state.pubsub.bridge.0000.child.watch.thread
2017-12-05 06:12:42,278: state.pubsub.bridge.0000: state.pubsub.bridge.0000.child  : state.pubsub.bridge.0000.child.watch: INFO    : child (me) initializing
2017-12-05 06:12:42,279: state.pubsub.bridge.0000: state.pubsub.bridge.0000.child  : state.pubsub.bridge.0000.child.watch: DEBUG   : ru_initialize_common (NOOP)
2017-12-05 06:12:42,279: state.pubsub.bridge.0000: state.pubsub.bridge.0000.child  : state.pubsub.bridge.0000.child.watch: DEBUG   : ru_initialize_child (NOOP)
2017-12-05 06:12:42,279: state.pubsub.bridge.0000: state.pubsub.bridge.0000.child  : state.pubsub.bridge.0000.child.watch: INFO    : send alive
2017-12-05 06:12:42,279: state.pubsub.bridge.0000: state.pubsub.bridge.0000.child  : state.pubsub.bridge.0000.child.watch: INFO    : put message: [state.pubsub.bridge.0000.child.watch.thread] alive
2017-12-05 06:12:42,280: state.pubsub.bridge.0000: state.pubsub.bridge.0000.child  : MainThread     : INFO    : get msg: alive
2017-12-05 06:12:42,280: state.pubsub.bridge.0000: state.pubsub.bridge.0000.child  : MainThread     : DEBUG   : ru_initialize_common (NOOP)
2017-12-05 06:12:42,280: state.pubsub.bridge.0000: state.pubsub.bridge.0000.child  : MainThread     : DEBUG   : ru_initialize_parent (NOOP)
2017-12-05 06:12:42,280: state.pubsub.bridge.0000: state.pubsub.bridge.0000.child  : MainThread     : DEBUG   : child thread state.pubsub.bridge.0000.child.watch started
2017-12-05 06:12:42,280: state.pubsub.bridge.0000: state.pubsub.bridge.0000.child  : MainThread     : INFO    : child (me) is alive
2017-12-05 06:12:42,280: state.pubsub.bridge.0000: state.pubsub.bridge.0000.child  : MainThread     : INFO    : send alive
2017-12-05 06:12:42,280: state.pubsub.bridge.0000: state.pubsub.bridge.0000.child  : MainThread     : INFO    : send message: [state.pubsub.bridge.0000.child] alive
2017-12-05 06:12:42,281: state.pubsub.bridge.0000: MainProcess                     : MainThread     : INFO    : recv message: alive
2017-12-05 06:12:42,281: state.pubsub.bridge.0000: MainProcess                     : MainThread     : DEBUG   : ru_initialize_common (NOOP)
2017-12-05 06:12:42,281: state.pubsub.bridge.0000: MainProcess                     : MainThread     : DEBUG   : ru_initialize_parent (NOOP)
2017-12-05 06:12:42,281: state.pubsub.bridge.0000: MainProcess                     : MainThread     : DEBUG   : parent name: state.pubsub.bridge.0000.watch
2017-12-05 06:12:42,282: state.pubsub.bridge.0000: MainProcess                     : MainThread     : DEBUG   : start thread
2017-12-05 06:12:42,282: state.pubsub.bridge.0000: MainProcess                     : state.pubsub.bridge.0000.watch: DEBUG   : child name: state.pubsub.bridge.0000.watch.thread
2017-12-05 06:12:42,282: state.pubsub.bridge.0000: MainProcess                     : state.pubsub.bridge.0000.watch: INFO    : child (me) initializing
2017-12-05 06:12:42,282: state.pubsub.bridge.0000: MainProcess                     : state.pubsub.bridge.0000.watch: DEBUG   : ru_initialize_common (NOOP)
2017-12-05 06:12:42,282: state.pubsub.bridge.0000: MainProcess                     : state.pubsub.bridge.0000.watch: DEBUG   : ru_initialize_child (NOOP)
2017-12-05 06:12:42,283: state.pubsub.bridge.0000: MainProcess                     : state.pubsub.bridge.0000.watch: INFO    : send alive
2017-12-05 06:12:42,283: state.pubsub.bridge.0000: MainProcess                     : state.pubsub.bridge.0000.watch: INFO    : put message: [state.pubsub.bridge.0000.watch.thread] alive
2017-12-05 06:12:42,283: state.pubsub.bridge.0000: MainProcess                     : MainThread     : INFO    : get msg: alive
2017-12-05 06:12:42,284: state.pubsub.bridge.0000: MainProcess                     : MainThread     : DEBUG   : ru_initialize_common (NOOP)
2017-12-05 06:12:42,284: state.pubsub.bridge.0000: MainProcess                     : MainThread     : DEBUG   : ru_initialize_parent (NOOP)
2017-12-05 06:12:42,284: state.pubsub.bridge.0000: MainProcess                     : MainThread     : DEBUG   : child thread state.pubsub.bridge.0000.watch started
2017-12-05 06:12:42,284: state.pubsub.bridge.0000: MainProcess                     : MainThread     : INFO    : child is alive
2017-12-05 06:12:42,284: state.pubsub.bridge.0000: MainProcess                     : MainThread     : DEBUG   : process class started child
2017-12-05 06:58:36,913: state.pubsub.bridge.0000: MainProcess                     : MainThread     : INFO    : parent stops child  23966 -> 24065 [state.pubsub.bridge.0000]
2017-12-05 06:58:36,913: state.pubsub.bridge.0000: MainProcess                     : MainThread     : INFO    : send message: [state.pubsub.bridge.0000] STOP
2017-12-05 06:58:36,913: state.pubsub.bridge.0000: MainProcess                     : MainThread     : DEBUG   : ru_finalize_parent (NOOP)
2017-12-05 06:58:36,914: state.pubsub.bridge.0000: MainProcess                     : MainThread     : INFO    : parent stops child
2017-12-05 06:58:36,914: state.pubsub.bridge.0000: MainProcess                     : MainThread     : DEBUG   : ru_finalize_parent (NOOP)
2017-12-05 06:58:36,914: state.pubsub.bridge.0000: MainProcess                     : MainThread     : DEBUG   : ru_finalize_common (NOOP)
2017-12-05 06:58:37,005: state.pubsub.bridge.0000: MainProcess                     : state.pubsub.bridge.0000.watch: INFO    : watcher closes
2017-12-05 06:58:37,005: state.pubsub.bridge.0000: state.pubsub.bridge.0000.child  : state.pubsub.bridge.0000.child.watch: INFO    : recv message: STOP
2017-12-05 06:58:37,005: state.pubsub.bridge.0000: state.pubsub.bridge.0000.child  : state.pubsub.bridge.0000.child.watch: INFO    : message received: STOP
2017-12-05 06:58:37,005: state.pubsub.bridge.0000: MainProcess                     : state.pubsub.bridge.0000.watch: INFO    : put message: [state.pubsub.bridge.0000.watch.thread] work finished
2017-12-05 06:58:37,005: state.pubsub.bridge.0000: state.pubsub.bridge.0000.child  : state.pubsub.bridge.0000.child.watch: INFO    : STOP received: STOP
2017-12-05 06:58:37,006: state.pubsub.bridge.0000: MainProcess                     : state.pubsub.bridge.0000.watch: DEBUG   : ru_finalize_child (NOOP)
2017-12-05 06:58:37,006: state.pubsub.bridge.0000: state.pubsub.bridge.0000.child  : state.pubsub.bridge.0000.child.watch: INFO    : watcher closes
2017-12-05 06:58:37,006: state.pubsub.bridge.0000: MainProcess                     : state.pubsub.bridge.0000.watch: DEBUG   : ru_finalize_common (NOOP)
2017-12-05 06:58:37,006: state.pubsub.bridge.0000: MainProcess                     : state.pubsub.bridge.0000.watch: INFO    : put message: [state.pubsub.bridge.0000.watch.thread] terminating
2017-12-05 06:58:37,006: state.pubsub.bridge.0000: state.pubsub.bridge.0000.child  : state.pubsub.bridge.0000.child.watch: INFO    : put message: [state.pubsub.bridge.0000.child.watch.thread] work finished
2017-12-05 06:58:37,006: state.pubsub.bridge.0000: state.pubsub.bridge.0000.child  : state.pubsub.bridge.0000.child.watch: DEBUG   : ru_finalize_child (NOOP)
2017-12-05 06:58:37,006: state.pubsub.bridge.0000: state.pubsub.bridge.0000.child  : state.pubsub.bridge.0000.child.watch: DEBUG   : ru_finalize_common (NOOP)
2017-12-05 06:58:37,006: state.pubsub.bridge.0000: state.pubsub.bridge.0000.child  : state.pubsub.bridge.0000.child.watch: INFO    : put message: [state.pubsub.bridge.0000.child.watch.thread] terminating
2017-12-05 06:58:37,894: state.pubsub.bridge.0000: state.pubsub.bridge.0000.child  : MainThread     : DEBUG   : ru_finalize_child (NOOP)
2017-12-05 06:58:37,895: state.pubsub.bridge.0000: state.pubsub.bridge.0000.child  : MainThread     : INFO    : send message: [state.pubsub.bridge.0000.child] terminating
2017-12-05 06:58:37,896: state.pubsub.bridge.0000: state.pubsub.bridge.0000.child  : MainThread     : WARNING : send failed ([Errno 9] Bad file descriptor) - terminate
