2017-12-05 06:12:43,003: state.pubsub.sub.0000: update.0                        : MainThread     : INFO    : python.interpreter   version: 2.7.12 (default, Nov 19 2016, 06:48:10) [GCC 5.4.0 20160609]
2017-12-05 06:12:43,003: state.pubsub.sub.0000: update.0                        : MainThread     : INFO    :                      pid: 24081
2017-12-05 06:12:43,004: state.pubsub.sub.0000: update.0                        : MainThread     : INFO    :                      tid: MainThread
2017-12-05 06:12:43,004: state.pubsub.sub.0000: update.0                        : MainThread     : INFO    : radical.pilot        version: 0.47-v0.46.2-183-g2c92e513@rc-v0.46.3
2017-12-05 06:12:43,004: state.pubsub.sub.0000: update.0                        : MainThread     : INFO    : create state_pubsub - sub - tcp://138.201.86.166:33605
2017-12-05 06:12:43,005: state.pubsub.sub.0000: update.0                        : MainThread     : DEBUG   : start process
2017-12-05 06:12:43,005: state.pubsub.sub.0000: update.0                        : MainThread     : DEBUG   : ru_initialize_common (NOOP)
2017-12-05 06:12:43,005: state.pubsub.sub.0000: update.0                        : MainThread     : DEBUG   : ru_initialize_parent (NOOP)
2017-12-05 06:12:43,005: state.pubsub.sub.0000: update.0                        : MainThread     : DEBUG   : process class started (no child)
2017-12-05 06:12:43,296: state.pubsub.sub.0000: MainProcess                     : MainThread     : INFO    : python.interpreter   version: 2.7.12 (default, Nov 19 2016, 06:48:10) [GCC 5.4.0 20160609]
2017-12-05 06:12:43,296: state.pubsub.sub.0000: MainProcess                     : MainThread     : INFO    :                      pid: 23966
2017-12-05 06:12:43,296: state.pubsub.sub.0000: MainProcess                     : MainThread     : INFO    :                      tid: MainThread
2017-12-05 06:12:43,297: state.pubsub.sub.0000: MainProcess                     : MainThread     : INFO    : radical.pilot        version: 0.47-v0.46.2-183-g2c92e513@rc-v0.46.3
2017-12-05 06:12:43,297: state.pubsub.sub.0000: MainProcess                     : MainThread     : INFO    : create state_pubsub - sub - tcp://138.201.86.166:33605
2017-12-05 06:12:43,297: state.pubsub.sub.0000: MainProcess                     : MainThread     : DEBUG   : start process
2017-12-05 06:12:43,297: state.pubsub.sub.0000: MainProcess                     : MainThread     : DEBUG   : ru_initialize_common (NOOP)
2017-12-05 06:12:43,297: state.pubsub.sub.0000: MainProcess                     : MainThread     : DEBUG   : ru_initialize_parent (NOOP)
2017-12-05 06:12:43,297: state.pubsub.sub.0000: MainProcess                     : MainThread     : DEBUG   : process class started (no child)
2017-12-05 06:58:35,375: state.pubsub.sub.0000: MainProcess                     : MainThread     : INFO    : parent stops child  23966 -> None [state.pubsub.sub.0000]
2017-12-05 06:58:35,375: state.pubsub.sub.0000: MainProcess                     : MainThread     : DEBUG   : ru_finalize_parent (NOOP)
2017-12-05 06:58:35,892: state.pubsub.sub.0000: update.0                        : MainThread     : INFO    : parent stops child  24081 -> None [state.pubsub.sub.0000]
2017-12-05 06:58:35,892: state.pubsub.sub.0000: update.0                        : MainThread     : DEBUG   : ru_finalize_parent (NOOP)
