2017-12-05 06:16:06,027: umgr.unschedule.pubsub.bridge.0000: task-manager                    : MainThread     : INFO    : python.interpreter   version: 2.7.12 (default, Nov 19 2016, 06:48:10) [GCC 5.4.0 20160609]
2017-12-05 06:16:06,027: umgr.unschedule.pubsub.bridge.0000: task-manager                    : MainThread     : INFO    :                      pid: 32162
2017-12-05 06:16:06,027: umgr.unschedule.pubsub.bridge.0000: task-manager                    : MainThread     : INFO    :                      tid: MainThread
2017-12-05 06:16:06,027: umgr.unschedule.pubsub.bridge.0000: task-manager                    : MainThread     : INFO    : radical.pilot        version: 0.47-v0.46.2-183-g2c92e513@rc-v0.46.3
2017-12-05 06:16:06,027: umgr.unschedule.pubsub.bridge.0000: task-manager                    : MainThread     : INFO    : create umgr_unschedule_pubsub - bridge - tcp://*:*
2017-12-05 06:16:06,027: umgr.unschedule.pubsub.bridge.0000: task-manager                    : MainThread     : DEBUG   : start process
2017-12-05 06:16:06,032: umgr.unschedule.pubsub.bridge.0000: umgr.unschedule.pubsub.bridge.0000: MainThread     : DEBUG   : ru_initialize_common (NOOP)
2017-12-05 06:16:06,034: umgr.unschedule.pubsub.bridge.0000: umgr.unschedule.pubsub.bridge.0000.child: MainThread     : INFO    : child (me) initializing
2017-12-05 06:16:06,034: umgr.unschedule.pubsub.bridge.0000: umgr.unschedule.pubsub.bridge.0000.child: MainThread     : DEBUG   : parent name: umgr.unschedule.pubsub.bridge.0000.child.watch
2017-12-05 06:16:06,034: umgr.unschedule.pubsub.bridge.0000: umgr.unschedule.pubsub.bridge.0000.child: MainThread     : DEBUG   : start thread
2017-12-05 06:16:06,034: umgr.unschedule.pubsub.bridge.0000: umgr.unschedule.pubsub.bridge.0000.child: umgr.unschedule.pubsub.bridge.0000.child.watch: DEBUG   : child name: umgr.unschedule.pubsub.bridge.0000.child.watch.thread
2017-12-05 06:16:06,034: umgr.unschedule.pubsub.bridge.0000: umgr.unschedule.pubsub.bridge.0000.child: umgr.unschedule.pubsub.bridge.0000.child.watch: INFO    : child (me) initializing
2017-12-05 06:16:06,034: umgr.unschedule.pubsub.bridge.0000: umgr.unschedule.pubsub.bridge.0000.child: umgr.unschedule.pubsub.bridge.0000.child.watch: DEBUG   : ru_initialize_common (NOOP)
2017-12-05 06:16:06,035: umgr.unschedule.pubsub.bridge.0000: umgr.unschedule.pubsub.bridge.0000.child: umgr.unschedule.pubsub.bridge.0000.child.watch: DEBUG   : ru_initialize_child (NOOP)
2017-12-05 06:16:06,035: umgr.unschedule.pubsub.bridge.0000: umgr.unschedule.pubsub.bridge.0000.child: umgr.unschedule.pubsub.bridge.0000.child.watch: INFO    : send alive
2017-12-05 06:16:06,035: umgr.unschedule.pubsub.bridge.0000: umgr.unschedule.pubsub.bridge.0000.child: umgr.unschedule.pubsub.bridge.0000.child.watch: INFO    : put message: [umgr.unschedule.pubsub.bridge.0000.child.watch.thread] alive
2017-12-05 06:16:06,035: umgr.unschedule.pubsub.bridge.0000: umgr.unschedule.pubsub.bridge.0000.child: MainThread     : INFO    : get msg: alive
2017-12-05 06:16:06,035: umgr.unschedule.pubsub.bridge.0000: umgr.unschedule.pubsub.bridge.0000.child: MainThread     : DEBUG   : ru_initialize_common (NOOP)
2017-12-05 06:16:06,036: umgr.unschedule.pubsub.bridge.0000: umgr.unschedule.pubsub.bridge.0000.child: MainThread     : DEBUG   : ru_initialize_parent (NOOP)
2017-12-05 06:16:06,036: umgr.unschedule.pubsub.bridge.0000: umgr.unschedule.pubsub.bridge.0000.child: MainThread     : DEBUG   : child thread umgr.unschedule.pubsub.bridge.0000.child.watch started
2017-12-05 06:16:06,036: umgr.unschedule.pubsub.bridge.0000: umgr.unschedule.pubsub.bridge.0000.child: MainThread     : INFO    : child (me) is alive
2017-12-05 06:16:06,036: umgr.unschedule.pubsub.bridge.0000: umgr.unschedule.pubsub.bridge.0000.child: MainThread     : INFO    : send alive
2017-12-05 06:16:06,036: umgr.unschedule.pubsub.bridge.0000: umgr.unschedule.pubsub.bridge.0000.child: MainThread     : INFO    : send message: [umgr.unschedule.pubsub.bridge.0000.child] alive
2017-12-05 06:16:06,036: umgr.unschedule.pubsub.bridge.0000: task-manager                    : MainThread     : INFO    : recv message: alive
2017-12-05 06:16:06,036: umgr.unschedule.pubsub.bridge.0000: task-manager                    : MainThread     : DEBUG   : ru_initialize_common (NOOP)
2017-12-05 06:16:06,036: umgr.unschedule.pubsub.bridge.0000: task-manager                    : MainThread     : DEBUG   : ru_initialize_parent (NOOP)
2017-12-05 06:16:06,036: umgr.unschedule.pubsub.bridge.0000: task-manager                    : MainThread     : DEBUG   : parent name: umgr.unschedule.pubsub.bridge.0000.watch
2017-12-05 06:16:06,036: umgr.unschedule.pubsub.bridge.0000: task-manager                    : MainThread     : DEBUG   : start thread
2017-12-05 06:16:06,037: umgr.unschedule.pubsub.bridge.0000: task-manager                    : umgr.unschedule.pubsub.bridge.0000.watch: DEBUG   : child name: umgr.unschedule.pubsub.bridge.0000.watch.thread
2017-12-05 06:16:06,037: umgr.unschedule.pubsub.bridge.0000: task-manager                    : umgr.unschedule.pubsub.bridge.0000.watch: INFO    : child (me) initializing
2017-12-05 06:16:06,037: umgr.unschedule.pubsub.bridge.0000: task-manager                    : umgr.unschedule.pubsub.bridge.0000.watch: DEBUG   : ru_initialize_common (NOOP)
2017-12-05 06:16:06,037: umgr.unschedule.pubsub.bridge.0000: task-manager                    : umgr.unschedule.pubsub.bridge.0000.watch: DEBUG   : ru_initialize_child (NOOP)
2017-12-05 06:16:06,037: umgr.unschedule.pubsub.bridge.0000: task-manager                    : umgr.unschedule.pubsub.bridge.0000.watch: INFO    : send alive
2017-12-05 06:16:06,037: umgr.unschedule.pubsub.bridge.0000: task-manager                    : umgr.unschedule.pubsub.bridge.0000.watch: INFO    : put message: [umgr.unschedule.pubsub.bridge.0000.watch.thread] alive
2017-12-05 06:16:06,038: umgr.unschedule.pubsub.bridge.0000: task-manager                    : MainThread     : INFO    : get msg: alive
2017-12-05 06:16:06,038: umgr.unschedule.pubsub.bridge.0000: task-manager                    : MainThread     : DEBUG   : ru_initialize_common (NOOP)
2017-12-05 06:16:06,038: umgr.unschedule.pubsub.bridge.0000: task-manager                    : MainThread     : DEBUG   : ru_initialize_parent (NOOP)
2017-12-05 06:16:06,038: umgr.unschedule.pubsub.bridge.0000: task-manager                    : MainThread     : DEBUG   : child thread umgr.unschedule.pubsub.bridge.0000.watch started
2017-12-05 06:16:06,038: umgr.unschedule.pubsub.bridge.0000: task-manager                    : MainThread     : INFO    : child is alive
2017-12-05 06:16:06,038: umgr.unschedule.pubsub.bridge.0000: task-manager                    : MainThread     : DEBUG   : process class started child
2017-12-05 06:58:14,760: umgr.unschedule.pubsub.bridge.0000: umgr.unschedule.pubsub.bridge.0000.child: MainThread     : DEBUG   : ru_finalize_child (NOOP)
2017-12-05 06:58:14,761: umgr.unschedule.pubsub.bridge.0000: umgr.unschedule.pubsub.bridge.0000.child: MainThread     : INFO    : send message: [umgr.unschedule.pubsub.bridge.0000.child] terminating
2017-12-05 06:58:14,795: umgr.unschedule.pubsub.bridge.0000: umgr.unschedule.pubsub.bridge.0000.child: umgr.unschedule.pubsub.bridge.0000.child.watch: INFO    : watcher closes
2017-12-05 06:58:14,795: umgr.unschedule.pubsub.bridge.0000: umgr.unschedule.pubsub.bridge.0000.child: umgr.unschedule.pubsub.bridge.0000.child.watch: INFO    : put message: [umgr.unschedule.pubsub.bridge.0000.child.watch.thread] work finished
2017-12-05 06:58:14,795: umgr.unschedule.pubsub.bridge.0000: umgr.unschedule.pubsub.bridge.0000.child: umgr.unschedule.pubsub.bridge.0000.child.watch: DEBUG   : ru_finalize_child (NOOP)
2017-12-05 06:58:14,796: umgr.unschedule.pubsub.bridge.0000: umgr.unschedule.pubsub.bridge.0000.child: umgr.unschedule.pubsub.bridge.0000.child.watch: DEBUG   : ru_finalize_common (NOOP)
2017-12-05 06:58:14,796: umgr.unschedule.pubsub.bridge.0000: umgr.unschedule.pubsub.bridge.0000.child: umgr.unschedule.pubsub.bridge.0000.child.watch: INFO    : put message: [umgr.unschedule.pubsub.bridge.0000.child.watch.thread] terminating
