2017-12-05 06:16:06,044: umgr.scheduling.queue.bridge.0000.child: umgr.scheduling.queue.bridge.0000.child: MainThread     : INFO    : python.interpreter   version: 2.7.12 (default, Nov 19 2016, 06:48:10) [GCC 5.4.0 20160609]
2017-12-05 06:16:06,045: umgr.scheduling.queue.bridge.0000.child: umgr.scheduling.queue.bridge.0000.child: MainThread     : INFO    :                      pid: 32343
2017-12-05 06:16:06,045: umgr.scheduling.queue.bridge.0000.child: umgr.scheduling.queue.bridge.0000.child: MainThread     : INFO    :                      tid: MainThread
2017-12-05 06:16:06,045: umgr.scheduling.queue.bridge.0000.child: umgr.scheduling.queue.bridge.0000.child: MainThread     : INFO    : radical.pilot        version: 0.47-v0.46.2-183-g2c92e513@rc-v0.46.3
2017-12-05 06:16:06,045: umgr.scheduling.queue.bridge.0000.child: umgr.scheduling.queue.bridge.0000.child: MainThread     : INFO    : start bridge umgr.scheduling.queue.bridge.0000.child on tcp://*:*
2017-12-05 06:16:06,046: umgr.scheduling.queue.bridge.0000.child: umgr.scheduling.queue.bridge.0000.child: MainThread     : INFO    : bound bridge umgr.scheduling.queue.bridge.0000.child to tcp://0.0.0.0:37931 : tcp://0.0.0.0:40050
2017-12-05 06:16:07,220: umgr.scheduling.queue.bridge.0000.child: umgr.scheduling.queue.bridge.0000.child: MainThread     : DEBUG   : sent  1 [hwm: 1]
2017-12-05 06:16:07,350: umgr.scheduling.queue.bridge.0000.child: umgr.scheduling.queue.bridge.0000.child: MainThread     : DEBUG   : sent  1 [hwm: 1]
2017-12-05 06:16:07,485: umgr.scheduling.queue.bridge.0000.child: umgr.scheduling.queue.bridge.0000.child: MainThread     : DEBUG   : sent  1 [hwm: 1]
2017-12-05 06:16:07,618: umgr.scheduling.queue.bridge.0000.child: umgr.scheduling.queue.bridge.0000.child: MainThread     : DEBUG   : sent  1 [hwm: 1]
2017-12-05 06:16:07,736: umgr.scheduling.queue.bridge.0000.child: umgr.scheduling.queue.bridge.0000.child: MainThread     : DEBUG   : sent  1 [hwm: 1]
2017-12-05 06:16:07,849: umgr.scheduling.queue.bridge.0000.child: umgr.scheduling.queue.bridge.0000.child: MainThread     : DEBUG   : sent  1 [hwm: 1]
2017-12-05 06:16:07,961: umgr.scheduling.queue.bridge.0000.child: umgr.scheduling.queue.bridge.0000.child: MainThread     : DEBUG   : sent  1 [hwm: 1]
2017-12-05 06:16:08,067: umgr.scheduling.queue.bridge.0000.child: umgr.scheduling.queue.bridge.0000.child: MainThread     : DEBUG   : sent  1 [hwm: 1]
2017-12-05 06:16:08,173: umgr.scheduling.queue.bridge.0000.child: umgr.scheduling.queue.bridge.0000.child: MainThread     : DEBUG   : sent  1 [hwm: 1]
2017-12-05 06:16:08,281: umgr.scheduling.queue.bridge.0000.child: umgr.scheduling.queue.bridge.0000.child: MainThread     : DEBUG   : sent  1 [hwm: 1]
2017-12-05 06:16:08,389: umgr.scheduling.queue.bridge.0000.child: umgr.scheduling.queue.bridge.0000.child: MainThread     : DEBUG   : sent  1 [hwm: 1]
2017-12-05 06:16:08,495: umgr.scheduling.queue.bridge.0000.child: umgr.scheduling.queue.bridge.0000.child: MainThread     : DEBUG   : sent  1 [hwm: 1]
2017-12-05 06:16:08,601: umgr.scheduling.queue.bridge.0000.child: umgr.scheduling.queue.bridge.0000.child: MainThread     : DEBUG   : sent  1 [hwm: 1]
2017-12-05 06:16:08,714: umgr.scheduling.queue.bridge.0000.child: umgr.scheduling.queue.bridge.0000.child: MainThread     : DEBUG   : sent  1 [hwm: 1]
2017-12-05 06:16:08,833: umgr.scheduling.queue.bridge.0000.child: umgr.scheduling.queue.bridge.0000.child: MainThread     : DEBUG   : sent  1 [hwm: 1]
2017-12-05 06:16:08,948: umgr.scheduling.queue.bridge.0000.child: umgr.scheduling.queue.bridge.0000.child: MainThread     : DEBUG   : sent  1 [hwm: 1]
2017-12-05 06:20:01,608: umgr.scheduling.queue.bridge.0000.child: umgr.scheduling.queue.bridge.0000.child: MainThread     : DEBUG   : sent  1 [hwm: 1]
2017-12-05 06:20:01,732: umgr.scheduling.queue.bridge.0000.child: umgr.scheduling.queue.bridge.0000.child: MainThread     : DEBUG   : sent  1 [hwm: 1]
2017-12-05 06:20:01,846: umgr.scheduling.queue.bridge.0000.child: umgr.scheduling.queue.bridge.0000.child: MainThread     : DEBUG   : sent  1 [hwm: 1]
2017-12-05 06:20:01,972: umgr.scheduling.queue.bridge.0000.child: umgr.scheduling.queue.bridge.0000.child: MainThread     : DEBUG   : sent  1 [hwm: 1]
2017-12-05 06:20:02,083: umgr.scheduling.queue.bridge.0000.child: umgr.scheduling.queue.bridge.0000.child: MainThread     : DEBUG   : sent  1 [hwm: 1]
2017-12-05 06:20:02,221: umgr.scheduling.queue.bridge.0000.child: umgr.scheduling.queue.bridge.0000.child: MainThread     : DEBUG   : sent  1 [hwm: 1]
2017-12-05 06:20:02,355: umgr.scheduling.queue.bridge.0000.child: umgr.scheduling.queue.bridge.0000.child: MainThread     : DEBUG   : sent  1 [hwm: 1]
2017-12-05 06:20:02,482: umgr.scheduling.queue.bridge.0000.child: umgr.scheduling.queue.bridge.0000.child: MainThread     : DEBUG   : sent  1 [hwm: 1]
2017-12-05 06:20:02,604: umgr.scheduling.queue.bridge.0000.child: umgr.scheduling.queue.bridge.0000.child: MainThread     : DEBUG   : sent  1 [hwm: 1]
2017-12-05 06:20:02,724: umgr.scheduling.queue.bridge.0000.child: umgr.scheduling.queue.bridge.0000.child: MainThread     : DEBUG   : sent  1 [hwm: 1]
2017-12-05 06:20:02,840: umgr.scheduling.queue.bridge.0000.child: umgr.scheduling.queue.bridge.0000.child: MainThread     : DEBUG   : sent  1 [hwm: 1]
2017-12-05 06:20:02,954: umgr.scheduling.queue.bridge.0000.child: umgr.scheduling.queue.bridge.0000.child: MainThread     : DEBUG   : sent  1 [hwm: 1]
2017-12-05 06:20:03,068: umgr.scheduling.queue.bridge.0000.child: umgr.scheduling.queue.bridge.0000.child: MainThread     : DEBUG   : sent  1 [hwm: 1]
2017-12-05 06:20:03,181: umgr.scheduling.queue.bridge.0000.child: umgr.scheduling.queue.bridge.0000.child: MainThread     : DEBUG   : sent  1 [hwm: 1]
2017-12-05 06:20:03,301: umgr.scheduling.queue.bridge.0000.child: umgr.scheduling.queue.bridge.0000.child: MainThread     : DEBUG   : sent  1 [hwm: 1]
2017-12-05 06:20:03,424: umgr.scheduling.queue.bridge.0000.child: umgr.scheduling.queue.bridge.0000.child: MainThread     : DEBUG   : sent  1 [hwm: 1]
2017-12-05 06:23:02,013: umgr.scheduling.queue.bridge.0000.child: umgr.scheduling.queue.bridge.0000.child: MainThread     : DEBUG   : sent  1 [hwm: 1]
2017-12-05 06:23:02,139: umgr.scheduling.queue.bridge.0000.child: umgr.scheduling.queue.bridge.0000.child: MainThread     : DEBUG   : sent  1 [hwm: 1]
2017-12-05 06:23:02,253: umgr.scheduling.queue.bridge.0000.child: umgr.scheduling.queue.bridge.0000.child: MainThread     : DEBUG   : sent  1 [hwm: 1]
2017-12-05 06:23:02,378: umgr.scheduling.queue.bridge.0000.child: umgr.scheduling.queue.bridge.0000.child: MainThread     : DEBUG   : sent  1 [hwm: 1]
2017-12-05 06:23:02,501: umgr.scheduling.queue.bridge.0000.child: umgr.scheduling.queue.bridge.0000.child: MainThread     : DEBUG   : sent  1 [hwm: 1]
2017-12-05 06:23:02,615: umgr.scheduling.queue.bridge.0000.child: umgr.scheduling.queue.bridge.0000.child: MainThread     : DEBUG   : sent  1 [hwm: 1]
2017-12-05 06:23:02,727: umgr.scheduling.queue.bridge.0000.child: umgr.scheduling.queue.bridge.0000.child: MainThread     : DEBUG   : sent  1 [hwm: 1]
2017-12-05 06:23:02,841: umgr.scheduling.queue.bridge.0000.child: umgr.scheduling.queue.bridge.0000.child: MainThread     : DEBUG   : sent  1 [hwm: 1]
2017-12-05 06:23:02,956: umgr.scheduling.queue.bridge.0000.child: umgr.scheduling.queue.bridge.0000.child: MainThread     : DEBUG   : sent  1 [hwm: 1]
2017-12-05 06:23:03,081: umgr.scheduling.queue.bridge.0000.child: umgr.scheduling.queue.bridge.0000.child: MainThread     : DEBUG   : sent  1 [hwm: 1]
2017-12-05 06:23:03,196: umgr.scheduling.queue.bridge.0000.child: umgr.scheduling.queue.bridge.0000.child: MainThread     : DEBUG   : sent  1 [hwm: 1]
2017-12-05 06:23:03,318: umgr.scheduling.queue.bridge.0000.child: umgr.scheduling.queue.bridge.0000.child: MainThread     : DEBUG   : sent  1 [hwm: 1]
2017-12-05 06:23:03,436: umgr.scheduling.queue.bridge.0000.child: umgr.scheduling.queue.bridge.0000.child: MainThread     : DEBUG   : sent  1 [hwm: 1]
2017-12-05 06:23:03,559: umgr.scheduling.queue.bridge.0000.child: umgr.scheduling.queue.bridge.0000.child: MainThread     : DEBUG   : sent  1 [hwm: 1]
2017-12-05 06:23:03,689: umgr.scheduling.queue.bridge.0000.child: umgr.scheduling.queue.bridge.0000.child: MainThread     : DEBUG   : sent  1 [hwm: 1]
2017-12-05 06:23:03,797: umgr.scheduling.queue.bridge.0000.child: umgr.scheduling.queue.bridge.0000.child: MainThread     : DEBUG   : sent  1 [hwm: 1]
2017-12-05 06:53:57,093: umgr.scheduling.queue.bridge.0000.child: umgr.scheduling.queue.bridge.0000.child: MainThread     : DEBUG   : sent  1 [hwm: 1]
2017-12-05 06:53:57,226: umgr.scheduling.queue.bridge.0000.child: umgr.scheduling.queue.bridge.0000.child: MainThread     : DEBUG   : sent  1 [hwm: 1]
2017-12-05 06:53:57,352: umgr.scheduling.queue.bridge.0000.child: umgr.scheduling.queue.bridge.0000.child: MainThread     : DEBUG   : sent  1 [hwm: 1]
2017-12-05 06:53:57,479: umgr.scheduling.queue.bridge.0000.child: umgr.scheduling.queue.bridge.0000.child: MainThread     : DEBUG   : sent  1 [hwm: 1]
2017-12-05 06:53:57,596: umgr.scheduling.queue.bridge.0000.child: umgr.scheduling.queue.bridge.0000.child: MainThread     : DEBUG   : sent  1 [hwm: 1]
2017-12-05 06:53:57,739: umgr.scheduling.queue.bridge.0000.child: umgr.scheduling.queue.bridge.0000.child: MainThread     : DEBUG   : sent  1 [hwm: 1]
2017-12-05 06:53:57,873: umgr.scheduling.queue.bridge.0000.child: umgr.scheduling.queue.bridge.0000.child: MainThread     : DEBUG   : sent  1 [hwm: 1]
2017-12-05 06:53:57,989: umgr.scheduling.queue.bridge.0000.child: umgr.scheduling.queue.bridge.0000.child: MainThread     : DEBUG   : sent  1 [hwm: 1]
2017-12-05 06:53:58,111: umgr.scheduling.queue.bridge.0000.child: umgr.scheduling.queue.bridge.0000.child: MainThread     : DEBUG   : sent  1 [hwm: 1]
2017-12-05 06:53:58,238: umgr.scheduling.queue.bridge.0000.child: umgr.scheduling.queue.bridge.0000.child: MainThread     : DEBUG   : sent  1 [hwm: 1]
2017-12-05 06:53:58,361: umgr.scheduling.queue.bridge.0000.child: umgr.scheduling.queue.bridge.0000.child: MainThread     : DEBUG   : sent  1 [hwm: 1]
2017-12-05 06:53:58,517: umgr.scheduling.queue.bridge.0000.child: umgr.scheduling.queue.bridge.0000.child: MainThread     : DEBUG   : sent  1 [hwm: 1]
2017-12-05 06:53:58,645: umgr.scheduling.queue.bridge.0000.child: umgr.scheduling.queue.bridge.0000.child: MainThread     : DEBUG   : sent  1 [hwm: 1]
2017-12-05 06:53:58,783: umgr.scheduling.queue.bridge.0000.child: umgr.scheduling.queue.bridge.0000.child: MainThread     : DEBUG   : sent  1 [hwm: 1]
2017-12-05 06:53:58,901: umgr.scheduling.queue.bridge.0000.child: umgr.scheduling.queue.bridge.0000.child: MainThread     : DEBUG   : sent  1 [hwm: 1]
2017-12-05 06:53:59,012: umgr.scheduling.queue.bridge.0000.child: umgr.scheduling.queue.bridge.0000.child: MainThread     : DEBUG   : sent  1 [hwm: 1]
2017-12-05 06:58:16,196: umgr.scheduling.queue.bridge.0000.child: umgr.scheduling.queue.bridge.0000.child: MainThread     : WARNING : not alive anymore?
