2017-12-05 06:12:42,306: update.0            : MainProcess                     : MainThread     : INFO    : python.interpreter   version: 2.7.12 (default, Nov 19 2016, 06:48:10) [GCC 5.4.0 20160609]
2017-12-05 06:12:42,306: update.0            : MainProcess                     : MainThread     : INFO    :                      pid: 23966
2017-12-05 06:12:42,306: update.0            : MainProcess                     : MainThread     : INFO    :                      tid: MainThread
2017-12-05 06:12:42,307: update.0            : MainProcess                     : MainThread     : INFO    : radical.pilot        version: 0.47-v0.46.2-183-g2c92e513@rc-v0.46.3
2017-12-05 06:12:42,321: update.0            : MainProcess                     : MainThread     : DEBUG   : alive check in term
2017-12-05 06:12:42,321: update.0            : MainProcess                     : MainThread     : DEBUG   : start process
2017-12-05 06:12:43,017: update.0            : MainProcess                     : MainThread     : INFO    : recv message: alive
2017-12-05 06:12:43,017: update.0            : MainProcess                     : MainThread     : INFO    : initialize update.0
2017-12-05 06:12:43,021: update.0            : MainProcess                     : MainThread     : INFO    : cfg: {'agents': {},
 u'bridges': {u'control_pubsub': {'addr_in': 'tcp://138.201.86.166:34723',
                                  'addr_out': 'tcp://138.201.86.166:42592',
                                  u'bulk_size': 0,
                                  u'log_level': u'debug',
                                  u'stall_hwm': 1},
              u'log_pubsub': {'addr_in': 'tcp://138.201.86.166:35793',
                              'addr_out': 'tcp://138.201.86.166:45716',
                              u'bulk_size': 0,
                              u'log_level': u'debug',
                              u'stall_hwm': 1},
              u'state_pubsub': {'addr_in': 'tcp://138.201.86.166:36400',
                                'addr_out': 'tcp://138.201.86.166:33605',
                                u'bulk_size': 0,
                                u'log_level': u'debug',
                                u'stall_hwm': 1}},
 'cname': u'UpdateWorker',
 u'components': {},
 u'count': 1,
 'dburl': 'mongodb://jdakka:mongo@ds231715.mlab.com:31715/new_htbac',
 'debug': 'DEBUG',
 u'default_dburl': u'mongodb://rp:rp@ds015335.mlab.com:15335/rp',
 'logdir': '/home/jdakka/radical_htbac/esmacs_2_instances/radical.htbac/examples/rp.session.two.jdakka.017505.0013',
 'number': 0,
 'owner': 'rp.session.two.jdakka.017505.0013',
 'session_id': 'rp.session.two.jdakka.017505.0013'}
2017-12-05 06:12:43,021: update.0            : MainProcess                     : MainThread     : DEBUG   : alive check in term
2017-12-05 06:12:43,021: update.0            : MainProcess                     : MainThread     : DEBUG   : START: update.0 register publisher log_pubsub
2017-12-05 06:12:43,021: update.0            : MainProcess                     : MainThread     : DEBUG   : using addr tcp://138.201.86.166:35793 for pubsub log_pubsub
2017-12-05 06:12:43,026: update.0            : MainProcess                     : MainThread     : DEBUG   : registered publisher : log_pubsub : log.pubsub.pub.0000
2017-12-05 06:12:43,026: update.0            : MainProcess                     : MainThread     : DEBUG   : alive check in term
2017-12-05 06:12:43,026: update.0            : MainProcess                     : MainThread     : DEBUG   : START: update.0 register publisher state_pubsub
2017-12-05 06:12:43,026: update.0            : MainProcess                     : MainThread     : DEBUG   : using addr tcp://138.201.86.166:36400 for pubsub state_pubsub
2017-12-05 06:12:43,029: update.0            : MainProcess                     : MainThread     : DEBUG   : registered publisher : state_pubsub : state.pubsub.pub.0000
2017-12-05 06:12:43,029: update.0            : MainProcess                     : MainThread     : DEBUG   : alive check in term
2017-12-05 06:12:43,029: update.0            : MainProcess                     : MainThread     : DEBUG   : START: update.0 register publisher control_pubsub
2017-12-05 06:12:43,029: update.0            : MainProcess                     : MainThread     : DEBUG   : using addr tcp://138.201.86.166:34723 for pubsub control_pubsub
2017-12-05 06:12:43,032: update.0            : MainProcess                     : MainThread     : DEBUG   : registered publisher : control_pubsub : control.pubsub.pub.0000
2017-12-05 06:12:43,033: update.0            : MainProcess                     : MainThread     : DEBUG   : parent name: update.0.watch
2017-12-05 06:12:43,034: update.0            : MainProcess                     : MainThread     : DEBUG   : start thread
2017-12-05 06:12:43,034: update.0            : MainProcess                     : update.0.watch : DEBUG   : child name: update.0.watch.thread
2017-12-05 06:12:43,034: update.0            : MainProcess                     : update.0.watch : INFO    : child (me) initializing
2017-12-05 06:12:43,035: update.0            : MainProcess                     : update.0.watch : DEBUG   : ru_initialize_common (NOOP)
2017-12-05 06:12:43,035: update.0            : MainProcess                     : update.0.watch : DEBUG   : ru_initialize_child (NOOP)
2017-12-05 06:12:43,035: update.0            : MainProcess                     : update.0.watch : INFO    : send alive
2017-12-05 06:12:43,035: update.0            : MainProcess                     : update.0.watch : INFO    : put message: [update.0.watch.thread] alive
2017-12-05 06:12:43,036: update.0            : MainProcess                     : MainThread     : INFO    : get msg: alive
2017-12-05 06:12:43,036: update.0            : MainProcess                     : MainThread     : DEBUG   : ru_initialize_common (NOOP)
2017-12-05 06:12:43,036: update.0            : MainProcess                     : MainThread     : DEBUG   : ru_initialize_parent (NOOP)
2017-12-05 06:12:43,036: update.0            : MainProcess                     : MainThread     : DEBUG   : child thread update.0.watch started
2017-12-05 06:12:43,036: update.0            : MainProcess                     : MainThread     : INFO    : child is alive
2017-12-05 06:12:43,036: update.0            : MainProcess                     : MainThread     : DEBUG   : process class started child
2017-12-05 06:58:35,380: update.0            : MainProcess                     : MainThread     : INFO    : stop update.0 (23966 : 24081 : MainThread) [radical.pilot.worker.update.Update.stop]
2017-12-05 06:58:35,410: update.0            : MainProcess                     : MainThread     : INFO    : parent stops child  23966 -> 24081 [update.0]
2017-12-05 06:58:35,411: update.0            : MainProcess                     : MainThread     : INFO    : send message: [update.0] STOP
2017-12-05 06:58:35,411: update.0            : MainProcess                     : MainThread     : DEBUG   : ru_finalize_common()
2017-12-05 06:58:35,411: update.0            : MainProcess                     : MainThread     : DEBUG   : TERM : update.0 unregister publisher log_pubsub
2017-12-05 06:58:35,412: update.0            : MainProcess                     : MainThread     : DEBUG   : unregistered publisher log_pubsub
2017-12-05 06:58:35,412: update.0            : MainProcess                     : MainThread     : DEBUG   : TERM : update.0 unregister publisher state_pubsub
2017-12-05 06:58:35,413: update.0            : MainProcess                     : MainThread     : DEBUG   : unregistered publisher state_pubsub
2017-12-05 06:58:35,414: update.0            : MainProcess                     : MainThread     : DEBUG   : TERM : update.0 unregister publisher control_pubsub
2017-12-05 06:58:35,415: update.0            : MainProcess                     : MainThread     : DEBUG   : unregistered publisher control_pubsub
2017-12-05 06:58:35,415: update.0            : MainProcess                     : MainThread     : DEBUG   : update.0 close prof
2017-12-05 06:58:35,447: update.0            : MainProcess                     : MainThread     : INFO    : parent stops child
2017-12-05 06:58:35,447: update.0            : MainProcess                     : MainThread     : DEBUG   : ru_finalize_parent (NOOP)
2017-12-05 06:58:35,448: update.0            : MainProcess                     : MainThread     : DEBUG   : ru_finalize_common (NOOP)
2017-12-05 06:58:35,462: update.0            : MainProcess                     : update.0.watch : INFO    : watcher closes
2017-12-05 06:58:35,462: update.0            : MainProcess                     : update.0.watch : INFO    : put message: [update.0.watch.thread] work finished
2017-12-05 06:58:35,462: update.0            : MainProcess                     : update.0.watch : DEBUG   : ru_finalize_child (NOOP)
2017-12-05 06:58:35,462: update.0            : MainProcess                     : update.0.watch : DEBUG   : ru_finalize_common (NOOP)
2017-12-05 06:58:35,462: update.0            : MainProcess                     : update.0.watch : INFO    : put message: [update.0.watch.thread] terminating
2017-12-05 06:58:38,341: update.0            : MainProcess                     : MainThread     : INFO    : stop update.0 (23966 : 24081 : MainThread) [radical.pilot.worker.update.Update.stop]
