2017-12-05 06:12:42,327: update.0.child      : update.0                        : MainThread     : INFO    : python.interpreter   version: 2.7.12 (default, Nov 19 2016, 06:48:10) [GCC 5.4.0 20160609]
2017-12-05 06:12:42,328: update.0.child      : update.0                        : MainThread     : INFO    :                      pid: 24081
2017-12-05 06:12:42,328: update.0.child      : update.0                        : MainThread     : INFO    :                      tid: MainThread
2017-12-05 06:12:42,329: update.0.child      : update.0                        : MainThread     : INFO    : radical.pilot        version: 0.47-v0.46.2-183-g2c92e513@rc-v0.46.3
2017-12-05 06:12:42,452: update.0.child      : update.0                        : MainThread     : INFO    : initialize update.0.child
2017-12-05 06:12:42,457: update.0.child      : update.0                        : MainThread     : INFO    : cfg: {'agents': {},
 u'bridges': {u'control_pubsub': {'addr_in': 'tcp://138.201.86.166:34723',
                                  'addr_out': 'tcp://138.201.86.166:42592',
                                  u'bulk_size': 0,
                                  u'log_level': u'debug',
                                  u'stall_hwm': 1},
              u'log_pubsub': {'addr_in': 'tcp://138.201.86.166:35793',
                              'addr_out': 'tcp://138.201.86.166:45716',
                              u'bulk_size': 0,
                              u'log_level': u'debug',
                              u'stall_hwm': 1},
              u'state_pubsub': {'addr_in': 'tcp://138.201.86.166:36400',
                                'addr_out': 'tcp://138.201.86.166:33605',
                                u'bulk_size': 0,
                                u'log_level': u'debug',
                                u'stall_hwm': 1}},
 'cname': u'UpdateWorker',
 u'components': {},
 u'count': 1,
 'dburl': 'mongodb://jdakka:mongo@ds231715.mlab.com:31715/new_htbac',
 'debug': 'DEBUG',
 u'default_dburl': u'mongodb://rp:rp@ds015335.mlab.com:15335/rp',
 'logdir': '/home/jdakka/radical_htbac/esmacs_2_instances/radical.htbac/examples/rp.session.two.jdakka.017505.0013',
 'number': 0,
 'owner': 'rp.session.two.jdakka.017505.0013',
 'session_id': 'rp.session.two.jdakka.017505.0013'}
2017-12-05 06:12:42,457: update.0.child      : update.0                        : MainThread     : DEBUG   : start components: {}
2017-12-05 06:12:42,457: update.0.child      : update.0                        : MainThread     : DEBUG   : alive check in term
2017-12-05 06:12:42,457: update.0.child      : update.0                        : MainThread     : DEBUG   : START: update.0.child register publisher log_pubsub
2017-12-05 06:12:42,458: update.0.child      : update.0                        : MainThread     : DEBUG   : using addr tcp://138.201.86.166:35793 for pubsub log_pubsub
2017-12-05 06:12:42,462: update.0.child      : update.0                        : MainThread     : DEBUG   : registered publisher : log_pubsub : log.pubsub.pub.0000
2017-12-05 06:12:42,462: update.0.child      : update.0                        : MainThread     : DEBUG   : alive check in term
2017-12-05 06:12:42,462: update.0.child      : update.0                        : MainThread     : DEBUG   : START: update.0.child register publisher state_pubsub
2017-12-05 06:12:42,462: update.0.child      : update.0                        : MainThread     : DEBUG   : using addr tcp://138.201.86.166:36400 for pubsub state_pubsub
2017-12-05 06:12:42,466: update.0.child      : update.0                        : MainThread     : DEBUG   : registered publisher : state_pubsub : state.pubsub.pub.0000
2017-12-05 06:12:42,466: update.0.child      : update.0                        : MainThread     : DEBUG   : alive check in term
2017-12-05 06:12:42,466: update.0.child      : update.0                        : MainThread     : DEBUG   : START: update.0.child register publisher control_pubsub
2017-12-05 06:12:42,467: update.0.child      : update.0                        : MainThread     : DEBUG   : using addr tcp://138.201.86.166:34723 for pubsub control_pubsub
2017-12-05 06:12:42,479: update.0.child      : update.0                        : MainThread     : DEBUG   : registered publisher : control_pubsub : control.pubsub.pub.0000
2017-12-05 06:12:42,480: update.0.child      : update.0                        : MainThread     : DEBUG   : alive check in term
2017-12-05 06:12:42,480: update.0.child      : update.0                        : MainThread     : DEBUG   : START: update.0.child register subscriber update.0.child.subscriber._cancel_monitor_cb
2017-12-05 06:12:42,480: update.0.child      : update.0                        : MainThread     : DEBUG   : using addr tcp://138.201.86.166:42592 for pubsub control_pubsub
2017-12-05 06:12:42,484: update.0.child      : update.0                        : MainThread     : DEBUG   : parent name: update.0.child.subscriber._cancel_monitor_cb
2017-12-05 06:12:42,484: update.0.child      : update.0                        : MainThread     : DEBUG   : start thread
2017-12-05 06:12:42,485: update.0.child      : update.0                        : update.0.child.subscriber._cancel_monitor_cb: DEBUG   : child name: update.0.child.subscriber._cancel_monitor_cb.thread
2017-12-05 06:12:42,485: update.0.child      : update.0                        : update.0.child.subscriber._cancel_monitor_cb: INFO    : child (me) initializing
2017-12-05 06:12:42,485: update.0.child      : update.0                        : update.0.child.subscriber._cancel_monitor_cb: DEBUG   : ru_initialize_common (NOOP)
2017-12-05 06:12:42,485: update.0.child      : update.0                        : update.0.child.subscriber._cancel_monitor_cb: DEBUG   : ru_initialize_child (NOOP)
2017-12-05 06:12:42,485: update.0.child      : update.0                        : update.0.child.subscriber._cancel_monitor_cb: INFO    : send alive
2017-12-05 06:12:42,486: update.0.child      : update.0                        : update.0.child.subscriber._cancel_monitor_cb: INFO    : put message: [update.0.child.subscriber._cancel_monitor_cb.thread] alive
2017-12-05 06:12:42,486: update.0.child      : update.0                        : MainThread     : INFO    : get msg: alive
2017-12-05 06:12:42,487: update.0.child      : update.0                        : MainThread     : DEBUG   : ru_initialize_common (NOOP)
2017-12-05 06:12:42,487: update.0.child      : update.0                        : MainThread     : DEBUG   : ru_initialize_parent (NOOP)
2017-12-05 06:12:42,487: update.0.child      : update.0                        : MainThread     : DEBUG   : child thread update.0.child.subscriber._cancel_monitor_cb started
2017-12-05 06:12:42,487: update.0.child      : update.0                        : MainThread     : DEBUG   : update.0.child registered control_pubsub subscriber update.0.child.subscriber._cancel_monitor_cb
2017-12-05 06:12:43,001: update.0.child      : update.0                        : MainThread     : DEBUG   : alive check in term
2017-12-05 06:12:43,001: update.0.child      : update.0                        : MainThread     : DEBUG   : START: update.0.child register subscriber update.0.child.subscriber._state_cb
2017-12-05 06:12:43,001: update.0.child      : update.0                        : MainThread     : DEBUG   : using addr tcp://138.201.86.166:33605 for pubsub state_pubsub
2017-12-05 06:12:43,006: update.0.child      : update.0                        : MainThread     : DEBUG   : parent name: update.0.child.subscriber._state_cb
2017-12-05 06:12:43,006: update.0.child      : update.0                        : MainThread     : DEBUG   : start thread
2017-12-05 06:12:43,007: update.0.child      : update.0                        : update.0.child.subscriber._state_cb: DEBUG   : child name: update.0.child.subscriber._state_cb.thread
2017-12-05 06:12:43,007: update.0.child      : update.0                        : update.0.child.subscriber._state_cb: INFO    : child (me) initializing
2017-12-05 06:12:43,007: update.0.child      : update.0                        : update.0.child.subscriber._state_cb: DEBUG   : ru_initialize_common (NOOP)
2017-12-05 06:12:43,007: update.0.child      : update.0                        : update.0.child.subscriber._state_cb: DEBUG   : ru_initialize_child (NOOP)
2017-12-05 06:12:43,008: update.0.child      : update.0                        : update.0.child.subscriber._state_cb: INFO    : send alive
2017-12-05 06:12:43,008: update.0.child      : update.0                        : update.0.child.subscriber._state_cb: INFO    : put message: [update.0.child.subscriber._state_cb.thread] alive
2017-12-05 06:12:43,008: update.0.child      : update.0                        : MainThread     : INFO    : get msg: alive
2017-12-05 06:12:43,008: update.0.child      : update.0                        : MainThread     : DEBUG   : ru_initialize_common (NOOP)
2017-12-05 06:12:43,009: update.0.child      : update.0                        : MainThread     : DEBUG   : ru_initialize_parent (NOOP)
2017-12-05 06:12:43,009: update.0.child      : update.0                        : MainThread     : DEBUG   : child thread update.0.child.subscriber._state_cb started
2017-12-05 06:12:43,009: update.0.child      : update.0                        : MainThread     : DEBUG   : update.0.child registered state_pubsub subscriber update.0.child.subscriber._state_cb
2017-12-05 06:12:43,009: update.0.child      : update.0                        : MainThread     : DEBUG   : alive check in term
2017-12-05 06:12:43,009: update.0.child      : update.0                        : MainThread     : DEBUG   : START: update.0.child register idler update.0.child.idler._idle_cb
2017-12-05 06:12:43,010: update.0.child      : update.0                        : MainThread     : DEBUG   : parent name: update.0.child.idler._idle_cb
2017-12-05 06:12:43,010: update.0.child      : update.0                        : MainThread     : DEBUG   : start thread
2017-12-05 06:12:43,010: update.0.child      : update.0                        : update.0.child.idler._idle_cb: DEBUG   : child name: update.0.child.idler._idle_cb.thread
2017-12-05 06:12:43,011: update.0.child      : update.0                        : update.0.child.idler._idle_cb: INFO    : child (me) initializing
2017-12-05 06:12:43,011: update.0.child      : update.0                        : update.0.child.idler._idle_cb: DEBUG   : ru_initialize_common (NOOP)
2017-12-05 06:12:43,011: update.0.child      : update.0                        : update.0.child.idler._idle_cb: DEBUG   : ru_initialize_child (NOOP)
2017-12-05 06:12:43,011: update.0.child      : update.0                        : update.0.child.idler._idle_cb: INFO    : send alive
2017-12-05 06:12:43,011: update.0.child      : update.0                        : update.0.child.idler._idle_cb: INFO    : put message: [update.0.child.idler._idle_cb.thread] alive
2017-12-05 06:12:43,012: update.0.child      : update.0                        : MainThread     : INFO    : get msg: alive
2017-12-05 06:12:43,012: update.0.child      : update.0                        : MainThread     : DEBUG   : ru_initialize_common (NOOP)
2017-12-05 06:12:43,012: update.0.child      : update.0                        : MainThread     : DEBUG   : ru_initialize_parent (NOOP)
2017-12-05 06:12:43,013: update.0.child      : update.0                        : MainThread     : DEBUG   : child thread update.0.child.idler._idle_cb started
2017-12-05 06:12:43,013: update.0.child      : update.0                        : MainThread     : DEBUG   : update.0.child registered idler update.0.child.idler._idle_cb
2017-12-05 06:12:43,013: update.0.child      : update.0                        : MainThread     : INFO    : child (me) initializing
2017-12-05 06:12:43,013: update.0.child      : update.0                        : MainThread     : DEBUG   : parent name: update.0.child.watch
2017-12-05 06:12:43,014: update.0.child      : update.0                        : MainThread     : DEBUG   : start thread
2017-12-05 06:12:43,014: update.0.child      : update.0                        : update.0.child.watch: DEBUG   : child name: update.0.child.watch.thread
2017-12-05 06:12:43,014: update.0.child      : update.0                        : update.0.child.watch: INFO    : child (me) initializing
2017-12-05 06:12:43,015: update.0.child      : update.0                        : update.0.child.watch: DEBUG   : ru_initialize_common (NOOP)
2017-12-05 06:12:43,015: update.0.child      : update.0                        : update.0.child.watch: DEBUG   : ru_initialize_child (NOOP)
2017-12-05 06:12:43,015: update.0.child      : update.0                        : update.0.child.watch: INFO    : send alive
2017-12-05 06:12:43,015: update.0.child      : update.0                        : update.0.child.watch: INFO    : put message: [update.0.child.watch.thread] alive
2017-12-05 06:12:43,015: update.0.child      : update.0                        : MainThread     : INFO    : get msg: alive
2017-12-05 06:12:43,016: update.0.child      : update.0                        : MainThread     : DEBUG   : ru_initialize_common (NOOP)
2017-12-05 06:12:43,016: update.0.child      : update.0                        : MainThread     : DEBUG   : ru_initialize_parent (NOOP)
2017-12-05 06:12:43,016: update.0.child      : update.0                        : MainThread     : DEBUG   : child thread update.0.child.watch started
2017-12-05 06:12:43,016: update.0.child      : update.0                        : MainThread     : INFO    : child (me) is alive
2017-12-05 06:12:43,016: update.0.child      : update.0                        : MainThread     : INFO    : send alive
2017-12-05 06:12:43,016: update.0.child      : update.0                        : MainThread     : INFO    : send message: [update.0.child] alive
2017-12-05 06:12:49,384: update.0.child      : update.0                        : update.0.child.subscriber._state_cb: DEBUG   : bulk update result: {'nModified': 1, 'nUpserted': 0, 'nMatched': 1, 'writeErrors': [], 'upserted': [], 'writeConcernErrors': [], 'nRemoved': 0, 'nInserted': 0}
2017-12-05 06:12:51,130: update.0.child      : update.0                        : update.0.child.idler._idle_cb: DEBUG   : bulk update result: {'nModified': 1, 'nUpserted': 0, 'nMatched': 1, 'writeErrors': [], 'upserted': [], 'writeConcernErrors': [], 'nRemoved': 0, 'nInserted': 0}
2017-12-05 06:13:29,172: update.0.child      : update.0                        : update.0.child.subscriber._state_cb: DEBUG   : bulk update result: {'nModified': 1, 'nUpserted': 0, 'nMatched': 1, 'writeErrors': [], 'upserted': [], 'writeConcernErrors': [], 'nRemoved': 0, 'nInserted': 0}
2017-12-05 06:16:05,935: update.0.child      : update.0                        : update.0.child.subscriber._state_cb: DEBUG   : bulk update result: {'nModified': 1, 'nUpserted': 0, 'nMatched': 1, 'writeErrors': [], 'upserted': [], 'writeConcernErrors': [], 'nRemoved': 0, 'nInserted': 0}
2017-12-05 06:16:07,112: update.0.child      : update.0                        : update.0.child.subscriber._cancel_monitor_cb: DEBUG   : command ignored: add_pilots
2017-12-05 06:16:07,323: update.0.child      : update.0                        : update.0.child.subscriber._state_cb: DEBUG   : bulk update result: {'nModified': 1, 'nUpserted': 0, 'nMatched': 1, 'writeErrors': [], 'upserted': [], 'writeConcernErrors': [], 'nRemoved': 0, 'nInserted': 0}
2017-12-05 06:16:08,511: update.0.child      : update.0                        : update.0.child.subscriber._state_cb: DEBUG   : bulk update result: {'nModified': 45, 'nUpserted': 0, 'nMatched': 45, 'writeErrors': [], 'upserted': [], 'writeConcernErrors': [], 'nRemoved': 0, 'nInserted': 0}
2017-12-05 06:16:09,805: update.0.child      : update.0                        : update.0.child.idler._idle_cb: DEBUG   : bulk update result: {'nModified': 34, 'nUpserted': 0, 'nMatched': 34, 'writeErrors': [], 'upserted': [], 'writeConcernErrors': [], 'nRemoved': 0, 'nInserted': 0}
2017-12-05 06:20:00,985: update.0.child      : update.0                        : update.0.child.subscriber._state_cb: DEBUG   : bulk update result: {'nModified': 16, 'nUpserted': 0, 'nMatched': 16, 'writeErrors': [], 'upserted': [], 'writeConcernErrors': [], 'nRemoved': 0, 'nInserted': 0}
2017-12-05 06:20:02,323: update.0.child      : update.0                        : update.0.child.subscriber._state_cb: DEBUG   : bulk update result: {'nModified': 48, 'nUpserted': 0, 'nMatched': 48, 'writeErrors': [], 'upserted': [], 'writeConcernErrors': [], 'nRemoved': 0, 'nInserted': 0}
2017-12-05 06:20:03,392: update.0.child      : update.0                        : update.0.child.subscriber._state_cb: DEBUG   : bulk update result: {'nModified': 45, 'nUpserted': 0, 'nMatched': 45, 'writeErrors': [], 'upserted': [], 'writeConcernErrors': [], 'nRemoved': 0, 'nInserted': 0}
2017-12-05 06:20:04,607: update.0.child      : update.0                        : update.0.child.idler._idle_cb: DEBUG   : bulk update result: {'nModified': 19, 'nUpserted': 0, 'nMatched': 19, 'writeErrors': [], 'upserted': [], 'writeConcernErrors': [], 'nRemoved': 0, 'nInserted': 0}
2017-12-05 06:22:57,373: update.0.child      : update.0                        : update.0.child.subscriber._state_cb: DEBUG   : bulk update result: {'nModified': 7, 'nUpserted': 0, 'nMatched': 7, 'writeErrors': [], 'upserted': [], 'writeConcernErrors': [], 'nRemoved': 0, 'nInserted': 0}
2017-12-05 06:22:59,127: update.0.child      : update.0                        : update.0.child.idler._idle_cb: DEBUG   : bulk update result: {'nModified': 14, 'nUpserted': 0, 'nMatched': 14, 'writeErrors': [], 'upserted': [], 'writeConcernErrors': [], 'nRemoved': 0, 'nInserted': 0}
2017-12-05 06:23:01,765: update.0.child      : update.0                        : update.0.child.subscriber._state_cb: DEBUG   : bulk update result: {'nModified': 9, 'nUpserted': 0, 'nMatched': 9, 'writeErrors': [], 'upserted': [], 'writeConcernErrors': [], 'nRemoved': 0, 'nInserted': 0}
2017-12-05 06:23:03,164: update.0.child      : update.0                        : update.0.child.subscriber._state_cb: DEBUG   : bulk update result: {'nModified': 49, 'nUpserted': 0, 'nMatched': 49, 'writeErrors': [], 'upserted': [], 'writeConcernErrors': [], 'nRemoved': 0, 'nInserted': 0}
2017-12-05 06:23:04,028: update.0.child      : update.0                        : update.0.child.subscriber._state_cb: DEBUG   : bulk update result: {'nModified': 45, 'nUpserted': 0, 'nMatched': 45, 'writeErrors': [], 'upserted': [], 'writeConcernErrors': [], 'nRemoved': 0, 'nInserted': 0}
2017-12-05 06:23:05,271: update.0.child      : update.0                        : update.0.child.idler._idle_cb: DEBUG   : bulk update result: {'nModified': 4, 'nUpserted': 0, 'nMatched': 4, 'writeErrors': [], 'upserted': [], 'writeConcernErrors': [], 'nRemoved': 0, 'nInserted': 0}
2017-12-05 06:53:34,680: update.0.child      : update.0                        : update.0.child.subscriber._state_cb: DEBUG   : bulk update result: {'nModified': 12, 'nUpserted': 0, 'nMatched': 12, 'writeErrors': [], 'upserted': [], 'writeConcernErrors': [], 'nRemoved': 0, 'nInserted': 0}
2017-12-05 06:53:36,841: update.0.child      : update.0                        : update.0.child.idler._idle_cb: DEBUG   : bulk update result: {'nModified': 24, 'nUpserted': 0, 'nMatched': 24, 'writeErrors': [], 'upserted': [], 'writeConcernErrors': [], 'nRemoved': 0, 'nInserted': 0}
2017-12-05 06:53:56,856: update.0.child      : update.0                        : update.0.child.subscriber._state_cb: DEBUG   : bulk update result: {'nModified': 4, 'nUpserted': 0, 'nMatched': 4, 'writeErrors': [], 'upserted': [], 'writeConcernErrors': [], 'nRemoved': 0, 'nInserted': 0}
2017-12-05 06:53:58,272: update.0.child      : update.0                        : update.0.child.idler._idle_cb: DEBUG   : bulk update result: {'nModified': 38, 'nUpserted': 0, 'nMatched': 38, 'writeErrors': [], 'upserted': [], 'writeConcernErrors': [], 'nRemoved': 0, 'nInserted': 0}
2017-12-05 06:53:59,129: update.0.child      : update.0                        : update.0.child.subscriber._state_cb: DEBUG   : bulk update result: {'nModified': 41, 'nUpserted': 0, 'nMatched': 41, 'writeErrors': [], 'upserted': [], 'writeConcernErrors': [], 'nRemoved': 0, 'nInserted': 0}
2017-12-05 06:54:00,477: update.0.child      : update.0                        : update.0.child.idler._idle_cb: DEBUG   : bulk update result: {'nModified': 9, 'nUpserted': 0, 'nMatched': 9, 'writeErrors': [], 'upserted': [], 'writeConcernErrors': [], 'nRemoved': 0, 'nInserted': 0}
2017-12-05 06:57:40,830: update.0.child      : update.0                        : update.0.child.subscriber._state_cb: DEBUG   : bulk update result: {'nModified': 1, 'nUpserted': 0, 'nMatched': 1, 'writeErrors': [], 'upserted': [], 'writeConcernErrors': [], 'nRemoved': 0, 'nInserted': 0}
2017-12-05 06:57:41,931: update.0.child      : update.0                        : update.0.child.idler._idle_cb: DEBUG   : bulk update result: {'nModified': 2, 'nUpserted': 0, 'nMatched': 2, 'writeErrors': [], 'upserted': [], 'writeConcernErrors': [], 'nRemoved': 0, 'nInserted': 0}
2017-12-05 06:57:43,229: update.0.child      : update.0                        : update.0.child.idler._idle_cb: DEBUG   : bulk update result: {'nModified': 15, 'nUpserted': 0, 'nMatched': 15, 'writeErrors': [], 'upserted': [], 'writeConcernErrors': [], 'nRemoved': 0, 'nInserted': 0}
2017-12-05 06:57:48,759: update.0.child      : update.0                        : update.0.child.subscriber._state_cb: DEBUG   : bulk update result: {'nModified': 5, 'nUpserted': 0, 'nMatched': 5, 'writeErrors': [], 'upserted': [], 'writeConcernErrors': [], 'nRemoved': 0, 'nInserted': 0}
2017-12-05 06:57:50,533: update.0.child      : update.0                        : update.0.child.idler._idle_cb: DEBUG   : bulk update result: {'nModified': 10, 'nUpserted': 0, 'nMatched': 10, 'writeErrors': [], 'upserted': [], 'writeConcernErrors': [], 'nRemoved': 0, 'nInserted': 0}
2017-12-05 06:57:51,635: update.0.child      : update.0                        : update.0.child.idler._idle_cb: DEBUG   : bulk update result: {'nModified': 3, 'nUpserted': 0, 'nMatched': 3, 'writeErrors': [], 'upserted': [], 'writeConcernErrors': [], 'nRemoved': 0, 'nInserted': 0}
2017-12-05 06:57:56,657: update.0.child      : update.0                        : update.0.child.subscriber._state_cb: DEBUG   : bulk update result: {'nModified': 3, 'nUpserted': 0, 'nMatched': 3, 'writeErrors': [], 'upserted': [], 'writeConcernErrors': [], 'nRemoved': 0, 'nInserted': 0}
2017-12-05 06:57:57,855: update.0.child      : update.0                        : update.0.child.idler._idle_cb: DEBUG   : bulk update result: {'nModified': 6, 'nUpserted': 0, 'nMatched': 6, 'writeErrors': [], 'upserted': [], 'writeConcernErrors': [], 'nRemoved': 0, 'nInserted': 0}
2017-12-05 06:57:58,957: update.0.child      : update.0                        : update.0.child.idler._idle_cb: DEBUG   : bulk update result: {'nModified': 3, 'nUpserted': 0, 'nMatched': 3, 'writeErrors': [], 'upserted': [], 'writeConcernErrors': [], 'nRemoved': 0, 'nInserted': 0}
2017-12-05 06:58:18,302: update.0.child      : update.0                        : update.0.child.subscriber._cancel_monitor_cb: DEBUG   : command ignored: cancel_pilots
2017-12-05 06:58:32,889: update.0.child      : update.0                        : update.0.child.subscriber._state_cb: DEBUG   : bulk update result: {'nModified': 1, 'nUpserted': 0, 'nMatched': 1, 'writeErrors': [], 'upserted': [], 'writeConcernErrors': [], 'nRemoved': 0, 'nInserted': 0}
2017-12-05 06:58:32,890: update.0.child      : update.0                        : update.0.child.subscriber._cancel_monitor_cb: DEBUG   : command ignored: cancel_pilots
2017-12-05 06:58:35,446: update.0.child      : update.0                        : update.0.child.watch: INFO    : recv message: STOP
2017-12-05 06:58:35,446: update.0.child      : update.0                        : update.0.child.watch: INFO    : message received: STOP
2017-12-05 06:58:35,446: update.0.child      : update.0                        : update.0.child.watch: INFO    : STOP received: STOP
2017-12-05 06:58:35,447: update.0.child      : update.0                        : update.0.child.watch: INFO    : watcher closes
2017-12-05 06:58:35,447: update.0.child      : update.0                        : update.0.child.watch: INFO    : put message: [update.0.child.watch.thread] work finished
2017-12-05 06:58:35,447: update.0.child      : update.0                        : update.0.child.watch: DEBUG   : ru_finalize_child (NOOP)
2017-12-05 06:58:35,447: update.0.child      : update.0                        : update.0.child.watch: DEBUG   : ru_finalize_common (NOOP)
2017-12-05 06:58:35,447: update.0.child      : update.0                        : update.0.child.watch: INFO    : put message: [update.0.child.watch.thread] terminating
2017-12-05 06:58:35,522: update.0.child      : update.0                        : MainThread     : WARNING : alive check: proc invalid - stop [False - True]
2017-12-05 06:58:35,594: update.0.child      : update.0                        : MainThread     : INFO    : stop update.0.child (24081 : 24081 : MainThread) [radical.pilot.worker.update.Update.stop]
2017-12-05 06:58:35,661: update.0.child      : update.0                        : MainThread     : INFO    : parent stops child  24081 -> 24081 [update.0.child]
2017-12-05 06:58:35,661: update.0.child      : update.0                        : MainThread     : INFO    : send message: [update.0.child] STOP
2017-12-05 06:58:35,661: update.0.child      : update.0                        : MainThread     : WARNING : send failed ([Errno 9] Bad file descriptor) - terminate
2017-12-05 06:58:35,662: update.0.child      : update.0                        : MainThread     : DEBUG   : TERM : update.0.child unregister idler update.0.child.idler._idle_cb
2017-12-05 06:58:35,662: update.0.child      : update.0                        : MainThread     : INFO    : parent stops child
2017-12-05 06:58:35,662: update.0.child      : update.0                        : MainThread     : DEBUG   : ru_finalize_parent (NOOP)
2017-12-05 06:58:35,662: update.0.child      : update.0                        : MainThread     : DEBUG   : ru_finalize_common (NOOP)
2017-12-05 06:58:35,746: update.0.child      : update.0                        : update.0.child.idler._idle_cb: DEBUG   : ru_finalize_child (NOOP)
2017-12-05 06:58:35,747: update.0.child      : update.0                        : update.0.child.idler._idle_cb: DEBUG   : ru_finalize_common (NOOP)
2017-12-05 06:58:35,747: update.0.child      : update.0                        : update.0.child.idler._idle_cb: INFO    : put message: [update.0.child.idler._idle_cb.thread] terminating
2017-12-05 06:58:35,777: update.0.child      : update.0                        : MainThread     : DEBUG   : TERM : update.0.child unregistered idler update.0.child.idler._idle_cb
2017-12-05 06:58:35,777: update.0.child      : update.0                        : MainThread     : DEBUG   : TERM : update.0.child unregister subscriber update.0.child.subscriber._state_cb
2017-12-05 06:58:35,777: update.0.child      : update.0                        : MainThread     : DEBUG   : unregistered subscriber update.0.child.subscriber._state_cb
2017-12-05 06:58:35,777: update.0.child      : update.0                        : MainThread     : DEBUG   : ru_finalize_common()
2017-12-05 06:58:35,777: update.0.child      : update.0                        : MainThread     : DEBUG   : TERM : update.0.child unregister publisher log_pubsub
2017-12-05 06:58:35,778: update.0.child      : update.0                        : MainThread     : DEBUG   : unregistered publisher log_pubsub
2017-12-05 06:58:35,779: update.0.child      : update.0                        : MainThread     : DEBUG   : TERM : update.0.child unregister publisher state_pubsub
2017-12-05 06:58:35,780: update.0.child      : update.0                        : MainThread     : DEBUG   : unregistered publisher state_pubsub
2017-12-05 06:58:35,780: update.0.child      : update.0                        : MainThread     : DEBUG   : TERM : update.0.child unregister publisher control_pubsub
2017-12-05 06:58:35,781: update.0.child      : update.0                        : MainThread     : DEBUG   : unregistered publisher control_pubsub
2017-12-05 06:58:35,781: update.0.child      : update.0                        : MainThread     : DEBUG   : update.0.child close prof
2017-12-05 06:58:35,889: update.0.child      : update.0                        : MainThread     : INFO    : parent stops child
2017-12-05 06:58:35,890: update.0.child      : update.0                        : MainThread     : DEBUG   : ru_finalize_parent (NOOP)
2017-12-05 06:58:35,890: update.0.child      : update.0                        : MainThread     : DEBUG   : ru_finalize_common (NOOP)
2017-12-05 06:58:35,890: update.0.child      : update.0                        : MainThread     : INFO    : parent stops child
2017-12-05 06:58:35,890: update.0.child      : update.0                        : MainThread     : DEBUG   : ru_finalize_parent (NOOP)
2017-12-05 06:58:35,891: update.0.child      : update.0                        : update.0.child.subscriber._cancel_monitor_cb: DEBUG   : ru_finalize_child (NOOP)
2017-12-05 06:58:35,891: update.0.child      : update.0                        : update.0.child.subscriber._cancel_monitor_cb: INFO    : put message: [update.0.child.subscriber._cancel_monitor_cb.thread] terminating
2017-12-05 06:58:35,891: update.0.child      : update.0                        : MainThread     : INFO    : parent stops child
2017-12-05 06:58:35,892: update.0.child      : update.0                        : MainThread     : DEBUG   : ru_finalize_parent (NOOP)
2017-12-05 06:58:35,892: update.0.child      : update.0                        : update.0.child.subscriber._state_cb: DEBUG   : ru_finalize_child (NOOP)
2017-12-05 06:58:35,893: update.0.child      : update.0                        : update.0.child.subscriber._state_cb: INFO    : put message: [update.0.child.subscriber._state_cb.thread] terminating
2017-12-05 06:58:35,893: update.0.child      : update.0                        : MainThread     : INFO    : parent stops child
2017-12-05 06:58:35,894: update.0.child      : update.0                        : MainThread     : WARNING : super update.0.child is invalid
2017-12-05 06:58:35,894: update.0.child      : update.0                        : MainThread     : WARNING : component update.0.child is invalid
2017-12-05 06:58:35,897: update.0.child      : update.0                        : MainThread     : INFO    : stop update.0.child (24081 : 24081 : MainThread) [radical.pilot.worker.update.Update.stop]
2017-12-05 06:58:35,897: update.0.child      : update.0                        : MainThread     : DEBUG   : TERM : update.0.child unregister idler update.0.child.idler._idle_cb
2017-12-05 06:58:35,897: update.0.child      : update.0                        : MainThread     : WARNING : timed cb update.0.child.idler._idle_cb is not registered
2017-12-05 06:58:35,897: update.0.child      : update.0                        : MainThread     : DEBUG   : TERM : update.0.child unregister subscriber update.0.child.subscriber._state_cb
2017-12-05 06:58:35,897: update.0.child      : update.0                        : MainThread     : WARNING : subscriber _state_cb is not registered
2017-12-05 06:58:35,898: update.0.child      : update.0                        : MainThread     : DEBUG   : ru_finalize_common()
2017-12-05 06:58:35,898: update.0.child      : update.0                        : MainThread     : WARNING : publisher log_pubsub is not registered
2017-12-05 06:58:35,898: update.0.child      : update.0                        : MainThread     : WARNING : publisher state_pubsub is not registered
2017-12-05 06:58:35,898: update.0.child      : update.0                        : MainThread     : WARNING : publisher control_pubsub is not registered
2017-12-05 06:58:35,898: update.0.child      : update.0                        : MainThread     : DEBUG   : update.0.child close prof
2017-12-05 06:58:35,898: update.0.child      : update.0                        : MainThread     : INFO    : send message: [update.0.child] terminating
2017-12-05 06:58:35,898: update.0.child      : update.0                        : MainThread     : WARNING : send failed ([Errno 9] Bad file descriptor) - terminate
2017-12-05 06:58:35,898: update.0.child      : update.0                        : MainThread     : INFO    : parent stops child
2017-12-05 06:58:35,899: update.0.child      : update.0                        : MainThread     : INFO    : parent stops child
2017-12-05 06:58:35,899: update.0.child      : update.0                        : MainThread     : INFO    : parent stops child
