2017-12-14 19:44:48,373: radical.entk.resource_manager: MainProcess                     : MainThread     : INFO    : python.interpreter   version: 2.7.14 |Anaconda, Inc.| (default, Oct 5 2017, 02:28:52) [GCC 4.2.1 Compatible Clang 4.0.1 (tags/RELEASE_401/final)]
2017-12-14 19:44:48,381: radical.entk.resource_manager: MainProcess                     : MainThread     : INFO    :                      pid: 80246
2017-12-14 19:44:48,381: radical.entk.resource_manager: MainProcess                     : MainThread     : INFO    :                      tid: MainThread
2017-12-14 19:44:48,387: radical.entk.resource_manager: MainProcess                     : MainThread     : INFO    : Resource Manager initialized
2017-12-14 19:44:48,387: radical.entk.resource_manager: MainProcess                     : MainThread     : INFO    : Resource description validated
2017-12-14 19:44:48,388: radical.entk.appmanager: MainProcess                     : MainThread     : INFO    : python.interpreter   version: 2.7.14 |Anaconda, Inc.| (default, Oct 5 2017, 02:28:52) [GCC 4.2.1 Compatible Clang 4.0.1 (tags/RELEASE_401/final)]
2017-12-14 19:44:48,388: radical.entk.appmanager: MainProcess                     : MainThread     : INFO    :                      pid: 80246
2017-12-14 19:44:48,388: radical.entk.appmanager: MainProcess                     : MainThread     : INFO    :                      tid: MainThread
2017-12-14 19:44:48,392: radical.entk.appmanager: MainProcess                     : MainThread     : INFO    : Application Manager initialized
2017-12-14 19:44:48,393: radical.entk.appmanager: MainProcess                     : MainThread     : INFO    : Workflow assigned to Application Manager
2017-12-14 19:44:48,393: radical.entk.appmanager: MainProcess                     : MainThread     : INFO    : Setting up RabbitMQ system
2017-12-14 19:44:49,087: radical.entk.appmanager: MainProcess                     : MainThread     : INFO    : Starting resource request submission
TIES pipeline has 6 stages. Tasks counts: [65, 65, 65, 65, 5, 1]
TIES pipeline has 6 stages. Tasks counts: [65, 65, 65, 65, 5, 1]
TIES pipeline has 6 stages. Tasks counts: [65, 65, 65, 65, 5, 1]
TIES pipeline has 6 stages. Tasks counts: [65, 65, 65, 65, 5, 1]
TIES pipeline has 6 stages. Tasks counts: [65, 65, 65, 65, 5, 1]
TIES pipeline has 6 stages. Tasks counts: [65, 65, 65, 65, 5, 1]
TIES pipeline has 6 stages. Tasks counts: [65, 65, 65, 65, 5, 1]
TIES pipeline has 6 stages. Tasks counts: [65, 65, 65, 65, 5, 1]
Running on 33280 cores.
Running...
[94mnew session: [39m[0m[rp.session.julian.chem.ucl.ac.uk.kristof.farkas-pall.017514.0006][39m[0m[94m\
database   : [39m[0m[mongodb://htbac-user:password@ds131826.mlab.com:31826/htbac-isc-experiments][39m[0m[92m
        ok
[39m[0m[94mcreate pilot manager[39m[0m[92m                                                          ok
[39m[0m[94msubmit 1 pilot(s)
        [39m[0m.[39m[0m2017-12-14 19:45:04,371: radical.entk.resource_manager: MainProcess                     : MainThread     : INFO    : Pilot pilot.0000 state: PMGR_LAUNCHING_PENDING
[92m                                                                     ok
[39m[0m2017-12-14 19:45:04,743: radical.entk.resource_manager: MainProcess                     : pmgr.0000.subscriber._state_sub_cb: INFO    : Pilot pilot.0000 state: PMGR_LAUNCHING
2017-12-14 19:45:33,484: radical.entk.resource_manager: MainProcess                     : pmgr.0000.subscriber._state_sub_cb: INFO    : Pilot pilot.0000 state: PMGR_ACTIVE_PENDING
2017-12-14 19:46:14,981: radical.entk.resource_manager: MainProcess                     : MainThread     : INFO    : Resource request submission successful.. waiting for pilot to go Active
