-I: Adding /home/dave/apps/amber14/dat/leap/prep to search path.
-I: Adding /home/dave/apps/amber14/dat/leap/lib to search path.
-I: Adding /home/dave/apps/amber14/dat/leap/parm to search path.
-I: Adding /home/dave/apps/amber14/dat/leap/cmd to search path.
-I: Adding /home/dave/tmp/bac-store/system_descriptions/default/ff_lib to search path.
-I: Adding /home/dave/apps/amber14/dat/mtkpp/ZAFF/201108/ to search path.
-s: Ignoring startup file: leaprc
-f: Source leap.in.

Welcome to LEaP!
Sourcing: ./leap.in
----- Source: /home/dave/apps/amber14/dat/leap/cmd/oldff/leaprc.ff99SBildn
----- Source of /home/dave/apps/amber14/dat/leap/cmd/oldff/leaprc.ff99SBildn done
Log file: ./leap.log
log started: Wed Aug  2 14:18:29 2017

Log file: ./leap.log
>> #
>> # ----- leaprc for loading the ff99SB (Hornak & Simmerling) force field
>> #       modified for the "ILDN" changes
>> #
>> #	load atom type hybridizations
>> #
>> addAtomTypes {
>> 	{ "H"   "H" "sp3" }
>> 	{ "HO"  "H" "sp3" }
>> 	{ "HS"  "H" "sp3" }
>> 	{ "H1"  "H" "sp3" }
>> 	{ "H2"  "H" "sp3" }
>> 	{ "H3"  "H" "sp3" }
>> 	{ "H4"  "H" "sp3" }
>> 	{ "H5"  "H" "sp3" }
>> 	{ "HW"  "H" "sp3" }
>> 	{ "HC"  "H" "sp3" }
>> 	{ "HA"  "H" "sp3" }
>> 	{ "HP"  "H" "sp3" }
>> 	{ "OH"  "O" "sp3" }
>> 	{ "OS"  "O" "sp3" }
>> 	{ "O"   "O" "sp2" }
>> 	{ "O2"  "O" "sp2" }
>> 	{ "OW"  "O" "sp3" }
>> 	{ "CT"  "C" "sp3" }
>> 	{ "CH"  "C" "sp3" }
>> 	{ "C2"  "C" "sp3" }
>> 	{ "C3"  "C" "sp3" }
>> 	{ "C"   "C" "sp2" }
>> 	{ "C*"  "C" "sp2" }
>> 	{ "CA"  "C" "sp2" }
>> 	{ "CB"  "C" "sp2" }
>> 	{ "CC"  "C" "sp2" }
>> 	{ "CN"  "C" "sp2" }
>> 	{ "CM"  "C" "sp2" }
>> 	{ "CK"  "C" "sp2" }
>> 	{ "CQ"  "C" "sp2" }
>> 	{ "CD"  "C" "sp2" }
>> 	{ "CE"  "C" "sp2" }
>> 	{ "CF"  "C" "sp2" }
>> 	{ "CP"  "C" "sp2" }
>> 	{ "CI"  "C" "sp2" }
>> 	{ "CJ"  "C" "sp2" }
>> 	{ "CW"  "C" "sp2" }
>> 	{ "CV"  "C" "sp2" }
>> 	{ "CR"  "C" "sp2" }
>> 	{ "CA"  "C" "sp2" }
>> 	{ "CY"  "C" "sp2" }
>> 	{ "C0"  "Ca" "sp3" }
>> 	{ "MG"  "Mg" "sp3" }
>> 	{ "N"   "N" "sp2" }
>> 	{ "NA"  "N" "sp2" }
>> 	{ "N2"  "N" "sp2" }
>> 	{ "N*"  "N" "sp2" }
>> 	{ "NP"  "N" "sp2" }
>> 	{ "NQ"  "N" "sp2" }
>> 	{ "NB"  "N" "sp2" }
>> 	{ "NC"  "N" "sp2" }
>> 	{ "NT"  "N" "sp3" }
>> 	{ "N3"  "N" "sp3" }
>> 	{ "S"   "S" "sp3" }
>> 	{ "SH"  "S" "sp3" }
>> 	{ "P"   "P" "sp3" }
>> 	{ "LP"  ""  "sp3" }
>> 	{ "F"   "F" "sp3" }
>> 	{ "CL"  "Cl" "sp3" }
>> 	{ "BR"  "Br" "sp3" }
>> 	{ "I"   "I"  "sp3" }
>> 	{ "FE"  "Fe" "sp3" }
>> 	{ "EP"  ""  "sp3" }
>> # glycam
>> 	{ "OG"  "O" "sp3" }
>> 	{ "OL"  "O" "sp3" }
>> 	{ "AC"  "C" "sp3" }
>> 	{ "EC"  "C" "sp3" }
>> #ildn
>> 	{ "C3"  "C" "sp3" }
>> 	{ "C4"  "C" "sp3" }
>> 	{ "C5"   "C" "sp2" }
>> 	{ "C6"   "C" "sp2" }
>> 	{ "NP"   "N" "sp2" }
>> 	{ "OM"   "O" "sp2" } # guess!!!
>> }
>> #
>> #	Load the main parameter set.
>> #
>> parm99 = loadamberparams parm99.dat
Loading parameters: /home/dave/apps/amber14/dat/leap/parm/parm99.dat
Loading parameters: /home/dave/apps/amber14/dat/leap/parm/parm99.dat
Reading title:
PARM99 for DNA,RNA,AA, organic molecules, TIP3P wat. Polariz.& LP incl.02/04/99
Reading title:
PARM99 for DNA,RNA,AA, organic molecules, TIP3P wat. Polariz.& LP incl.02/04/99
(UNKNOWN ATOM TYPE: HZ)
(UNKNOWN ATOM TYPE: IM)
(UNKNOWN ATOM TYPE: Li)
(UNKNOWN ATOM TYPE: IP)
(UNKNOWN ATOM TYPE: K)
(UNKNOWN ATOM TYPE: Rb)
(UNKNOWN ATOM TYPE: Cs)
(UNKNOWN ATOM TYPE: Zn)
(UNKNOWN ATOM TYPE: IB)
(UNKNOWN ATOM TYPE: LP)
>> mods = loadamberparams frcmod.ff99SBildn
Loading parameters: /home/dave/apps/amber14/dat/leap/parm/frcmod.ff99SBildn
Loading parameters: /home/dave/apps/amber14/dat/leap/parm/frcmod.ff99SBildn
Reading force field modification type file (frcmod)
Reading force field modification type file (frcmod)
Reading title:
Modification/update of parm99.dat (Hornak & Simmerling) + ILDN corrections
Reading title:
Modification/update of parm99.dat (Hornak & Simmerling) + ILDN corrections
>> #
>> #	Load DNA/RNA libraries
>> #
>> loadOff all_nucleic94.lib
Loading library: /home/dave/apps/amber14/dat/leap/lib/all_nucleic94.lib
Loading library: /home/dave/apps/amber14/dat/leap/lib/all_nucleic94.lib
Loading: DA
Loading: DA3
Loading: DA5
Loading: DAN
Loading: DC
Loading: DC3
Loading: DC5
Loading: DCN
Loading: DG
Loading: DG3
Loading: DG5
Loading: DGN
Loading: DT
Loading: DT3
Loading: DT5
Loading: DTN
Loading: RA
Loading: RA3
Loading: RA5
Loading: RAN
Loading: RC
Loading: RC3
Loading: RC5
Loading: RCN
Loading: RG
Loading: RG3
Loading: RG5
Loading: RGN
Loading: RU
Loading: RU3
Loading: RU5
Loading: RUN
>> #
>> #	Load main chain and terminating 
>> #	amino acid libraries (i.e. ff94 libs)
>> #
>> loadOff all_amino94ildn.lib
Loading library: /home/dave/apps/amber14/dat/leap/lib/all_amino94ildn.lib
Loading library: /home/dave/apps/amber14/dat/leap/lib/all_amino94ildn.lib
Loading: ALA
Loading: ARG
Loading: ASH
Loading: ASN
Loading: ASP
Loading: CYM
Loading: CYS
Loading: CYX
Loading: GLH
Loading: GLN
Loading: GLU
Loading: GLY
Loading: HID
Loading: HIE
Loading: HIP
Loading: ILE
Loading: LEU
Loading: LYN
Loading: LYS
Loading: MET
Loading: PHE
Loading: PRO
Loading: SER
Loading: THR
Loading: TRP
Loading: TYR
Loading: VAL
>> loadOff all_aminoct94ildn.lib
Loading library: /home/dave/apps/amber14/dat/leap/lib/all_aminoct94ildn.lib
Loading library: /home/dave/apps/amber14/dat/leap/lib/all_aminoct94ildn.lib
Loading: CALA
Loading: CARG
Loading: CASN
Loading: CASP
Loading: CCYS
Loading: CCYX
Loading: CGLN
Loading: CGLU
Loading: CGLY
Loading: CHID
Loading: CHIE
Loading: CHIP
Loading: CILE
Loading: CLEU
Loading: CLYS
Loading: CMET
Loading: CPHE
Loading: CPRO
Loading: CSER
Loading: CTHR
Loading: CTRP
Loading: CTYR
Loading: CVAL
Loading: NHE
Loading: NME
>> loadOff all_aminont94ildn.lib
Loading library: /home/dave/apps/amber14/dat/leap/lib/all_aminont94ildn.lib
Loading library: /home/dave/apps/amber14/dat/leap/lib/all_aminont94ildn.lib
Loading: ACE
Loading: NALA
Loading: NARG
Loading: NASN
Loading: NASP
Loading: NCYS
Loading: NCYX
Loading: NGLN
Loading: NGLU
Loading: NGLY
Loading: NHID
Loading: NHIE
Loading: NHIP
Loading: NILE
Loading: NLEU
Loading: NLYS
Loading: NMET
Loading: NPHE
Loading: NPRO
Loading: NSER
Loading: NTHR
Loading: NTRP
Loading: NTYR
Loading: NVAL
>> #
>> #       Load water and ions
>> # 
>> loadOff ions94.lib
Loading library: /home/dave/apps/amber14/dat/leap/lib/ions94.lib
Loading library: /home/dave/apps/amber14/dat/leap/lib/ions94.lib
Loading: CIO
Loading: Cl-
Loading: Cs+
Loading: IB
Loading: K+
Loading: Li+
Loading: MG2
Loading: Na+
Loading: Rb+
>> loadOff solvents.lib
Loading library: /home/dave/apps/amber14/dat/leap/lib/solvents.lib
Loading library: /home/dave/apps/amber14/dat/leap/lib/solvents.lib
Loading: CHCL3BOX
Loading: DC4
Loading: MEOHBOX
Loading: NMABOX
Loading: OPC
Loading: OPCBOX
Loading: PL3
Loading: POL3BOX
Loading: QSPCFWBOX
Loading: SPC
Loading: SPCBOX
Loading: SPCFWBOX
Loading: SPF
Loading: SPG
Loading: T4E
Loading: TIP3PBOX
Loading: TIP3PFBOX
Loading: TIP4PBOX
Loading: TIP4PEWBOX
Loading: TIP5PBOX
Loading: TP3
Loading: TP4
Loading: TP5
Loading: TPF
>> HOH = TP3
>> WAT = TP3
>> 
>> #
>> #	Define the PDB name map for the amino acids and DNA.
>> #
>> addPdbResMap {
>>   { 0 "ALA" "NALA" } { 1 "ALA" "CALA" }
>>   { 0 "ARG" "NARG" } { 1 "ARG" "CARG" }
>>   { 0 "ASN" "NASN" } { 1 "ASN" "CASN" }
>>   { 0 "ASP" "NASP" } { 1 "ASP" "CASP" }
>>   { 0 "CYS" "NCYS" } { 1 "CYS" "CCYS" }
>>   { 0 "CYX" "NCYX" } { 1 "CYX" "CCYX" }
>>   { 0 "GLN" "NGLN" } { 1 "GLN" "CGLN" }
>>   { 0 "GLU" "NGLU" } { 1 "GLU" "CGLU" }
>>   { 0 "GLY" "NGLY" } { 1 "GLY" "CGLY" }
>>   { 0 "HID" "NHID" } { 1 "HID" "CHID" }
>>   { 0 "HIE" "NHIE" } { 1 "HIE" "CHIE" }
>>   { 0 "HIP" "NHIP" } { 1 "HIP" "CHIP" }
>>   { 0 "ILE" "NILE" } { 1 "ILE" "CILE" }
>>   { 0 "LEU" "NLEU" } { 1 "LEU" "CLEU" }
>>   { 0 "LYS" "NLYS" } { 1 "LYS" "CLYS" }
>>   { 0 "MET" "NMET" } { 1 "MET" "CMET" }
>>   { 0 "PHE" "NPHE" } { 1 "PHE" "CPHE" }
>>   { 0 "PRO" "NPRO" } { 1 "PRO" "CPRO" }
>>   { 0 "SER" "NSER" } { 1 "SER" "CSER" }
>>   { 0 "THR" "NTHR" } { 1 "THR" "CTHR" }
>>   { 0 "TRP" "NTRP" } { 1 "TRP" "CTRP" }
>>   { 0 "TYR" "NTYR" } { 1 "TYR" "CTYR" }
>>   { 0 "VAL" "NVAL" } { 1 "VAL" "CVAL" }
>>   { 0 "HIS" "NHIS" } { 1 "HIS" "CHIS" }
>>   { 0 "GUA" "DG5"  } { 1 "GUA" "DG3"  } { "GUA" "DG" }
>>   { 0 "ADE" "DA5"  } { 1 "ADE" "DA3"  } { "ADE" "DA" }
>>   { 0 "CYT" "DC5"  } { 1 "CYT" "DC3"  } { "CYT" "DC" }
>>   { 0 "THY" "DT5"  } { 1 "THY" "DT3"  } { "THY" "DT" }
>>   { 0 "G" "RG5"  } { 1 "G" "RG3"  } { "G" "RG" } { "GN" "RGN" }
>>   { 0 "A" "RA5"  } { 1 "A" "RA3"  } { "A" "RA" } { "AN" "RAN" }
>>   { 0 "C" "RC5"  } { 1 "C" "RC3"  } { "C" "RC" } { "CN" "RCN" }
>>   { 0 "U" "RU5"  } { 1 "U" "RU3"  } { "U" "RU" } { "UN" "RUN" }
>>   { 0 "DG" "DG5"  } { 1 "DG" "DG3"  }  
>>   { 0 "DA" "DA5"  } { 1 "DA" "DA3"  }  
>>   { 0 "DC" "DC5"  } { 1 "DC" "DC3"  }  
>>   { 0 "DT" "DT5"  } { 1 "DT" "DT3"  }
>> 
>> }
>> 
>> addPdbAtomMap {
>>   { "O5*" "O5'" }
>>   { "C5*" "C5'" }
>>   { "C4*" "C4'" }
>>   { "O4*" "O4'" }
>>   { "C3*" "C3'" }
>>   { "O3*" "O3'" }
>>   { "C2*" "C2'" }
>>   { "C1*" "C1'" }
>>   { "C5M" "C7"  }
>>   { "O2*" "O2'" }
>>   { "H1*" "H1'" }
>>   { "H2*1" "H2'1" }
>>   { "H2*2" "H2'2" }
>>   { "H2'"  "H2'1" }
>>   { "H2''" "H2'2" }
>>   { "H3*" "H3'" }
>>   { "H4*" "H4'" }
>>   { "H5*1" "H5'1" }
>>   { "H5*2" "H5'2" }
>>   { "H5'"  "H5'1" }
>>   { "H5''" "H5'2" }
>>   { "HO2'" "HO'2" }
>>   { "HO5'" "H5T" }
>>   { "HO3'" "H3T" }
>>   { "O1'" "O4'" }
>>   { "OA"  "O1P" }
>>   { "OB"  "O2P" }
>>   { "OP1" "O1P" }
>>   { "OP2" "O2P" }
>> }
>> 
>> 
>> #
>> # assumed that most often proteins use HIE
>> #
>> NHIS = NHIE
>> HIS = HIE
>> CHIS = CHIE
> 
> source leaprc.gaff
----- Source: /home/dave/apps/amber14/dat/leap/cmd/leaprc.gaff
----- Source: /home/dave/apps/amber14/dat/leap/cmd/leaprc.gaff
----- Source of /home/dave/apps/amber14/dat/leap/cmd/leaprc.gaff done
----- Source of /home/dave/apps/amber14/dat/leap/cmd/leaprc.gaff done
>> logFile leap.log
Log file: ./leap.log
log started: Wed Aug  2 14:18:29 2017

Log file: ./leap.log
>> #
>> # ----- leaprc for loading the general Amber Force field.
>> #       This file is mostly for use with Antechamber
>> #
>> #	load atom type hybridizations
>> #
>> addAtomTypes {
>> 	{ "h1"  "H" "sp3" }
>> 	{ "h2"  "H" "sp3" }
>> 	{ "h3"  "H" "sp3" }
>> 	{ "h4"  "H" "sp3" }
>> 	{ "h5"  "H" "sp3" }
>> 	{ "ha"  "H" "sp3" }
>> 	{ "hc"  "H" "sp3" }
>> 	{ "hn"  "H" "sp3" }
>> 	{ "ho"  "H" "sp3" }
>> 	{ "hp"  "H" "sp3" }
>> 	{ "hs"  "H" "sp3" }
>> 	{ "hw"  "H" "sp3" }
>> 	{ "hx"  "H" "sp3" }
>> 	{ "o"  "O" "sp2" }
>> 	{ "o2"  "O" "sp2" }
>> 	{ "oh"  "O" "sp3" }
>> 	{ "os"  "O" "sp3" }
>> 	{ "ow"  "O" "sp3" }
>> 	{ "c"  "C" "sp2" }
>> 	{ "c1"  "C" "sp2" }
>> 	{ "c2"  "C" "sp2" }
>> 	{ "c3"  "C" "sp3" }
>> 	{ "ca"  "C" "sp2" }
>> 	{ "cc"  "C" "sp2" }
>> 	{ "cd"  "C" "sp2" }
>> 	{ "ce"  "C" "sp2" }
>> 	{ "cf"  "C" "sp2" }
>> 	{ "cg"  "C" "sp2" }
>> 	{ "ch"  "C" "sp2" }
>> 	{ "cp"  "C" "sp2" }
>> 	{ "cq"  "C" "sp2" }
>> 	{ "cu"  "C" "sp2" }
>> 	{ "cv"  "C" "sp2" }
>> 	{ "cx"  "C" "sp2" }
>> 	{ "cy"  "C" "sp2" }
>> 	{ "cz"  "C" "sp2" }
>> 	{ "n"   "N" "sp2" }
>> 	{ "n1"  "N" "sp2" }
>> 	{ "n2"  "N" "sp2" }
>> 	{ "n3"  "N" "sp3" }
>> 	{ "n4"  "N" "sp3" }
>> 	{ "na"  "N" "sp2" }
>> 	{ "nb"  "N" "sp2" }
>> 	{ "nc"  "N" "sp2" }
>> 	{ "nd"  "N" "sp2" }
>> 	{ "ne"  "N" "sp2" }
>> 	{ "nf"  "N" "sp2" }
>> 	{ "nh"  "N" "sp2" }
>> 	{ "no"  "N" "sp2" }
>> 	{ "s"   "S" "sp2" }
>> 	{ "s2"   "S" "sp2" }
>> 	{ "s3"   "S" "sp3" }
>> 	{ "s4"   "S" "sp3" }
>> 	{ "s6"   "S" "sp3" }
>> 	{ "sh"   "S" "sp3" }
>> 	{ "ss"   "S" "sp3" }
>> 	{ "sx"   "S" "sp3" }
>> 	{ "sy"   "S" "sp3" }
>> 	{ "p2"   "P" "sp2" }
>> 	{ "p3"   "P" "sp3" }
>> 	{ "p4"   "P" "sp3" }
>> 	{ "p5"   "P" "sp3" }
>> 	{ "pb"   "P" "sp3" }
>> 	{ "pc"   "P" "sp3" }
>> 	{ "pd"   "P" "sp3" }
>> 	{ "pe"   "P" "sp3" }
>> 	{ "pf"   "P" "sp3" }
>> 	{ "px"   "P" "sp3" }
>> 	{ "py"   "P" "sp3" }
>> 	{ "f"   "F" "sp3" }
>> 	{ "cl"  "Cl" "sp3" }
>> 	{ "br"  "Br" "sp3" }
>> 	{ "i"   "I"  "sp3" }
>> }
>> #
>> #	Load the general force field parameter set.
>> #
>> gaff = loadamberparams gaff.dat
Loading parameters: /home/dave/apps/amber14/dat/leap/parm/gaff.dat
Loading parameters: /home/dave/apps/amber14/dat/leap/parm/gaff.dat
Reading title:
AMBER General Force Field for organic molecules (Version 1.7, Nov 2013)
Reading title:
AMBER General Force Field for organic molecules (Version 1.7, Nov 2013)
> 
> addAtomTypes { { "ZN" "Zn" "sp3" } { "S3" "S" "sp3" } { "N2" "N" "sp3" } }
> loadoff atomic_ions.lib
Loading library: /home/dave/apps/amber14/dat/leap/lib/atomic_ions.lib
Loading library: /home/dave/apps/amber14/dat/leap/lib/atomic_ions.lib
Loading: AG
Loading: AL
Loading: Ag
Loading: BA
Loading: BR
Loading: Be
Loading: CA
Loading: CD
Loading: CE
Loading: CL
Loading: CO
Loading: CR
Loading: CS
Loading: CU
Loading: CU1
Loading: Ce
Loading: Cl-
Loading: Cr
Loading: Dy
Loading: EU
Loading: EU3
Loading: Er
Loading: F
Loading: FE
Loading: FE2
Loading: GD3
Loading: H3O+
Loading: HE+
Loading: HG
Loading: HZ+
Loading: Hf
Loading: IN
Loading: IOD
Loading: K
Loading: K+
Loading: LA
Loading: LI
Loading: LU
Loading: MG
Loading: MN
Loading: NA
Loading: NH4
Loading: NI
Loading: Na+
Loading: Nd
Loading: PB
Loading: PD
Loading: PR
Loading: PT
Loading: Pu
Loading: RB
Loading: Ra
Loading: SM
Loading: SR
Loading: Sm
Loading: Sn
Loading: TB
Loading: TL
Loading: Th
Loading: Tl
Loading: Tm
Loading: U4+
Loading: V2+
Loading: Y
Loading: YB2
Loading: ZN
Loading: Zr
> loadamberparams frcmod.ions1lsm_hfe_tip3p
Loading parameters: /home/dave/apps/amber14/dat/leap/parm/frcmod.ions1lsm_hfe_tip3p
Loading parameters: /home/dave/apps/amber14/dat/leap/parm/frcmod.ions1lsm_hfe_tip3p
Reading force field modification type file (frcmod)
Reading force field modification type file (frcmod)
Reading title:
Monovalent ion parameters(HFE set) for Particle Mesh Ewald and TIP3P water model from Li, Song and Merz (JCTC, 2015, 11, 1645-1657)
Reading title:
Monovalent ion parameters(HFE set) for Particle Mesh Ewald and TIP3P water model from Li, Song and Merz (JCTC, 2015, 11, 1645-1657)
(UNKNOWN ATOM TYPE: Li+)
(UNKNOWN ATOM TYPE: Na+)
(UNKNOWN ATOM TYPE: K+)
(UNKNOWN ATOM TYPE: Rb+)
(UNKNOWN ATOM TYPE: Cs+)
(UNKNOWN ATOM TYPE: Tl+)
(UNKNOWN ATOM TYPE: Cu+)
(UNKNOWN ATOM TYPE: Ag+)
(UNKNOWN ATOM TYPE: NH4+)
(UNKNOWN ATOM TYPE: H3O+)
(UNKNOWN ATOM TYPE: F-)
(UNKNOWN ATOM TYPE: Cl-)
(UNKNOWN ATOM TYPE: Br-)
(UNKNOWN ATOM TYPE: I-)
> loadamberparams frcmod.ions1lm_126_tip3p
Could not open file frcmod.ions1lm_126_tip3p: not found
Could not open file frcmod.ions1lm_126_tip3p: not found
> loadamberparams frcmod.ionslrcm_hfe_tip3p
Loading parameters: /home/dave/apps/amber14/dat/leap/parm/frcmod.ionslrcm_hfe_tip3p
Loading parameters: /home/dave/apps/amber14/dat/leap/parm/frcmod.ionslrcm_hfe_tip3p
Reading force field modification type file (frcmod)
Reading force field modification type file (frcmod)
Reading title:
Divalent ion parameters(HFE set) for Particle Mesh Ewald and TIP3P water model from Li, Roberts, Chakravorty and Merz (JCTC 2013, 9, 2733-2748) 
Reading title:
Divalent ion parameters(HFE set) for Particle Mesh Ewald and TIP3P water model from Li, Roberts, Chakravorty and Merz (JCTC 2013, 9, 2733-2748) 
(UNKNOWN ATOM TYPE: Be2+)
(UNKNOWN ATOM TYPE: Cu2+)
(UNKNOWN ATOM TYPE: Ni2+)
(UNKNOWN ATOM TYPE: Pt2+)
(UNKNOWN ATOM TYPE: Zn2+)
(UNKNOWN ATOM TYPE: Co2+)
(UNKNOWN ATOM TYPE: Pd2+)
(UNKNOWN ATOM TYPE: Ag2+)
(UNKNOWN ATOM TYPE: Cr2+)
(UNKNOWN ATOM TYPE: Fe2+)
(UNKNOWN ATOM TYPE: Mg2+)
(UNKNOWN ATOM TYPE: V2+)
(UNKNOWN ATOM TYPE: Mn2+)
(UNKNOWN ATOM TYPE: Hg2+)
(UNKNOWN ATOM TYPE: Cd2+)
(UNKNOWN ATOM TYPE: Yb2+)
(UNKNOWN ATOM TYPE: Ca2+)
(UNKNOWN ATOM TYPE: Sn2+)
(UNKNOWN ATOM TYPE: Pb2+)
(UNKNOWN ATOM TYPE: Eu2+)
(UNKNOWN ATOM TYPE: Sr2+)
(UNKNOWN ATOM TYPE: Sm2+)
(UNKNOWN ATOM TYPE: Ba2+)
(UNKNOWN ATOM TYPE: Ra2+)
> loadamberparams frcmod.ions234lm_hfe_tip3p
Could not open file frcmod.ions234lm_hfe_tip3p: not found
Could not open file frcmod.ions234lm_hfe_tip3p: not found
> loadamberparams frcmod.ionsjc_tip3p
Loading parameters: /home/dave/apps/amber14/dat/leap/parm/frcmod.ionsjc_tip3p
Loading parameters: /home/dave/apps/amber14/dat/leap/parm/frcmod.ionsjc_tip3p
Reading force field modification type file (frcmod)
Reading force field modification type file (frcmod)
Reading title:
Monovalent ion parameters for Ewald and TIP3P water from Joung & Cheatham JPCB (2008)
Reading title:
Monovalent ion parameters for Ewald and TIP3P water from Joung & Cheatham JPCB (2008)
(UNKNOWN ATOM TYPE: Li+)
(UNKNOWN ATOM TYPE: Na+)
(UNKNOWN ATOM TYPE: K+)
(UNKNOWN ATOM TYPE: Rb+)
(UNKNOWN ATOM TYPE: Cs+)
(UNKNOWN ATOM TYPE: F-)
(UNKNOWN ATOM TYPE: Cl-)
(UNKNOWN ATOM TYPE: Br-)
(UNKNOWN ATOM TYPE: I-)
> 
> loadamberprep ZAFF.prep
Loading Prep file: /home/dave/apps/amber14/dat/mtkpp/ZAFF/201108//ZAFF.prep
Loading Prep file: /home/dave/apps/amber14/dat/mtkpp/ZAFF/201108//ZAFF.prep
(UNKNOWN ATOM TYPE: S1)
(UNKNOWN ATOM TYPE: S5)
(UNKNOWN ATOM TYPE: D1)
(UNKNOWN ATOM TYPE: E1)
(UNKNOWN ATOM TYPE: D2)
(UNKNOWN ATOM TYPE: D2)
(UNKNOWN ATOM TYPE: E2)
(UNKNOWN ATOM TYPE: NR)
(UNKNOWN ATOM TYPE: N5)
(UNKNOWN ATOM TYPE: N6)
(UNKNOWN ATOM TYPE: N7)
(UNKNOWN ATOM TYPE: O1)
(UNKNOWN ATOM TYPE: N8)
(UNKNOWN ATOM TYPE: N9)
(UNKNOWN ATOM TYPE: N0)
(UNKNOWN ATOM TYPE: O3)
(UNKNOWN ATOM TYPE: NY)
(UNKNOWN ATOM TYPE: O4)
Loaded UNIT: AP1
Loaded UNIT: AP2
Loaded UNIT: CY1
Loaded UNIT: CY2
Loaded UNIT: CY3
Loaded UNIT: CY4
Loaded UNIT: CY5
Loaded UNIT: HD1
Loaded UNIT: HD2
Loaded UNIT: HD3
Loaded UNIT: HD4
Loaded UNIT: HD5
Loaded UNIT: HD6
Loaded UNIT: HD7
Loaded UNIT: HD8
Loaded UNIT: HD9
Loaded UNIT: HDA
Loaded UNIT: HDD
Loaded UNIT: HE1
Loaded UNIT: HE2
Loaded UNIT: HE3
Loaded UNIT: HE4
Loaded UNIT: HE5
Loaded UNIT: HE6
Loaded UNIT: OH1
Loaded UNIT: WT1
Loaded UNIT: WT2
Loaded UNIT: WT3
Loaded UNIT: Z10
Loaded UNIT: Z11
Loaded UNIT: Z12
Loaded UNIT: ZN1
Loaded UNIT: ZN2
Loaded UNIT: ZN3
Loaded UNIT: ZN4
Loaded UNIT: ZN5
Loaded UNIT: ZN6
Loaded UNIT: ZN7
Loaded UNIT: ZN8
Loaded UNIT: ZN9
> loadamberparams ZAFF.frcmod
Loading parameters: /home/dave/apps/amber14/dat/mtkpp/ZAFF/201108//ZAFF.frcmod
Loading parameters: /home/dave/apps/amber14/dat/mtkpp/ZAFF/201108//ZAFF.frcmod
Reading force field modification type file (frcmod)
Reading force field modification type file (frcmod)
Reading title:
ZAFF parameter set created by MTK++/MCPB 
Reading title:
ZAFF parameter set created by MTK++/MCPB 
(UNKNOWN ATOM TYPE: S1)
(UNKNOWN ATOM TYPE: S5)
(UNKNOWN ATOM TYPE: N5)
(UNKNOWN ATOM TYPE: N6)
(UNKNOWN ATOM TYPE: N7)
(UNKNOWN ATOM TYPE: O1)
(UNKNOWN ATOM TYPE: N8)
(UNKNOWN ATOM TYPE: N9)
(UNKNOWN ATOM TYPE: N0)
(UNKNOWN ATOM TYPE: O3)
(UNKNOWN ATOM TYPE: NY)
(UNKNOWN ATOM TYPE: O4)
(UNKNOWN ATOM TYPE: E1)
(UNKNOWN ATOM TYPE: D1)
(UNKNOWN ATOM TYPE: E2)
(UNKNOWN ATOM TYPE: D2)
(UNKNOWN ATOM TYPE: NR)
> frcmod = loadamberparams /home/dave/tmp/bac-store/system_descriptions/default/drugs_par/egfr/resp/aee/aee.frcmod
Loading parameters: /home/dave/tmp/bac-store/system_descriptions/default/drugs_par/egfr/resp/aee/aee.frcmod
Loading parameters: /home/dave/tmp/bac-store/system_descriptions/default/drugs_par/egfr/resp/aee/aee.frcmod
Reading force field modification type file (frcmod)
Reading force field modification type file (frcmod)
Reading title:
remark goes here
Reading title:
remark goes here
> loadamberprep /home/dave/tmp/bac-store/system_descriptions/default/drugs_par/egfr/resp/aee/aee.prep
Loading Prep file: /home/dave/tmp/bac-store/system_descriptions/default/drugs_par/egfr/resp/aee/aee.prep
Loading Prep file: /home/dave/tmp/bac-store/system_descriptions/default/drugs_par/egfr/resp/aee/aee.prep
Loaded UNIT: AEE
> 
> lig = loadpdb orig_lig.pdb
Loading PDB file: ./orig_lig.pdb
Loading PDB file: ./orig_lig.pdb
Enter zPdbReadScan from call depth  0.
Exit  zPdbReadScan from call depth  0.
Matching PDB residue names to LEaP variables.
(Residue 0: AEE, Terminal/last, was not found in name map.)
  total atoms in file: 65
  total atoms in file: 65
> savepdb lig lig.pdb
Writing pdb file: lig.pdb
Writing pdb file: lig.pdb
> rec = loadpdb orig_rec.pdb
Loading PDB file: ./orig_rec.pdb
Loading PDB file: ./orig_rec.pdb
Enter zPdbReadScan from call depth  0.
Exit  zPdbReadScan from call depth  0.
Matching PDB residue names to LEaP variables.
Mapped residue GLU, term: Terminal/beginning, seq. number: 0 to: NGLU.
(Residue 1: GLY, Nonterminal, was not found in name map.)
(Residue 2: PRO, Nonterminal, was not found in name map.)
(Residue 3: ASN, Nonterminal, was not found in name map.)
(Residue 4: GLN, Nonterminal, was not found in name map.)
(Residue 5: ALA, Nonterminal, was not found in name map.)
(Residue 6: LEU, Nonterminal, was not found in name map.)
(Residue 7: LEU, Nonterminal, was not found in name map.)
(Residue 8: ARG, Nonterminal, was not found in name map.)
(Residue 9: ILE, Nonterminal, was not found in name map.)
(Residue 10: LEU, Nonterminal, was not found in name map.)
(Residue 11: LYS, Nonterminal, was not found in name map.)
(Residue 12: GLU, Nonterminal, was not found in name map.)
(Residue 13: THR, Nonterminal, was not found in name map.)
(Residue 14: GLU, Nonterminal, was not found in name map.)
(Residue 15: PHE, Nonterminal, was not found in name map.)
(Residue 16: LYS, Nonterminal, was not found in name map.)
(Residue 17: LYS, Nonterminal, was not found in name map.)
(Residue 18: ILE, Nonterminal, was not found in name map.)
(Residue 19: LYS, Nonterminal, was not found in name map.)
(Residue 20: VAL, Nonterminal, was not found in name map.)
(Residue 21: LEU, Nonterminal, was not found in name map.)
(Residue 22: GLY, Nonterminal, was not found in name map.)
(Residue 23: SER, Nonterminal, was not found in name map.)
(Residue 24: GLY, Nonterminal, was not found in name map.)
(Residue 25: ALA, Nonterminal, was not found in name map.)
(Residue 26: PHE, Nonterminal, was not found in name map.)
(Residue 27: GLY, Nonterminal, was not found in name map.)
(Residue 28: THR, Nonterminal, was not found in name map.)
(Residue 29: VAL, Nonterminal, was not found in name map.)
(Residue 30: TYR, Nonterminal, was not found in name map.)
(Residue 31: LYS, Nonterminal, was not found in name map.)
(Residue 32: GLY, Nonterminal, was not found in name map.)
(Residue 33: LEU, Nonterminal, was not found in name map.)
(Residue 34: TRP, Nonterminal, was not found in name map.)
(Residue 35: ILE, Nonterminal, was not found in name map.)
(Residue 36: PRO, Nonterminal, was not found in name map.)
(Residue 37: GLU, Nonterminal, was not found in name map.)
(Residue 38: GLY, Nonterminal, was not found in name map.)
(Residue 39: GLU, Nonterminal, was not found in name map.)
(Residue 40: LYS, Nonterminal, was not found in name map.)
(Residue 41: VAL, Nonterminal, was not found in name map.)
(Residue 42: LYS, Nonterminal, was not found in name map.)
(Residue 43: ILE, Nonterminal, was not found in name map.)
(Residue 44: PRO, Nonterminal, was not found in name map.)
(Residue 45: VAL, Nonterminal, was not found in name map.)
(Residue 46: ALA, Nonterminal, was not found in name map.)
(Residue 47: ILE, Nonterminal, was not found in name map.)
(Residue 48: LYS, Nonterminal, was not found in name map.)
(Residue 49: GLU, Nonterminal, was not found in name map.)
(Residue 50: LEU, Nonterminal, was not found in name map.)
(Residue 51: ARG, Nonterminal, was not found in name map.)
(Residue 52: GLU, Nonterminal, was not found in name map.)
(Residue 53: ALA, Nonterminal, was not found in name map.)
(Residue 54: THR, Nonterminal, was not found in name map.)
(Residue 55: SER, Nonterminal, was not found in name map.)
(Residue 56: PRO, Nonterminal, was not found in name map.)
(Residue 57: LYS, Nonterminal, was not found in name map.)
(Residue 58: ALA, Nonterminal, was not found in name map.)
(Residue 59: ASN, Nonterminal, was not found in name map.)
(Residue 60: LYS, Nonterminal, was not found in name map.)
(Residue 61: GLU, Nonterminal, was not found in name map.)
(Residue 62: ILE, Nonterminal, was not found in name map.)
(Residue 63: LEU, Nonterminal, was not found in name map.)
(Residue 64: ASP, Nonterminal, was not found in name map.)
(Residue 65: GLU, Nonterminal, was not found in name map.)
(Residue 66: ALA, Nonterminal, was not found in name map.)
(Residue 67: TYR, Nonterminal, was not found in name map.)
(Residue 68: VAL, Nonterminal, was not found in name map.)
(Residue 69: MET, Nonterminal, was not found in name map.)
(Residue 70: ALA, Nonterminal, was not found in name map.)
(Residue 71: SER, Nonterminal, was not found in name map.)
(Residue 72: VAL, Nonterminal, was not found in name map.)
(Residue 73: ASP, Nonterminal, was not found in name map.)
(Residue 74: ASN, Nonterminal, was not found in name map.)
(Residue 75: PRO, Nonterminal, was not found in name map.)
(Residue 76: HIS, Nonterminal, was not found in name map.)
(Residue 77: VAL, Nonterminal, was not found in name map.)
(Residue 78: CYS, Nonterminal, was not found in name map.)
(Residue 79: ARG, Nonterminal, was not found in name map.)
(Residue 80: LEU, Nonterminal, was not found in name map.)
(Residue 81: LEU, Nonterminal, was not found in name map.)
(Residue 82: GLY, Nonterminal, was not found in name map.)
(Residue 83: ILE, Nonterminal, was not found in name map.)
(Residue 84: CYS, Nonterminal, was not found in name map.)
(Residue 85: LEU, Nonterminal, was not found in name map.)
(Residue 86: THR, Nonterminal, was not found in name map.)
(Residue 87: SER, Nonterminal, was not found in name map.)
(Residue 88: THR, Nonterminal, was not found in name map.)
(Residue 89: VAL, Nonterminal, was not found in name map.)
(Residue 90: GLN, Nonterminal, was not found in name map.)
(Residue 91: LEU, Nonterminal, was not found in name map.)
(Residue 92: ILE, Nonterminal, was not found in name map.)
(Residue 93: THR, Nonterminal, was not found in name map.)
(Residue 94: GLN, Nonterminal, was not found in name map.)
(Residue 95: LEU, Nonterminal, was not found in name map.)
(Residue 96: MET, Nonterminal, was not found in name map.)
(Residue 97: PRO, Nonterminal, was not found in name map.)
(Residue 98: PHE, Nonterminal, was not found in name map.)
(Residue 99: GLY, Nonterminal, was not found in name map.)
(Residue 100: CYS, Nonterminal, was not found in name map.)
(Residue 101: LEU, Nonterminal, was not found in name map.)
(Residue 102: LEU, Nonterminal, was not found in name map.)
(Residue 103: ASP, Nonterminal, was not found in name map.)
(Residue 104: TYR, Nonterminal, was not found in name map.)
(Residue 105: VAL, Nonterminal, was not found in name map.)
(Residue 106: ARG, Nonterminal, was not found in name map.)
(Residue 107: GLU, Nonterminal, was not found in name map.)
(Residue 108: HIS, Nonterminal, was not found in name map.)
(Residue 109: LYS, Nonterminal, was not found in name map.)
(Residue 110: ASP, Nonterminal, was not found in name map.)
(Residue 111: ASN, Nonterminal, was not found in name map.)
(Residue 112: ILE, Nonterminal, was not found in name map.)
(Residue 113: GLY, Nonterminal, was not found in name map.)
(Residue 114: SER, Nonterminal, was not found in name map.)
(Residue 115: GLN, Nonterminal, was not found in name map.)
(Residue 116: TYR, Nonterminal, was not found in name map.)
(Residue 117: LEU, Nonterminal, was not found in name map.)
(Residue 118: LEU, Nonterminal, was not found in name map.)
(Residue 119: ASN, Nonterminal, was not found in name map.)
(Residue 120: TRP, Nonterminal, was not found in name map.)
(Residue 121: CYS, Nonterminal, was not found in name map.)
(Residue 122: VAL, Nonterminal, was not found in name map.)
(Residue 123: GLN, Nonterminal, was not found in name map.)
(Residue 124: ILE, Nonterminal, was not found in name map.)
(Residue 125: ALA, Nonterminal, was not found in name map.)
(Residue 126: LYS, Nonterminal, was not found in name map.)
(Residue 127: GLY, Nonterminal, was not found in name map.)
(Residue 128: MET, Nonterminal, was not found in name map.)
(Residue 129: ASN, Nonterminal, was not found in name map.)
(Residue 130: TYR, Nonterminal, was not found in name map.)
(Residue 131: LEU, Nonterminal, was not found in name map.)
(Residue 132: GLU, Nonterminal, was not found in name map.)
(Residue 133: ASP, Nonterminal, was not found in name map.)
(Residue 134: ARG, Nonterminal, was not found in name map.)
(Residue 135: ARG, Nonterminal, was not found in name map.)
(Residue 136: LEU, Nonterminal, was not found in name map.)
(Residue 137: VAL, Nonterminal, was not found in name map.)
(Residue 138: HIS, Nonterminal, was not found in name map.)
(Residue 139: ARG, Nonterminal, was not found in name map.)
(Residue 140: ASP, Nonterminal, was not found in name map.)
(Residue 141: LEU, Nonterminal, was not found in name map.)
(Residue 142: ALA, Nonterminal, was not found in name map.)
(Residue 143: ALA, Nonterminal, was not found in name map.)
(Residue 144: ARG, Nonterminal, was not found in name map.)
(Residue 145: ASN, Nonterminal, was not found in name map.)
(Residue 146: VAL, Nonterminal, was not found in name map.)
(Residue 147: LEU, Nonterminal, was not found in name map.)
(Residue 148: VAL, Nonterminal, was not found in name map.)
(Residue 149: LYS, Nonterminal, was not found in name map.)
(Residue 150: THR, Nonterminal, was not found in name map.)
(Residue 151: PRO, Nonterminal, was not found in name map.)
(Residue 152: GLN, Nonterminal, was not found in name map.)
(Residue 153: HIS, Nonterminal, was not found in name map.)
(Residue 154: VAL, Nonterminal, was not found in name map.)
(Residue 155: LYS, Nonterminal, was not found in name map.)
(Residue 156: ILE, Nonterminal, was not found in name map.)
(Residue 157: THR, Nonterminal, was not found in name map.)
(Residue 158: ASP, Nonterminal, was not found in name map.)
(Residue 159: PHE, Nonterminal, was not found in name map.)
(Residue 160: GLY, Nonterminal, was not found in name map.)
(Residue 161: LEU, Nonterminal, was not found in name map.)
(Residue 162: ALA, Nonterminal, was not found in name map.)
(Residue 163: LYS, Nonterminal, was not found in name map.)
(Residue 164: LEU, Nonterminal, was not found in name map.)
(Residue 165: LEU, Nonterminal, was not found in name map.)
(Residue 166: GLY, Nonterminal, was not found in name map.)
(Residue 167: ALA, Nonterminal, was not found in name map.)
(Residue 168: GLU, Nonterminal, was not found in name map.)
(Residue 169: GLU, Nonterminal, was not found in name map.)
(Residue 170: LYS, Nonterminal, was not found in name map.)
(Residue 171: GLU, Nonterminal, was not found in name map.)
(Residue 172: TYR, Nonterminal, was not found in name map.)
(Residue 173: HIS, Nonterminal, was not found in name map.)
(Residue 174: ALA, Nonterminal, was not found in name map.)
(Residue 175: GLU, Nonterminal, was not found in name map.)
(Residue 176: GLY, Nonterminal, was not found in name map.)
(Residue 177: GLY, Nonterminal, was not found in name map.)
(Residue 178: LYS, Nonterminal, was not found in name map.)
(Residue 179: VAL, Nonterminal, was not found in name map.)
(Residue 180: PRO, Nonterminal, was not found in name map.)
(Residue 181: ILE, Nonterminal, was not found in name map.)
(Residue 182: LYS, Nonterminal, was not found in name map.)
(Residue 183: TRP, Nonterminal, was not found in name map.)
(Residue 184: MET, Nonterminal, was not found in name map.)
(Residue 185: ALA, Nonterminal, was not found in name map.)
(Residue 186: LEU, Nonterminal, was not found in name map.)
(Residue 187: GLU, Nonterminal, was not found in name map.)
(Residue 188: SER, Nonterminal, was not found in name map.)
(Residue 189: ILE, Nonterminal, was not found in name map.)
(Residue 190: LEU, Nonterminal, was not found in name map.)
(Residue 191: HIS, Nonterminal, was not found in name map.)
(Residue 192: ARG, Nonterminal, was not found in name map.)
(Residue 193: ILE, Nonterminal, was not found in name map.)
(Residue 194: TYR, Nonterminal, was not found in name map.)
(Residue 195: THR, Nonterminal, was not found in name map.)
(Residue 196: HIS, Nonterminal, was not found in name map.)
(Residue 197: GLN, Nonterminal, was not found in name map.)
(Residue 198: SER, Nonterminal, was not found in name map.)
(Residue 199: ASP, Nonterminal, was not found in name map.)
(Residue 200: VAL, Nonterminal, was not found in name map.)
(Residue 201: TRP, Nonterminal, was not found in name map.)
(Residue 202: SER, Nonterminal, was not found in name map.)
(Residue 203: TYR, Nonterminal, was not found in name map.)
(Residue 204: GLY, Nonterminal, was not found in name map.)
(Residue 205: VAL, Nonterminal, was not found in name map.)
(Residue 206: THR, Nonterminal, was not found in name map.)
(Residue 207: VAL, Nonterminal, was not found in name map.)
(Residue 208: TRP, Nonterminal, was not found in name map.)
(Residue 209: GLU, Nonterminal, was not found in name map.)
(Residue 210: LEU, Nonterminal, was not found in name map.)
(Residue 211: MET, Nonterminal, was not found in name map.)
(Residue 212: THR, Nonterminal, was not found in name map.)
(Residue 213: PHE, Nonterminal, was not found in name map.)
(Residue 214: GLY, Nonterminal, was not found in name map.)
(Residue 215: SER, Nonterminal, was not found in name map.)
(Residue 216: LYS, Nonterminal, was not found in name map.)
(Residue 217: PRO, Nonterminal, was not found in name map.)
(Residue 218: TYR, Nonterminal, was not found in name map.)
(Residue 219: ASP, Nonterminal, was not found in name map.)
(Residue 220: GLY, Nonterminal, was not found in name map.)
(Residue 221: ILE, Nonterminal, was not found in name map.)
(Residue 222: PRO, Nonterminal, was not found in name map.)
(Residue 223: ALA, Nonterminal, was not found in name map.)
(Residue 224: SER, Nonterminal, was not found in name map.)
(Residue 225: GLU, Nonterminal, was not found in name map.)
(Residue 226: ILE, Nonterminal, was not found in name map.)
(Residue 227: SER, Nonterminal, was not found in name map.)
(Residue 228: SER, Nonterminal, was not found in name map.)
(Residue 229: ILE, Nonterminal, was not found in name map.)
(Residue 230: LEU, Nonterminal, was not found in name map.)
(Residue 231: GLU, Nonterminal, was not found in name map.)
(Residue 232: LYS, Nonterminal, was not found in name map.)
(Residue 233: GLY, Nonterminal, was not found in name map.)
(Residue 234: GLU, Nonterminal, was not found in name map.)
(Residue 235: ARG, Nonterminal, was not found in name map.)
(Residue 236: LEU, Nonterminal, was not found in name map.)
(Residue 237: PRO, Nonterminal, was not found in name map.)
(Residue 238: GLN, Nonterminal, was not found in name map.)
(Residue 239: PRO, Nonterminal, was not found in name map.)
(Residue 240: PRO, Nonterminal, was not found in name map.)
(Residue 241: ILE, Nonterminal, was not found in name map.)
(Residue 242: CYS, Nonterminal, was not found in name map.)
(Residue 243: THR, Nonterminal, was not found in name map.)
(Residue 244: ILE, Nonterminal, was not found in name map.)
(Residue 245: ASP, Nonterminal, was not found in name map.)
(Residue 246: VAL, Nonterminal, was not found in name map.)
(Residue 247: TYR, Nonterminal, was not found in name map.)
(Residue 248: MET, Nonterminal, was not found in name map.)
(Residue 249: ILE, Nonterminal, was not found in name map.)
(Residue 250: MET, Nonterminal, was not found in name map.)
(Residue 251: VAL, Nonterminal, was not found in name map.)
(Residue 252: LYS, Nonterminal, was not found in name map.)
(Residue 253: CYS, Nonterminal, was not found in name map.)
(Residue 254: TRP, Nonterminal, was not found in name map.)
(Residue 255: MET, Nonterminal, was not found in name map.)
(Residue 256: ILE, Nonterminal, was not found in name map.)
(Residue 257: ASP, Nonterminal, was not found in name map.)
(Residue 258: ALA, Nonterminal, was not found in name map.)
(Residue 259: ASP, Nonterminal, was not found in name map.)
(Residue 260: SER, Nonterminal, was not found in name map.)
(Residue 261: ARG, Nonterminal, was not found in name map.)
(Residue 262: PRO, Nonterminal, was not found in name map.)
(Residue 263: LYS, Nonterminal, was not found in name map.)
(Residue 264: PHE, Nonterminal, was not found in name map.)
(Residue 265: ARG, Nonterminal, was not found in name map.)
(Residue 266: GLU, Nonterminal, was not found in name map.)
(Residue 267: LEU, Nonterminal, was not found in name map.)
(Residue 268: ILE, Nonterminal, was not found in name map.)
(Residue 269: ILE, Nonterminal, was not found in name map.)
(Residue 270: GLU, Nonterminal, was not found in name map.)
(Residue 271: PHE, Nonterminal, was not found in name map.)
(Residue 272: SER, Nonterminal, was not found in name map.)
(Residue 273: LYS, Nonterminal, was not found in name map.)
(Residue 274: MET, Nonterminal, was not found in name map.)
(Residue 275: ALA, Nonterminal, was not found in name map.)
(Residue 276: ARG, Nonterminal, was not found in name map.)
(Residue 277: ASP, Nonterminal, was not found in name map.)
(Residue 278: PRO, Nonterminal, was not found in name map.)
(Residue 279: GLN, Nonterminal, was not found in name map.)
(Residue 280: ARG, Nonterminal, was not found in name map.)
(Residue 281: TYR, Nonterminal, was not found in name map.)
(Residue 282: LEU, Nonterminal, was not found in name map.)
(Residue 283: VAL, Nonterminal, was not found in name map.)
(Residue 284: ILE, Nonterminal, was not found in name map.)
(Residue 285: GLN, Nonterminal, was not found in name map.)
(Residue 286: GLY, Nonterminal, was not found in name map.)
Mapped residue ASP, term: Terminal/last, seq. number: 287 to: CASP.
Joining NGLU - GLY
Joining GLY - PRO
Joining PRO - ASN
Joining ASN - GLN
Joining GLN - ALA
Joining ALA - LEU
Joining LEU - LEU
Joining LEU - ARG
Joining ARG - ILE
Joining ILE - LEU
Joining LEU - LYS
Joining LYS - GLU
Joining GLU - THR
Joining THR - GLU
Joining GLU - PHE
Joining PHE - LYS
Joining LYS - LYS
Joining LYS - ILE
Joining ILE - LYS
Joining LYS - VAL
Joining VAL - LEU
Joining LEU - GLY
Joining GLY - SER
Joining SER - GLY
Joining GLY - ALA
Joining ALA - PHE
Joining PHE - GLY
Joining GLY - THR
Joining THR - VAL
Joining VAL - TYR
Joining TYR - LYS
Joining LYS - GLY
Joining GLY - LEU
Joining LEU - TRP
Joining TRP - ILE
Joining ILE - PRO
Joining PRO - GLU
Joining GLU - GLY
Joining GLY - GLU
Joining GLU - LYS
Joining LYS - VAL
Joining VAL - LYS
Joining LYS - ILE
Joining ILE - PRO
Joining PRO - VAL
Joining VAL - ALA
Joining ALA - ILE
Joining ILE - LYS
Joining LYS - GLU
Joining GLU - LEU
Joining LEU - ARG
Joining ARG - GLU
Joining GLU - ALA
Joining ALA - THR
Joining THR - SER
Joining SER - PRO
Joining PRO - LYS
Joining LYS - ALA
Joining ALA - ASN
Joining ASN - LYS
Joining LYS - GLU
Joining GLU - ILE
Joining ILE - LEU
Joining LEU - ASP
Joining ASP - GLU
Joining GLU - ALA
Joining ALA - TYR
Joining TYR - VAL
Joining VAL - MET
Joining MET - ALA
Joining ALA - SER
Joining SER - VAL
Joining VAL - ASP
Joining ASP - ASN
Joining ASN - PRO
Joining PRO - HIE
Joining HIE - VAL
Joining VAL - CYS
Joining CYS - ARG
Joining ARG - LEU
Joining LEU - LEU
Joining LEU - GLY
Joining GLY - ILE
Joining ILE - CYS
Joining CYS - LEU
Joining LEU - THR
Joining THR - SER
Joining SER - THR
Joining THR - VAL
Joining VAL - GLN
Joining GLN - LEU
Joining LEU - ILE
Joining ILE - THR
Joining THR - GLN
Joining GLN - LEU
Joining LEU - MET
Joining MET - PRO
Joining PRO - PHE
Joining PHE - GLY
Joining GLY - CYS
Joining CYS - LEU
Joining LEU - LEU
Joining LEU - ASP
Joining ASP - TYR
Joining TYR - VAL
Joining VAL - ARG
Joining ARG - GLU
Joining GLU - HIE
Joining HIE - LYS
Joining LYS - ASP
Joining ASP - ASN
Joining ASN - ILE
Joining ILE - GLY
Joining GLY - SER
Joining SER - GLN
Joining GLN - TYR
Joining TYR - LEU
Joining LEU - LEU
Joining LEU - ASN
Joining ASN - TRP
Joining TRP - CYS
Joining CYS - VAL
Joining VAL - GLN
Joining GLN - ILE
Joining ILE - ALA
Joining ALA - LYS
Joining LYS - GLY
Joining GLY - MET
Joining MET - ASN
Joining ASN - TYR
Joining TYR - LEU
Joining LEU - GLU
Joining GLU - ASP
Joining ASP - ARG
Joining ARG - ARG
Joining ARG - LEU
Joining LEU - VAL
Joining VAL - HIE
Joining HIE - ARG
Joining ARG - ASP
Joining ASP - LEU
Joining LEU - ALA
Joining ALA - ALA
Joining ALA - ARG
Joining ARG - ASN
Joining ASN - VAL
Joining VAL - LEU
Joining LEU - VAL
Joining VAL - LYS
Joining LYS - THR
Joining THR - PRO
Joining PRO - GLN
Joining GLN - HIE
Joining HIE - VAL
Joining VAL - LYS
Joining LYS - ILE
Joining ILE - THR
Joining THR - ASP
Joining ASP - PHE
Joining PHE - GLY
Joining GLY - LEU
Joining LEU - ALA
Joining ALA - LYS
Joining LYS - LEU
Joining LEU - LEU
Joining LEU - GLY
Joining GLY - ALA
Joining ALA - GLU
Joining GLU - GLU
Joining GLU - LYS
Joining LYS - GLU
Joining GLU - TYR
Joining TYR - HIE
Joining HIE - ALA
Joining ALA - GLU
Joining GLU - GLY
Joining GLY - GLY
Joining GLY - LYS
Joining LYS - VAL
Joining VAL - PRO
Joining PRO - ILE
Joining ILE - LYS
Joining LYS - TRP
Joining TRP - MET
Joining MET - ALA
Joining ALA - LEU
Joining LEU - GLU
Joining GLU - SER
Joining SER - ILE
Joining ILE - LEU
Joining LEU - HIE
Joining HIE - ARG
Joining ARG - ILE
Joining ILE - TYR
Joining TYR - THR
Joining THR - HIE
Joining HIE - GLN
Joining GLN - SER
Joining SER - ASP
Joining ASP - VAL
Joining VAL - TRP
Joining TRP - SER
Joining SER - TYR
Joining TYR - GLY
Joining GLY - VAL
Joining VAL - THR
Joining THR - VAL
Joining VAL - TRP
Joining TRP - GLU
Joining GLU - LEU
Joining LEU - MET
Joining MET - THR
Joining THR - PHE
Joining PHE - GLY
Joining GLY - SER
Joining SER - LYS
Joining LYS - PRO
Joining PRO - TYR
Joining TYR - ASP
Joining ASP - GLY
Joining GLY - ILE
Joining ILE - PRO
Joining PRO - ALA
Joining ALA - SER
Joining SER - GLU
Joining GLU - ILE
Joining ILE - SER
Joining SER - SER
Joining SER - ILE
Joining ILE - LEU
Joining LEU - GLU
Joining GLU - LYS
Joining LYS - GLY
Joining GLY - GLU
Joining GLU - ARG
Joining ARG - LEU
Joining LEU - PRO
Joining PRO - GLN
Joining GLN - PRO
Joining PRO - PRO
Joining PRO - ILE
Joining ILE - CYS
Joining CYS - THR
Joining THR - ILE
Joining ILE - ASP
Joining ASP - VAL
Joining VAL - TYR
Joining TYR - MET
Joining MET - ILE
Joining ILE - MET
Joining MET - VAL
Joining VAL - LYS
Joining LYS - CYS
Joining CYS - TRP
Joining TRP - MET
Joining MET - ILE
Joining ILE - ASP
Joining ASP - ALA
Joining ALA - ASP
Joining ASP - SER
Joining SER - ARG
Joining ARG - PRO
Joining PRO - LYS
Joining LYS - PHE
Joining PHE - ARG
Joining ARG - GLU
Joining GLU - LEU
Joining LEU - ILE
Joining ILE - ILE
Joining ILE - GLU
Joining GLU - PHE
Joining PHE - SER
Joining SER - LYS
Joining LYS - MET
Joining MET - ALA
Joining ALA - ARG
Joining ARG - ASP
Joining ASP - PRO
Joining PRO - GLN
Joining GLN - ARG
Joining ARG - TYR
Joining TYR - LEU
Joining LEU - VAL
Joining VAL - ILE
Joining ILE - GLN
Joining GLN - GLY
Joining GLY - CASP
  Added missing heavy atom: .R<CASP 984>.A<O 12>
  Added missing heavy atom: .R<CASP 984>.A<O 12>
  Added missing heavy atom: .R<CASP 984>.A<OXT 13>
  Added missing heavy atom: .R<CASP 984>.A<OXT 13>
  total atoms in file: 2300
  total atoms in file: 2300
  Leap added 2361 missing atoms according to residue templates:
  Leap added 2361 missing atoms according to residue templates:
       2 Heavy
       2 Heavy
       2359 H / lone pairs
       2359 H / lone pairs
> savepdb rec rec.pdb
Writing pdb file: rec.pdb
Writing pdb file: rec.pdb
 Converting N-terminal residue name to PDB format: NGLU -> GLU
 Converting N-terminal residue name to PDB format: NGLU -> GLU
 Converting C-terminal residue name to PDB format: CASP -> ASP
 Converting C-terminal residue name to PDB format: CASP -> ASP
> com = combine{rec lig}
  Sequence: default_name
  Sequence: default_name
> savepdb com com.pdb
Writing pdb file: com.pdb
Writing pdb file: com.pdb
 Converting N-terminal residue name to PDB format: NGLU -> GLU
 Converting N-terminal residue name to PDB format: NGLU -> GLU
 Converting C-terminal residue name to PDB format: CASP -> ASP
 Converting C-terminal residue name to PDB format: CASP -> ASP
> sol = loadpdb solvent.pdb
Loading PDB file: ./solvent.pdb
Loading PDB file: ./solvent.pdb
Enter zPdbReadScan from call depth  0.
Exit  zPdbReadScan from call depth  0.
Matching PDB residue names to LEaP variables.
(Residue 0: HOH, Terminal/beginning, was not found in name map.)
(Residue 1: HOH, Nonterminal, was not found in name map.)
(Residue 2: HOH, Nonterminal, was not found in name map.)
(Residue 3: HOH, Nonterminal, was not found in name map.)
(Residue 4: HOH, Nonterminal, was not found in name map.)
(Residue 5: HOH, Nonterminal, was not found in name map.)
(Residue 6: HOH, Nonterminal, was not found in name map.)
(Residue 7: HOH, Nonterminal, was not found in name map.)
(Residue 8: HOH, Nonterminal, was not found in name map.)
(Residue 9: HOH, Nonterminal, was not found in name map.)
(Residue 10: HOH, Nonterminal, was not found in name map.)
(Residue 11: HOH, Nonterminal, was not found in name map.)
(Residue 12: HOH, Nonterminal, was not found in name map.)
(Residue 13: HOH, Nonterminal, was not found in name map.)
(Residue 14: HOH, Nonterminal, was not found in name map.)
(Residue 15: HOH, Nonterminal, was not found in name map.)
(Residue 16: HOH, Nonterminal, was not found in name map.)
(Residue 17: HOH, Nonterminal, was not found in name map.)
(Residue 18: HOH, Nonterminal, was not found in name map.)
(Residue 19: HOH, Nonterminal, was not found in name map.)
(Residue 20: HOH, Nonterminal, was not found in name map.)
(Residue 21: HOH, Nonterminal, was not found in name map.)
(Residue 22: HOH, Nonterminal, was not found in name map.)
(Residue 23: HOH, Nonterminal, was not found in name map.)
(Residue 24: HOH, Nonterminal, was not found in name map.)
(Residue 25: HOH, Nonterminal, was not found in name map.)
(Residue 26: HOH, Nonterminal, was not found in name map.)
(Residue 27: HOH, Nonterminal, was not found in name map.)
(Residue 28: HOH, Nonterminal, was not found in name map.)
(Residue 29: HOH, Nonterminal, was not found in name map.)
(Residue 30: HOH, Nonterminal, was not found in name map.)
(Residue 31: HOH, Nonterminal, was not found in name map.)
(Residue 32: HOH, Nonterminal, was not found in name map.)
(Residue 33: HOH, Nonterminal, was not found in name map.)
(Residue 34: HOH, Nonterminal, was not found in name map.)
(Residue 35: HOH, Nonterminal, was not found in name map.)
(Residue 36: HOH, Nonterminal, was not found in name map.)
(Residue 37: HOH, Nonterminal, was not found in name map.)
(Residue 38: HOH, Nonterminal, was not found in name map.)
(Residue 39: HOH, Nonterminal, was not found in name map.)
(Residue 40: HOH, Nonterminal, was not found in name map.)
(Residue 41: HOH, Nonterminal, was not found in name map.)
(Residue 42: HOH, Nonterminal, was not found in name map.)
(Residue 43: HOH, Nonterminal, was not found in name map.)
(Residue 44: HOH, Nonterminal, was not found in name map.)
(Residue 45: HOH, Nonterminal, was not found in name map.)
(Residue 46: HOH, Nonterminal, was not found in name map.)
(Residue 47: HOH, Nonterminal, was not found in name map.)
(Residue 48: HOH, Nonterminal, was not found in name map.)
(Residue 49: HOH, Nonterminal, was not found in name map.)
(Residue 50: HOH, Nonterminal, was not found in name map.)
(Residue 51: HOH, Nonterminal, was not found in name map.)
(Residue 52: HOH, Nonterminal, was not found in name map.)
(Residue 53: HOH, Nonterminal, was not found in name map.)
(Residue 54: HOH, Nonterminal, was not found in name map.)
(Residue 55: HOH, Nonterminal, was not found in name map.)
(Residue 56: HOH, Nonterminal, was not found in name map.)
(Residue 57: HOH, Nonterminal, was not found in name map.)
(Residue 58: HOH, Nonterminal, was not found in name map.)
(Residue 59: HOH, Nonterminal, was not found in name map.)
(Residue 60: HOH, Nonterminal, was not found in name map.)
(Residue 61: HOH, Nonterminal, was not found in name map.)
(Residue 62: HOH, Nonterminal, was not found in name map.)
(Residue 63: HOH, Nonterminal, was not found in name map.)
(Residue 64: HOH, Nonterminal, was not found in name map.)
(Residue 65: HOH, Terminal/last, was not found in name map.)
Starting new chain with TP3
Starting new chain with TP3
Starting new chain with TP3
Starting new chain with TP3
Starting new chain with TP3
Starting new chain with TP3
Starting new chain with TP3
Starting new chain with TP3
Starting new chain with TP3
Starting new chain with TP3
Starting new chain with TP3
Starting new chain with TP3
Starting new chain with TP3
Starting new chain with TP3
Starting new chain with TP3
Starting new chain with TP3
Starting new chain with TP3
Starting new chain with TP3
Starting new chain with TP3
Starting new chain with TP3
Starting new chain with TP3
Starting new chain with TP3
Starting new chain with TP3
Starting new chain with TP3
Starting new chain with TP3
Starting new chain with TP3
Starting new chain with TP3
Starting new chain with TP3
Starting new chain with TP3
Starting new chain with TP3
Starting new chain with TP3
Starting new chain with TP3
Starting new chain with TP3
Starting new chain with TP3
Starting new chain with TP3
Starting new chain with TP3
Starting new chain with TP3
Starting new chain with TP3
Starting new chain with TP3
Starting new chain with TP3
Starting new chain with TP3
Starting new chain with TP3
Starting new chain with TP3
Starting new chain with TP3
Starting new chain with TP3
Starting new chain with TP3
Starting new chain with TP3
Starting new chain with TP3
Starting new chain with TP3
Starting new chain with TP3
Starting new chain with TP3
Starting new chain with TP3
Starting new chain with TP3
Starting new chain with TP3
Starting new chain with TP3
Starting new chain with TP3
Starting new chain with TP3
Starting new chain with TP3
Starting new chain with TP3
Starting new chain with TP3
Starting new chain with TP3
Starting new chain with TP3
Starting new chain with TP3
Starting new chain with TP3
Starting new chain with TP3
  total atoms in file: 66
  total atoms in file: 66
  Leap added 132 missing atoms according to residue templates:
  Leap added 132 missing atoms according to residue templates:
       132 H / lone pairs
       132 H / lone pairs
> complex = combine{com sol}
  Sequence: default_name
  Sequence: default_name
> alignaxes complex
> addions complex Cl- 0.0
1 Cl- ion required to neutralize.
1 Cl- ion required to neutralize.
Adding 1 counter ions to "complex" using 1A grid
Adding 1 counter ions to "complex" using 1A grid
Total solute charge:   1.00  Max atom radius:   2.00
Grid extends from solute vdw + 2.51  to  8.51
Grid extends from solute vdw + 2.51  to  8.51
Box:
   enclosing:  -30.28 -36.78 -32.27   28.69 43.05 33.07
   sized:			      97.72 91.22 95.73
   edge:        128.00
Resolution:      1.00 Angstrom.
Resolution:      1.00 Angstrom.
Tree depth: 7
grid build: 0 sec
grid build: 0 sec
Volume =  3.14% of box, grid points 65906
Solvent present: replacing closest with ion
Solvent present: replacing closest with ion
	 when steric overlaps occur
	 when steric overlaps occur
Calculating grid charges
Calculating grid charges
charges: 3 sec
charges: 3 sec
(No solvent overlap)
(No solvent overlap)
Placed Cl- in complex at (-10.28, 9.22, 9.73).
Placed Cl- in complex at (-10.28, 9.22, 9.73).

Done adding ions.

Done adding ions.
> addions complex Na+ 0.0
addIons: 1st Ion & target are the same charge:
addIons: 1st Ion & target are the same charge:
     can't neutralize.
     can't neutralize.
> solvatebox complex TIP3PBOX 14
  Solute vdw bounding box:              44.711 65.378 51.285
  Solute vdw bounding box:              44.711 65.378 51.285
  Total bounding box for atom centers:  72.711 93.378 79.285
  Total bounding box for atom centers:  72.711 93.378 79.285
  Solvent unit box:                     18.774 18.774 18.774
  Solvent unit box:                     18.774 18.774 18.774
The number of boxes:  x= 4  y= 5  z= 5
Adding box at: x=0  y=0  z=0
Center of solvent box is: 28.161524, 37.548698, 37.548698
Adding box at: x=0  y=0  z=1
Center of solvent box is: 28.161524, 37.548698, 18.774349
Adding box at: x=0  y=0  z=2
Center of solvent box is: 28.161524, 37.548698, 0.000000
Adding box at: x=0  y=0  z=3
Center of solvent box is: 28.161524, 37.548698, -18.774349
Adding box at: x=0  y=0  z=4
Center of solvent box is: 28.161524, 37.548698, -37.548698
Adding box at: x=0  y=1  z=0
Center of solvent box is: 28.161524, 18.774349, 37.548698
Adding box at: x=0  y=1  z=1
Center of solvent box is: 28.161524, 18.774349, 18.774349
Adding box at: x=0  y=1  z=2
Center of solvent box is: 28.161524, 18.774349, 0.000000
Adding box at: x=0  y=1  z=3
Center of solvent box is: 28.161524, 18.774349, -18.774349
Adding box at: x=0  y=1  z=4
Center of solvent box is: 28.161524, 18.774349, -37.548698
Adding box at: x=0  y=2  z=0
Center of solvent box is: 28.161524, 0.000000, 37.548698
Adding box at: x=0  y=2  z=1
Center of solvent box is: 28.161524, 0.000000, 18.774349
Adding box at: x=0  y=2  z=2
Center of solvent box is: 28.161524, 0.000000, 0.000000
Adding box at: x=0  y=2  z=3
Center of solvent box is: 28.161524, 0.000000, -18.774349
Adding box at: x=0  y=2  z=4
Center of solvent box is: 28.161524, 0.000000, -37.548698
Adding box at: x=0  y=3  z=0
Center of solvent box is: 28.161524, -18.774349, 37.548698
Adding box at: x=0  y=3  z=1
Center of solvent box is: 28.161524, -18.774349, 18.774349
Adding box at: x=0  y=3  z=2
Center of solvent box is: 28.161524, -18.774349, 0.000000
Adding box at: x=0  y=3  z=3
Center of solvent box is: 28.161524, -18.774349, -18.774349
Adding box at: x=0  y=3  z=4
Center of solvent box is: 28.161524, -18.774349, -37.548698
Adding box at: x=0  y=4  z=0
Center of solvent box is: 28.161524, -37.548698, 37.548698
Adding box at: x=0  y=4  z=1
Center of solvent box is: 28.161524, -37.548698, 18.774349
Adding box at: x=0  y=4  z=2
Center of solvent box is: 28.161524, -37.548698, 0.000000
Adding box at: x=0  y=4  z=3
Center of solvent box is: 28.161524, -37.548698, -18.774349
Adding box at: x=0  y=4  z=4
Center of solvent box is: 28.161524, -37.548698, -37.548698
Adding box at: x=1  y=0  z=0
Center of solvent box is: 9.387175, 37.548698, 37.548698
Adding box at: x=1  y=0  z=1
Center of solvent box is: 9.387175, 37.548698, 18.774349
Adding box at: x=1  y=0  z=2
Center of solvent box is: 9.387175, 37.548698, 0.000000
Adding box at: x=1  y=0  z=3
Center of solvent box is: 9.387175, 37.548698, -18.774349
Adding box at: x=1  y=0  z=4
Center of solvent box is: 9.387175, 37.548698, -37.548698
Adding box at: x=1  y=1  z=0
Center of solvent box is: 9.387175, 18.774349, 37.548698
Adding box at: x=1  y=1  z=1
Center of solvent box is: 9.387175, 18.774349, 18.774349
Adding box at: x=1  y=1  z=2
Center of solvent box is: 9.387175, 18.774349, 0.000000
Adding box at: x=1  y=1  z=3
Center of solvent box is: 9.387175, 18.774349, -18.774349
Adding box at: x=1  y=1  z=4
Center of solvent box is: 9.387175, 18.774349, -37.548698
Adding box at: x=1  y=2  z=0
Center of solvent box is: 9.387175, 0.000000, 37.548698
Adding box at: x=1  y=2  z=1
Center of solvent box is: 9.387175, 0.000000, 18.774349
Adding box at: x=1  y=2  z=2
Center of solvent box is: 9.387175, 0.000000, 0.000000
Adding box at: x=1  y=2  z=3
Center of solvent box is: 9.387175, 0.000000, -18.774349
Adding box at: x=1  y=2  z=4
Center of solvent box is: 9.387175, 0.000000, -37.548698
Adding box at: x=1  y=3  z=0
Center of solvent box is: 9.387175, -18.774349, 37.548698
Adding box at: x=1  y=3  z=1
Center of solvent box is: 9.387175, -18.774349, 18.774349
Adding box at: x=1  y=3  z=2
Center of solvent box is: 9.387175, -18.774349, 0.000000
Adding box at: x=1  y=3  z=3
Center of solvent box is: 9.387175, -18.774349, -18.774349
Adding box at: x=1  y=3  z=4
Center of solvent box is: 9.387175, -18.774349, -37.548698
Adding box at: x=1  y=4  z=0
Center of solvent box is: 9.387175, -37.548698, 37.548698
Adding box at: x=1  y=4  z=1
Center of solvent box is: 9.387175, -37.548698, 18.774349
Adding box at: x=1  y=4  z=2
Center of solvent box is: 9.387175, -37.548698, 0.000000
Adding box at: x=1  y=4  z=3
Center of solvent box is: 9.387175, -37.548698, -18.774349
Adding box at: x=1  y=4  z=4
Center of solvent box is: 9.387175, -37.548698, -37.548698
Adding box at: x=2  y=0  z=0
Center of solvent box is: -9.387175, 37.548698, 37.548698
Adding box at: x=2  y=0  z=1
Center of solvent box is: -9.387175, 37.548698, 18.774349
Adding box at: x=2  y=0  z=2
Center of solvent box is: -9.387175, 37.548698, 0.000000
Adding box at: x=2  y=0  z=3
Center of solvent box is: -9.387175, 37.548698, -18.774349
Adding box at: x=2  y=0  z=4
Center of solvent box is: -9.387175, 37.548698, -37.548698
Adding box at: x=2  y=1  z=0
Center of solvent box is: -9.387175, 18.774349, 37.548698
Adding box at: x=2  y=1  z=1
Center of solvent box is: -9.387175, 18.774349, 18.774349
Adding box at: x=2  y=1  z=2
Center of solvent box is: -9.387175, 18.774349, 0.000000
Adding box at: x=2  y=1  z=3
Center of solvent box is: -9.387175, 18.774349, -18.774349
Adding box at: x=2  y=1  z=4
Center of solvent box is: -9.387175, 18.774349, -37.548698
Adding box at: x=2  y=2  z=0
Center of solvent box is: -9.387175, 0.000000, 37.548698
Adding box at: x=2  y=2  z=1
Center of solvent box is: -9.387175, 0.000000, 18.774349
Adding box at: x=2  y=2  z=2
Center of solvent box is: -9.387175, 0.000000, 0.000000
Adding box at: x=2  y=2  z=3
Center of solvent box is: -9.387175, 0.000000, -18.774349
Adding box at: x=2  y=2  z=4
Center of solvent box is: -9.387175, 0.000000, -37.548698
Adding box at: x=2  y=3  z=0
Center of solvent box is: -9.387175, -18.774349, 37.548698
Adding box at: x=2  y=3  z=1
Center of solvent box is: -9.387175, -18.774349, 18.774349
Adding box at: x=2  y=3  z=2
Center of solvent box is: -9.387175, -18.774349, 0.000000
Adding box at: x=2  y=3  z=3
Center of solvent box is: -9.387175, -18.774349, -18.774349
Adding box at: x=2  y=3  z=4
Center of solvent box is: -9.387175, -18.774349, -37.548698
Adding box at: x=2  y=4  z=0
Center of solvent box is: -9.387175, -37.548698, 37.548698
Adding box at: x=2  y=4  z=1
Center of solvent box is: -9.387175, -37.548698, 18.774349
Adding box at: x=2  y=4  z=2
Center of solvent box is: -9.387175, -37.548698, 0.000000
Adding box at: x=2  y=4  z=3
Center of solvent box is: -9.387175, -37.548698, -18.774349
Adding box at: x=2  y=4  z=4
Center of solvent box is: -9.387175, -37.548698, -37.548698
Adding box at: x=3  y=0  z=0
Center of solvent box is: -28.161524, 37.548698, 37.548698
Adding box at: x=3  y=0  z=1
Center of solvent box is: -28.161524, 37.548698, 18.774349
Adding box at: x=3  y=0  z=2
Center of solvent box is: -28.161524, 37.548698, 0.000000
Adding box at: x=3  y=0  z=3
Center of solvent box is: -28.161524, 37.548698, -18.774349
Adding box at: x=3  y=0  z=4
Center of solvent box is: -28.161524, 37.548698, -37.548698
Adding box at: x=3  y=1  z=0
Center of solvent box is: -28.161524, 18.774349, 37.548698
Adding box at: x=3  y=1  z=1
Center of solvent box is: -28.161524, 18.774349, 18.774349
Adding box at: x=3  y=1  z=2
Center of solvent box is: -28.161524, 18.774349, 0.000000
Adding box at: x=3  y=1  z=3
Center of solvent box is: -28.161524, 18.774349, -18.774349
Adding box at: x=3  y=1  z=4
Center of solvent box is: -28.161524, 18.774349, -37.548698
Adding box at: x=3  y=2  z=0
Center of solvent box is: -28.161524, 0.000000, 37.548698
Adding box at: x=3  y=2  z=1
Center of solvent box is: -28.161524, 0.000000, 18.774349
Adding box at: x=3  y=2  z=2
Center of solvent box is: -28.161524, 0.000000, 0.000000
Adding box at: x=3  y=2  z=3
Center of solvent box is: -28.161524, 0.000000, -18.774349
Adding box at: x=3  y=2  z=4
Center of solvent box is: -28.161524, 0.000000, -37.548698
Adding box at: x=3  y=3  z=0
Center of solvent box is: -28.161524, -18.774349, 37.548698
Adding box at: x=3  y=3  z=1
Center of solvent box is: -28.161524, -18.774349, 18.774349
Adding box at: x=3  y=3  z=2
Center of solvent box is: -28.161524, -18.774349, 0.000000
Adding box at: x=3  y=3  z=3
Center of solvent box is: -28.161524, -18.774349, -18.774349
Adding box at: x=3  y=3  z=4
Center of solvent box is: -28.161524, -18.774349, -37.548698
Adding box at: x=3  y=4  z=0
Center of solvent box is: -28.161524, -37.548698, 37.548698
Adding box at: x=3  y=4  z=1
Center of solvent box is: -28.161524, -37.548698, 18.774349
Adding box at: x=3  y=4  z=2
Center of solvent box is: -28.161524, -37.548698, 0.000000
Adding box at: x=3  y=4  z=3
Center of solvent box is: -28.161524, -37.548698, -18.774349
Adding box at: x=3  y=4  z=4
Center of solvent box is: -28.161524, -37.548698, -37.548698
  Total vdw box size:                   75.516 96.666 82.178 angstroms.
  Total vdw box size:                   75.516 96.666 82.178 angstroms.
  Volume: 599886.347 A^3 
  Volume: 599886.347 A^3 
  Total mass 301477.752 amu,  Density 0.835 g/cc
  Total mass 301477.752 amu,  Density 0.835 g/cc
  Added 14823 residues.
  Added 14823 residues.
> savepdb complex complex.pdb
Writing pdb file: complex.pdb
Writing pdb file: complex.pdb
 Converting N-terminal residue name to PDB format: NGLU -> GLU
 Converting N-terminal residue name to PDB format: NGLU -> GLU
 Converting C-terminal residue name to PDB format: CASP -> ASP
 Converting C-terminal residue name to PDB format: CASP -> ASP
> saveamberparm complex complex.top complex.crd
Checking Unit.
Checking Unit.
Building topology.
Building topology.
Building atom parameters.
Building atom parameters.
Building bond parameters.
Building bond parameters.
Building angle parameters.
Building angle parameters.
Building proper torsion parameters.
Building proper torsion parameters.
Building improper torsion parameters.
Building improper torsion parameters.
 ** Warning: No sp2 improper torsion term for  C*-CN-CB-CA
        atoms are: CG CE2 CD2 CE3
 ** Warning: No sp2 improper torsion term for  NA-CA-CN-CB
        atoms are: NE1 CZ2 CE2 CD2
 ** Warning: No sp2 improper torsion term for  C*-CN-CB-CA
        atoms are: CG CE2 CD2 CE3
 ** Warning: No sp2 improper torsion term for  NA-CA-CN-CB
        atoms are: NE1 CZ2 CE2 CD2
 ** Warning: No sp2 improper torsion term for  C*-CN-CB-CA
        atoms are: CG CE2 CD2 CE3
 ** Warning: No sp2 improper torsion term for  NA-CA-CN-CB
        atoms are: NE1 CZ2 CE2 CD2
 ** Warning: No sp2 improper torsion term for  C*-CN-CB-CA
        atoms are: CG CE2 CD2 CE3
 ** Warning: No sp2 improper torsion term for  NA-CA-CN-CB
        atoms are: NE1 CZ2 CE2 CD2
 ** Warning: No sp2 improper torsion term for  C*-CN-CB-CA
        atoms are: CG CE2 CD2 CE3
 ** Warning: No sp2 improper torsion term for  NA-CA-CN-CB
        atoms are: NE1 CZ2 CE2 CD2
 ** Warning: No sp2 improper torsion term for  C*-CN-CB-CA
        atoms are: CG CE2 CD2 CE3
 ** Warning: No sp2 improper torsion term for  NA-CA-CN-CB
        atoms are: NE1 CZ2 CE2 CD2
old PREP-specified impropers:
old PREP-specified impropers:
 <AEE 985>:  CAS  CAI  CAX  CAJ 
 <AEE 985>:  CAS  CAI  CAX  CAJ 
 <AEE 985>:  CAX  CAK  CAI  HAI1
 <AEE 985>:  CAX  CAK  CAI  HAI1
 <AEE 985>:  CAI  CAY  CAK  HAK1
 <AEE 985>:  CAI  CAY  CAK  HAK1
 <AEE 985>:  CAX  CAL  CAJ  HAJ1
 <AEE 985>:  CAX  CAL  CAJ  HAJ1
 <AEE 985>:  CAJ  CAY  CAL  HAL1
 <AEE 985>:  CAJ  CAY  CAL  HAL1
 <AEE 985>:  CAK  CAL  CAY  CBA 
 <AEE 985>:  CAK  CAL  CAY  CBA 
 <AEE 985>:  CAY  CAM  CBA  NAW 
 <AEE 985>:  CAY  CAM  CBA  NAW 
 <AEE 985>:  C5   CBA  CAM  HAM1
 <AEE 985>:  C5   CBA  CAM  HAM1
 <AEE 985>:  C4   CBA  NAW  HAC 
 <AEE 985>:  C4   CBA  NAW  HAC 
 <AEE 985>:  C5   NAW  C4   N3  
 <AEE 985>:  C5   NAW  C4   N3  
 <AEE 985>:  H21  N3   C2   N1  
 <AEE 985>:  H21  N3   C2   N1  
 <AEE 985>:  C4   C6   C5   CAM 
 <AEE 985>:  C4   C6   C5   CAM 
 <AEE 985>:  C5   N1   C6   NAV 
 <AEE 985>:  C5   N1   C6   NAV 
 <AEE 985>:  CBE  C6   NAV  HAD 
 <AEE 985>:  CBE  C6   NAV  HAD 
 <AEE 985>:  CBE  CAG  CAZ  CAH 
 <AEE 985>:  CBE  CAG  CAZ  CAH 
 <AEE 985>:  CAZ  CAD  CAG  HAG1
 <AEE 985>:  CAZ  CAD  CAG  HAG1
 <AEE 985>:  CAG  CAC  CAD  HAD1
 <AEE 985>:  CAG  CAC  CAD  HAD1
 <AEE 985>:  CAD  CAE  CAC  HAC1
 <AEE 985>:  CAD  CAE  CAC  HAC1
 <AEE 985>:  CAC  CAH  CAE  HAE1
 <AEE 985>:  CAC  CAH  CAE  HAE1
 <AEE 985>:  CAZ  CAE  CAH  HAH1
 <AEE 985>:  CAZ  CAE  CAH  HAH1
 total 899 improper torsions applied
 total 899 improper torsions applied
 20 improper torsions in old prep form
 20 improper torsions in old prep form
Building H-Bond parameters.
Building H-Bond parameters.
Incorporating Non-Bonded adjustments.
Incorporating Non-Bonded adjustments.
Not Marking per-residue atom chain types.
Not Marking per-residue atom chain types.
Marking per-residue atom chain types.
Marking per-residue atom chain types.
  (Residues lacking connect0/connect1 - 
  (Residues lacking connect0/connect1 - 
   these don't have chain types marked:

   these don't have chain types marked:

	res	total affected

	res	total affected

	CASP	1
	CASP	1
	NGLU	1
	NGLU	1
	WAT	14889
	WAT	14889
  )
  )
 (no restraints)
 (no restraints)
> quit
	Quit
	Quit
