-I: Adding /home/dave/apps/amber14/dat/leap/prep to search path.
-I: Adding /home/dave/apps/amber14/dat/leap/lib to search path.
-I: Adding /home/dave/apps/amber14/dat/leap/parm to search path.
-I: Adding /home/dave/apps/amber14/dat/leap/cmd to search path.
-I: Adding /home/dave/tmp/bac-store/system_descriptions/default/ff_lib to search path.
-I: Adding /home/dave/apps/amber14/dat/mtkpp/ZAFF/201108/ to search path.
-s: Ignoring startup file: leaprc
-f: Source /home/dave/tmp/bac-store/default/egfr-a698g/com/drug/aee/2j6m-a698g/build/mmpbsa_leap.in.

Welcome to LEaP!
Sourcing: /home/dave/tmp/bac-store/default/egfr-a698g/com/drug/aee/2j6m-a698g/build/mmpbsa_leap.in
----- Source: /home/dave/apps/amber14/dat/leap/cmd/oldff/leaprc.ff99SBildn
----- Source of /home/dave/apps/amber14/dat/leap/cmd/oldff/leaprc.ff99SBildn done
Log file: ./leap.log
Loading parameters: /home/dave/apps/amber14/dat/leap/parm/parm99.dat
Reading title:
PARM99 for DNA,RNA,AA, organic molecules, TIP3P wat. Polariz.& LP incl.02/04/99
Loading parameters: /home/dave/apps/amber14/dat/leap/parm/frcmod.ff99SBildn
Reading force field modification type file (frcmod)
Reading title:
Modification/update of parm99.dat (Hornak & Simmerling) + ILDN corrections
Loading library: /home/dave/apps/amber14/dat/leap/lib/all_nucleic94.lib
Loading library: /home/dave/apps/amber14/dat/leap/lib/all_amino94ildn.lib
Loading library: /home/dave/apps/amber14/dat/leap/lib/all_aminoct94ildn.lib
Loading library: /home/dave/apps/amber14/dat/leap/lib/all_aminont94ildn.lib
Loading library: /home/dave/apps/amber14/dat/leap/lib/ions94.lib
Loading library: /home/dave/apps/amber14/dat/leap/lib/solvents.lib
----- Source: /home/dave/apps/amber14/dat/leap/cmd/leaprc.gaff
----- Source of /home/dave/apps/amber14/dat/leap/cmd/leaprc.gaff done
Log file: ./leap.log
Loading parameters: /home/dave/apps/amber14/dat/leap/parm/gaff.dat
Reading title:
AMBER General Force Field for organic molecules (Version 1.7, Nov 2013)
Loading library: /home/dave/apps/amber14/dat/leap/lib/atomic_ions.lib
Loading parameters: /home/dave/apps/amber14/dat/leap/parm/frcmod.ions1lsm_hfe_tip3p
Reading force field modification type file (frcmod)
Reading title:
Monovalent ion parameters(HFE set) for Particle Mesh Ewald and TIP3P water model from Li, Song and Merz (JCTC, 2015, 11, 1645-1657)
Loading parameters: /home/dave/apps/amber14/dat/leap/parm/frcmod.ionslrcm_hfe_tip3p
Reading force field modification type file (frcmod)
Reading title:
Divalent ion parameters(HFE set) for Particle Mesh Ewald and TIP3P water model from Li, Roberts, Chakravorty and Merz (JCTC 2013, 9, 2733-2748) 
Loading Prep file: /home/dave/apps/amber14/dat/mtkpp/ZAFF/201108//ZAFF.prep
Loading parameters: /home/dave/apps/amber14/dat/mtkpp/ZAFF/201108//ZAFF.frcmod
Reading force field modification type file (frcmod)
Reading title:
ZAFF parameter set created by MTK++/MCPB 
Loading parameters: /home/dave/tmp/bac-store/system_descriptions/default/drugs_par/egfr/resp/aee/aee.frcmod
Reading force field modification type file (frcmod)
Reading title:
remark goes here
Loading Prep file: /home/dave/tmp/bac-store/system_descriptions/default/drugs_par/egfr/resp/aee/aee.prep
Loading PDB file: /home/dave/tmp/bac-store/default/egfr-a698g/com/drug/aee/2j6m-a698g/build/lig.pdb
  total atoms in file: 65
Checking Unit.
Building topology.
Building atom parameters.
Building bond parameters.
Building angle parameters.
Building proper torsion parameters.
Building improper torsion parameters.
old PREP-specified impropers:
 <AEE 289>:  CAS  CAI  CAX  CAJ 
 <AEE 289>:  CAX  CAK  CAI  HAI1
 <AEE 289>:  CAI  CAY  CAK  HAK1
 <AEE 289>:  CAX  CAL  CAJ  HAJ1
 <AEE 289>:  CAJ  CAY  CAL  HAL1
 <AEE 289>:  CAK  CAL  CAY  CBA 
 <AEE 289>:  CAY  CAM  CBA  NAW 
 <AEE 289>:  C5   CBA  CAM  HAM1
 <AEE 289>:  C4   CBA  NAW  HAC 
 <AEE 289>:  C5   NAW  C4   N3  
 <AEE 289>:  H21  N3   C2   N1  
 <AEE 289>:  C4   C6   C5   CAM 
 <AEE 289>:  C5   N1   C6   NAV 
 <AEE 289>:  CBE  C6   NAV  HAD 
 <AEE 289>:  CBE  CAG  CAZ  CAH 
 <AEE 289>:  CAZ  CAD  CAG  HAG1
 <AEE 289>:  CAG  CAC  CAD  HAD1
 <AEE 289>:  CAD  CAE  CAC  HAC1
 <AEE 289>:  CAC  CAH  CAE  HAE1
 <AEE 289>:  CAZ  CAE  CAH  HAH1
 total 20 improper torsions applied
 20 improper torsions in old prep form
Building H-Bond parameters.
Incorporating Non-Bonded adjustments.
Not Marking per-residue atom chain types.
Marking per-residue atom chain types.
 (no restraints)
Loading PDB file: /home/dave/tmp/bac-store/default/egfr-a698g/com/drug/aee/2j6m-a698g/build/rec.pdb
  total atoms in file: 4661
Checking Unit.
WARNING: The unperturbed charge of the unit: 1.000000 is not zero.

 -- ignoring the warning.

Building topology.
Building atom parameters.
Building bond parameters.
Building angle parameters.
Building proper torsion parameters.
Building improper torsion parameters.
 total 879 improper torsions applied
Building H-Bond parameters.
Incorporating Non-Bonded adjustments.
Not Marking per-residue atom chain types.
Marking per-residue atom chain types.
  (Residues lacking connect0/connect1 - 
   these don't have chain types marked:

	res	total affected

	CASP	1
	NGLU	1
  )
 (no restraints)
Loading PDB file: /home/dave/tmp/bac-store/default/egfr-a698g/com/drug/aee/2j6m-a698g/build/com.pdb
  total atoms in file: 4726
Checking Unit.
WARNING: The unperturbed charge of the unit: 1.000020 is not zero.

 -- ignoring the warning.

Building topology.
Building atom parameters.
Building bond parameters.
Building angle parameters.
Building proper torsion parameters.
Building improper torsion parameters.
old PREP-specified impropers:
 <AEE 289>:  CAS  CAI  CAX  CAJ 
 <AEE 289>:  CAX  CAK  CAI  HAI1
 <AEE 289>:  CAI  CAY  CAK  HAK1
 <AEE 289>:  CAX  CAL  CAJ  HAJ1
 <AEE 289>:  CAJ  CAY  CAL  HAL1
 <AEE 289>:  CAK  CAL  CAY  CBA 
 <AEE 289>:  CAY  CAM  CBA  NAW 
 <AEE 289>:  C5   CBA  CAM  HAM1
 <AEE 289>:  C4   CBA  NAW  HAC 
 <AEE 289>:  C5   NAW  C4   N3  
 <AEE 289>:  H21  N3   C2   N1  
 <AEE 289>:  C4   C6   C5   CAM 
 <AEE 289>:  C5   N1   C6   NAV 
 <AEE 289>:  CBE  C6   NAV  HAD 
 <AEE 289>:  CBE  CAG  CAZ  CAH 
 <AEE 289>:  CAZ  CAD  CAG  HAG1
 <AEE 289>:  CAG  CAC  CAD  HAD1
 <AEE 289>:  CAD  CAE  CAC  HAC1
 <AEE 289>:  CAC  CAH  CAE  HAE1
 <AEE 289>:  CAZ  CAE  CAH  HAH1
 total 899 improper torsions applied
 20 improper torsions in old prep form
Building H-Bond parameters.
Incorporating Non-Bonded adjustments.
Not Marking per-residue atom chain types.
Marking per-residue atom chain types.
  (Residues lacking connect0/connect1 - 
   these don't have chain types marked:

	res	total affected

	CASP	1
	NGLU	1
  )
 (no restraints)
	Quit
-I: Adding /home/dave/apps/amber14/dat/leap/prep to search path.
-I: Adding /home/dave/apps/amber14/dat/leap/lib to search path.
-I: Adding /home/dave/apps/amber14/dat/leap/parm to search path.
-I: Adding /home/dave/apps/amber14/dat/leap/cmd to search path.
-I: Adding /home/dave/tmp/bac-store/system_descriptions/default/ff_lib to search path.
-I: Adding /home/dave/apps/amber14/dat/mtkpp/ZAFF/201108/ to search path.
-s: Ignoring startup file: leaprc
-f: Source /home/dave/tmp/bac-store/default/egfr-a698g/com/drug/aee/2j6m-a698g/build/mmpbsa_leap.in.

Welcome to LEaP!
Sourcing: /home/dave/tmp/bac-store/default/egfr-a698g/com/drug/aee/2j6m-a698g/build/mmpbsa_leap.in
----- Source: /home/dave/apps/amber14/dat/leap/cmd/oldff/leaprc.ff99SBildn
----- Source of /home/dave/apps/amber14/dat/leap/cmd/oldff/leaprc.ff99SBildn done
Log file: ./leap.log
Loading parameters: /home/dave/apps/amber14/dat/leap/parm/parm99.dat
Reading title:
PARM99 for DNA,RNA,AA, organic molecules, TIP3P wat. Polariz.& LP incl.02/04/99
Loading parameters: /home/dave/apps/amber14/dat/leap/parm/frcmod.ff99SBildn
Reading force field modification type file (frcmod)
Reading title:
Modification/update of parm99.dat (Hornak & Simmerling) + ILDN corrections
Loading library: /home/dave/apps/amber14/dat/leap/lib/all_nucleic94.lib
Loading library: /home/dave/apps/amber14/dat/leap/lib/all_amino94ildn.lib
Loading library: /home/dave/apps/amber14/dat/leap/lib/all_aminoct94ildn.lib
Loading library: /home/dave/apps/amber14/dat/leap/lib/all_aminont94ildn.lib
Loading library: /home/dave/apps/amber14/dat/leap/lib/ions94.lib
Loading library: /home/dave/apps/amber14/dat/leap/lib/solvents.lib
----- Source: /home/dave/apps/amber14/dat/leap/cmd/leaprc.gaff
----- Source of /home/dave/apps/amber14/dat/leap/cmd/leaprc.gaff done
Log file: ./leap.log
Loading parameters: /home/dave/apps/amber14/dat/leap/parm/gaff.dat
Reading title:
AMBER General Force Field for organic molecules (Version 1.7, Nov 2013)
Loading library: /home/dave/apps/amber14/dat/leap/lib/atomic_ions.lib
Loading parameters: /home/dave/apps/amber14/dat/leap/parm/frcmod.ions1lsm_hfe_tip3p
Reading force field modification type file (frcmod)
Reading title:
Monovalent ion parameters(HFE set) for Particle Mesh Ewald and TIP3P water model from Li, Song and Merz (JCTC, 2015, 11, 1645-1657)
Loading parameters: /home/dave/apps/amber14/dat/leap/parm/frcmod.ionslrcm_hfe_tip3p
Reading force field modification type file (frcmod)
Reading title:
Divalent ion parameters(HFE set) for Particle Mesh Ewald and TIP3P water model from Li, Roberts, Chakravorty and Merz (JCTC 2013, 9, 2733-2748) 
Loading Prep file: /home/dave/apps/amber14/dat/mtkpp/ZAFF/201108//ZAFF.prep
Loading parameters: /home/dave/apps/amber14/dat/mtkpp/ZAFF/201108//ZAFF.frcmod
Reading force field modification type file (frcmod)
Reading title:
ZAFF parameter set created by MTK++/MCPB 
Loading parameters: /home/dave/tmp/bac-store/system_descriptions/default/drugs_par/egfr/resp/aee/aee.frcmod
Reading force field modification type file (frcmod)
Reading title:
remark goes here
Loading Prep file: /home/dave/tmp/bac-store/system_descriptions/default/drugs_par/egfr/resp/aee/aee.prep
Loading PDB file: /home/dave/tmp/bac-store/default/egfr-a698g/com/drug/aee/2j6m-a698g/build/lig.pdb
  total atoms in file: 65
Checking Unit.
Building topology.
Building atom parameters.
Building bond parameters.
Building angle parameters.
Building proper torsion parameters.
Building improper torsion parameters.
old PREP-specified impropers:
 <AEE 289>:  CAS  CAI  CAX  CAJ 
 <AEE 289>:  CAX  CAK  CAI  HAI1
 <AEE 289>:  CAI  CAY  CAK  HAK1
 <AEE 289>:  CAX  CAL  CAJ  HAJ1
 <AEE 289>:  CAJ  CAY  CAL  HAL1
 <AEE 289>:  CAK  CAL  CAY  CBA 
 <AEE 289>:  CAY  CAM  CBA  NAW 
 <AEE 289>:  C5   CBA  CAM  HAM1
 <AEE 289>:  C4   CBA  NAW  HAC 
 <AEE 289>:  C5   NAW  C4   N3  
 <AEE 289>:  H21  N3   C2   N1  
 <AEE 289>:  C4   C6   C5   CAM 
 <AEE 289>:  C5   N1   C6   NAV 
 <AEE 289>:  CBE  C6   NAV  HAD 
 <AEE 289>:  CBE  CAG  CAZ  CAH 
 <AEE 289>:  CAZ  CAD  CAG  HAG1
 <AEE 289>:  CAG  CAC  CAD  HAD1
 <AEE 289>:  CAD  CAE  CAC  HAC1
 <AEE 289>:  CAC  CAH  CAE  HAE1
 <AEE 289>:  CAZ  CAE  CAH  HAH1
 total 20 improper torsions applied
 20 improper torsions in old prep form
Building H-Bond parameters.
Incorporating Non-Bonded adjustments.
Not Marking per-residue atom chain types.
Marking per-residue atom chain types.
 (no restraints)
Loading PDB file: /home/dave/tmp/bac-store/default/egfr-a698g/com/drug/aee/2j6m-a698g/build/rec.pdb
  total atoms in file: 4661
Checking Unit.
WARNING: The unperturbed charge of the unit: 1.000000 is not zero.

 -- ignoring the warning.

Building topology.
Building atom parameters.
Building bond parameters.
Building angle parameters.
Building proper torsion parameters.
Building improper torsion parameters.
 total 879 improper torsions applied
Building H-Bond parameters.
Incorporating Non-Bonded adjustments.
Not Marking per-residue atom chain types.
Marking per-residue atom chain types.
  (Residues lacking connect0/connect1 - 
   these don't have chain types marked:

	res	total affected

	CASP	1
	NGLU	1
  )
 (no restraints)
Loading PDB file: /home/dave/tmp/bac-store/default/egfr-a698g/com/drug/aee/2j6m-a698g/build/com.pdb
  total atoms in file: 4726
Checking Unit.
WARNING: The unperturbed charge of the unit: 1.000020 is not zero.

 -- ignoring the warning.

Building topology.
Building atom parameters.
Building bond parameters.
Building angle parameters.
Building proper torsion parameters.
Building improper torsion parameters.
old PREP-specified impropers:
 <AEE 289>:  CAS  CAI  CAX  CAJ 
 <AEE 289>:  CAX  CAK  CAI  HAI1
 <AEE 289>:  CAI  CAY  CAK  HAK1
 <AEE 289>:  CAX  CAL  CAJ  HAJ1
 <AEE 289>:  CAJ  CAY  CAL  HAL1
 <AEE 289>:  CAK  CAL  CAY  CBA 
 <AEE 289>:  CAY  CAM  CBA  NAW 
 <AEE 289>:  C5   CBA  CAM  HAM1
 <AEE 289>:  C4   CBA  NAW  HAC 
 <AEE 289>:  C5   NAW  C4   N3  
 <AEE 289>:  H21  N3   C2   N1  
 <AEE 289>:  C4   C6   C5   CAM 
 <AEE 289>:  C5   N1   C6   NAV 
 <AEE 289>:  CBE  C6   NAV  HAD 
 <AEE 289>:  CBE  CAG  CAZ  CAH 
 <AEE 289>:  CAZ  CAD  CAG  HAG1
 <AEE 289>:  CAG  CAC  CAD  HAD1
 <AEE 289>:  CAD  CAE  CAC  HAC1
 <AEE 289>:  CAC  CAH  CAE  HAE1
 <AEE 289>:  CAZ  CAE  CAH  HAH1
 total 899 improper torsions applied
 20 improper torsions in old prep form
Building H-Bond parameters.
Incorporating Non-Bonded adjustments.
Not Marking per-residue atom chain types.
Marking per-residue atom chain types.
  (Residues lacking connect0/connect1 - 
   these don't have chain types marked:

	res	total affected

	CASP	1
	NGLU	1
  )
 (no restraints)
	Quit
